Building DAG of jobs...
Using shell: /usr/bin/bash
Provided cores: 2
Rules claiming more threads will be scaled down.
Job stats:
job                          count
-------------------------  -------
delete_filtered_annot_vcf        1
make_SNP_plot                    1
total                            2

Select jobs to execute...
Execute 1 jobs...

[Mon Sep 23 10:35:50 2024]
localrule make_SNP_plot:
    input: /n/zanderson/SNP-plot-snake-testing/filtered-annotated-VCFs/file_list.txt
    output: /n/zanderson/SNP-plot-snake-testing/SNP-Plots/HYDIN-SNP-PLOT.svg
    jobid: 1
    reason: Missing output files: /n/zanderson/SNP-plot-snake-testing/SNP-Plots/HYDIN-SNP-PLOT.svg
    resources: tmpdir=/tmp

Activating conda environment: Rtools-1.1
[Mon Sep 23 10:36:05 2024]
Finished job 1.
1 of 2 steps (50%) done
Select jobs to execute...
Execute 1 jobs...

[Mon Sep 23 10:36:05 2024]
localrule delete_filtered_annot_vcf:
    input: /n/zanderson/SNP-plot-snake-testing/SNP-Plots/HYDIN-SNP-PLOT.svg
    output: deletion_done.flag
    jobid: 0
    reason: Missing output files: deletion_done.flag; Input files updated by another job: /n/zanderson/SNP-plot-snake-testing/SNP-Plots/HYDIN-SNP-PLOT.svg
    resources: tmpdir=/tmp

[Mon Sep 23 10:36:05 2024]
Finished job 0.
2 of 2 steps (100%) done
Complete log: .snakemake/log/2024-09-23T103546.688216.snakemake.log
