Building DAG of jobs...
shared_storage_local_copies: True
remote_exec: False
Using shell: /usr/bin/bash
Provided cores: 10
Rules claiming more threads will be scaled down.
Job stats:
job                    count
-------------------  -------
all                        1
bcftools_view              5
get_plot_files_rule        1
make_SNP_plot              1
vcf_annotate               5
vcf_filter                 5
total                     18

Resources before job selection: {'_cores': 10, '_nodes': 9223372036854775807}
Ready jobs (5)
Select jobs to execute...
Selected jobs (5)
Resources after job selection: {'_cores': 5, '_nodes': 9223372036854775802}
Execute 5 jobs...

[Tue Sep  3 10:44:35 2024]
localrule bcftools_view:
    input: /n/1000g/align-card-2.24-hg38/FIRST_100/HG03563-ONT-hg38-R9-LSK110-guppy-sup-5mC/HG03563-ONT-hg38-R9-LSK110-guppy-sup-5mC.PMDV_FINAL.phased.vcf.gz, /n/1000g/align-card-2.24-hg38/FIRST_100/HG04216-ONT-hg38-R9-LSK110-guppy-sup-5mC/HG04216-ONT-hg38-R9-LSK110-guppy-sup-5mC.PMDV_FINAL.phased.vcf.gz, /n/1000g/align-card-2.24-hg38/FIRST_100/HG02282-ONT-hg38-R9-LSK110-guppy-sup-5mC/HG02282-ONT-hg38-R9-LSK110-guppy-sup-5mC.PMDV_FINAL.phased.vcf.gz, /n/1000g/align-card-2.24-hg38/FIRST_100/HG00706-ONT-hg38-R9-LSK110-guppy-sup-5mC/HG00706-ONT-hg38-R9-LSK110-guppy-sup-5mC.PMDV_FINAL.phased.vcf.gz, /n/1000g/align-card-2.24-hg38/FIRST_100/HG00599-ONT-hg38-R9-LSK110-guppy-sup-5hmc_5mc_cg/HG00599-ONT-hg38-R9-LSK110-guppy-sup-5hmc_5mc_cg.PMDV_FINAL.phased.vcf.gz
    output: /n/zanderson/SNP-plot-snake-testing/parsed-VCFs/HG00599-ONT-hg38-R9-LSK110-guppy-sup-5hmc_5mc_cg.PMDV_FINAL_parsed.vcf.gz
    jobid: 17
    reason: Missing output files: /n/zanderson/SNP-plot-snake-testing/parsed-VCFs/HG00599-ONT-hg38-R9-LSK110-guppy-sup-5hmc_5mc_cg.PMDV_FINAL_parsed.vcf.gz
    wildcards: sample=HG00599-ONT-hg38-R9-LSK110-guppy-sup-5hmc_5mc_cg
    resources: tmpdir=/tmp


           bcftools view -R /n/zanderson/SNP-plot-snake-testing/config/gene_coordinates.txt /n/1000g/align-card-2.24-hg38/FIRST_100/HG03563-ONT-hg38-R9-LSK110-guppy-sup-5mC/HG03563-ONT-hg38-R9-LSK110-guppy-sup-5mC.PMDV_FINAL.phased.vcf.gz /n/1000g/align-card-2.24-hg38/FIRST_100/HG04216-ONT-hg38-R9-LSK110-guppy-sup-5mC/HG04216-ONT-hg38-R9-LSK110-guppy-sup-5mC.PMDV_FINAL.phased.vcf.gz /n/1000g/align-card-2.24-hg38/FIRST_100/HG02282-ONT-hg38-R9-LSK110-guppy-sup-5mC/HG02282-ONT-hg38-R9-LSK110-guppy-sup-5mC.PMDV_FINAL.phased.vcf.gz /n/1000g/align-card-2.24-hg38/FIRST_100/HG00706-ONT-hg38-R9-LSK110-guppy-sup-5mC/HG00706-ONT-hg38-R9-LSK110-guppy-sup-5mC.PMDV_FINAL.phased.vcf.gz /n/1000g/align-card-2.24-hg38/FIRST_100/HG00599-ONT-hg38-R9-LSK110-guppy-sup-5hmc_5mc_cg/HG00599-ONT-hg38-R9-LSK110-guppy-sup-5hmc_5mc_cg.PMDV_FINAL.phased.vcf.gz > /n/zanderson/SNP-plot-snake-testing/parsed-VCFs/HG00599-ONT-hg38-R9-LSK110-guppy-sup-5hmc_5mc_cg.PMDV_FINAL_parsed.vcf.gz
           bgzip /n/zanderson/SNP-plot-snake-testing/parsed-VCFs/HG00599-ONT-hg38-R9-LSK110-guppy-sup-5hmc_5mc_cg.PMDV_FINAL_parsed.vcf.gz 
           bcftools index /n/zanderson/SNP-plot-snake-testing/parsed-VCFs/HG00599-ONT-hg38-R9-LSK110-guppy-sup-5hmc_5mc_cg.PMDV_FINAL_parsed.vcf.gz
        
Activating conda environment: bcftools-1.19

[Tue Sep  3 10:44:35 2024]
localrule bcftools_view:
    input: /n/1000g/align-card-2.24-hg38/FIRST_100/HG03563-ONT-hg38-R9-LSK110-guppy-sup-5mC/HG03563-ONT-hg38-R9-LSK110-guppy-sup-5mC.PMDV_FINAL.phased.vcf.gz, /n/1000g/align-card-2.24-hg38/FIRST_100/HG04216-ONT-hg38-R9-LSK110-guppy-sup-5mC/HG04216-ONT-hg38-R9-LSK110-guppy-sup-5mC.PMDV_FINAL.phased.vcf.gz, /n/1000g/align-card-2.24-hg38/FIRST_100/HG02282-ONT-hg38-R9-LSK110-guppy-sup-5mC/HG02282-ONT-hg38-R9-LSK110-guppy-sup-5mC.PMDV_FINAL.phased.vcf.gz, /n/1000g/align-card-2.24-hg38/FIRST_100/HG00706-ONT-hg38-R9-LSK110-guppy-sup-5mC/HG00706-ONT-hg38-R9-LSK110-guppy-sup-5mC.PMDV_FINAL.phased.vcf.gz, /n/1000g/align-card-2.24-hg38/FIRST_100/HG00599-ONT-hg38-R9-LSK110-guppy-sup-5hmc_5mc_cg/HG00599-ONT-hg38-R9-LSK110-guppy-sup-5hmc_5mc_cg.PMDV_FINAL.phased.vcf.gz
    output: /n/zanderson/SNP-plot-snake-testing/parsed-VCFs/HG03563-ONT-hg38-R9-LSK110-guppy-sup-5mC.PMDV_FINAL_parsed.vcf.gz
    jobid: 5
    reason: Missing output files: /n/zanderson/SNP-plot-snake-testing/parsed-VCFs/HG03563-ONT-hg38-R9-LSK110-guppy-sup-5mC.PMDV_FINAL_parsed.vcf.gz
    wildcards: sample=HG03563-ONT-hg38-R9-LSK110-guppy-sup-5mC
    resources: tmpdir=/tmp


           bcftools view -R /n/zanderson/SNP-plot-snake-testing/config/gene_coordinates.txt /n/1000g/align-card-2.24-hg38/FIRST_100/HG03563-ONT-hg38-R9-LSK110-guppy-sup-5mC/HG03563-ONT-hg38-R9-LSK110-guppy-sup-5mC.PMDV_FINAL.phased.vcf.gz /n/1000g/align-card-2.24-hg38/FIRST_100/HG04216-ONT-hg38-R9-LSK110-guppy-sup-5mC/HG04216-ONT-hg38-R9-LSK110-guppy-sup-5mC.PMDV_FINAL.phased.vcf.gz /n/1000g/align-card-2.24-hg38/FIRST_100/HG02282-ONT-hg38-R9-LSK110-guppy-sup-5mC/HG02282-ONT-hg38-R9-LSK110-guppy-sup-5mC.PMDV_FINAL.phased.vcf.gz /n/1000g/align-card-2.24-hg38/FIRST_100/HG00706-ONT-hg38-R9-LSK110-guppy-sup-5mC/HG00706-ONT-hg38-R9-LSK110-guppy-sup-5mC.PMDV_FINAL.phased.vcf.gz /n/1000g/align-card-2.24-hg38/FIRST_100/HG00599-ONT-hg38-R9-LSK110-guppy-sup-5hmc_5mc_cg/HG00599-ONT-hg38-R9-LSK110-guppy-sup-5hmc_5mc_cg.PMDV_FINAL.phased.vcf.gz > /n/zanderson/SNP-plot-snake-testing/parsed-VCFs/HG03563-ONT-hg38-R9-LSK110-guppy-sup-5mC.PMDV_FINAL_parsed.vcf.gz
           bgzip /n/zanderson/SNP-plot-snake-testing/parsed-VCFs/HG03563-ONT-hg38-R9-LSK110-guppy-sup-5mC.PMDV_FINAL_parsed.vcf.gz 
           bcftools index /n/zanderson/SNP-plot-snake-testing/parsed-VCFs/HG03563-ONT-hg38-R9-LSK110-guppy-sup-5mC.PMDV_FINAL_parsed.vcf.gz
        
Activating conda environment: bcftools-1.19

[Tue Sep  3 10:44:35 2024]
localrule bcftools_view:
    input: /n/1000g/align-card-2.24-hg38/FIRST_100/HG03563-ONT-hg38-R9-LSK110-guppy-sup-5mC/HG03563-ONT-hg38-R9-LSK110-guppy-sup-5mC.PMDV_FINAL.phased.vcf.gz, /n/1000g/align-card-2.24-hg38/FIRST_100/HG04216-ONT-hg38-R9-LSK110-guppy-sup-5mC/HG04216-ONT-hg38-R9-LSK110-guppy-sup-5mC.PMDV_FINAL.phased.vcf.gz, /n/1000g/align-card-2.24-hg38/FIRST_100/HG02282-ONT-hg38-R9-LSK110-guppy-sup-5mC/HG02282-ONT-hg38-R9-LSK110-guppy-sup-5mC.PMDV_FINAL.phased.vcf.gz, /n/1000g/align-card-2.24-hg38/FIRST_100/HG00706-ONT-hg38-R9-LSK110-guppy-sup-5mC/HG00706-ONT-hg38-R9-LSK110-guppy-sup-5mC.PMDV_FINAL.phased.vcf.gz, /n/1000g/align-card-2.24-hg38/FIRST_100/HG00599-ONT-hg38-R9-LSK110-guppy-sup-5hmc_5mc_cg/HG00599-ONT-hg38-R9-LSK110-guppy-sup-5hmc_5mc_cg.PMDV_FINAL.phased.vcf.gz
    output: /n/zanderson/SNP-plot-snake-testing/parsed-VCFs/HG04216-ONT-hg38-R9-LSK110-guppy-sup-5mC.PMDV_FINAL_parsed.vcf.gz
    jobid: 8
    reason: Missing output files: /n/zanderson/SNP-plot-snake-testing/parsed-VCFs/HG04216-ONT-hg38-R9-LSK110-guppy-sup-5mC.PMDV_FINAL_parsed.vcf.gz
    wildcards: sample=HG04216-ONT-hg38-R9-LSK110-guppy-sup-5mC
    resources: tmpdir=/tmp


           bcftools view -R /n/zanderson/SNP-plot-snake-testing/config/gene_coordinates.txt /n/1000g/align-card-2.24-hg38/FIRST_100/HG03563-ONT-hg38-R9-LSK110-guppy-sup-5mC/HG03563-ONT-hg38-R9-LSK110-guppy-sup-5mC.PMDV_FINAL.phased.vcf.gz /n/1000g/align-card-2.24-hg38/FIRST_100/HG04216-ONT-hg38-R9-LSK110-guppy-sup-5mC/HG04216-ONT-hg38-R9-LSK110-guppy-sup-5mC.PMDV_FINAL.phased.vcf.gz /n/1000g/align-card-2.24-hg38/FIRST_100/HG02282-ONT-hg38-R9-LSK110-guppy-sup-5mC/HG02282-ONT-hg38-R9-LSK110-guppy-sup-5mC.PMDV_FINAL.phased.vcf.gz /n/1000g/align-card-2.24-hg38/FIRST_100/HG00706-ONT-hg38-R9-LSK110-guppy-sup-5mC/HG00706-ONT-hg38-R9-LSK110-guppy-sup-5mC.PMDV_FINAL.phased.vcf.gz /n/1000g/align-card-2.24-hg38/FIRST_100/HG00599-ONT-hg38-R9-LSK110-guppy-sup-5hmc_5mc_cg/HG00599-ONT-hg38-R9-LSK110-guppy-sup-5hmc_5mc_cg.PMDV_FINAL.phased.vcf.gz > /n/zanderson/SNP-plot-snake-testing/parsed-VCFs/HG04216-ONT-hg38-R9-LSK110-guppy-sup-5mC.PMDV_FINAL_parsed.vcf.gz
           bgzip /n/zanderson/SNP-plot-snake-testing/parsed-VCFs/HG04216-ONT-hg38-R9-LSK110-guppy-sup-5mC.PMDV_FINAL_parsed.vcf.gz 
           bcftools index /n/zanderson/SNP-plot-snake-testing/parsed-VCFs/HG04216-ONT-hg38-R9-LSK110-guppy-sup-5mC.PMDV_FINAL_parsed.vcf.gz
        
Activating conda environment: bcftools-1.19

[Tue Sep  3 10:44:35 2024]
localrule bcftools_view:
    input: /n/1000g/align-card-2.24-hg38/FIRST_100/HG03563-ONT-hg38-R9-LSK110-guppy-sup-5mC/HG03563-ONT-hg38-R9-LSK110-guppy-sup-5mC.PMDV_FINAL.phased.vcf.gz, /n/1000g/align-card-2.24-hg38/FIRST_100/HG04216-ONT-hg38-R9-LSK110-guppy-sup-5mC/HG04216-ONT-hg38-R9-LSK110-guppy-sup-5mC.PMDV_FINAL.phased.vcf.gz, /n/1000g/align-card-2.24-hg38/FIRST_100/HG02282-ONT-hg38-R9-LSK110-guppy-sup-5mC/HG02282-ONT-hg38-R9-LSK110-guppy-sup-5mC.PMDV_FINAL.phased.vcf.gz, /n/1000g/align-card-2.24-hg38/FIRST_100/HG00706-ONT-hg38-R9-LSK110-guppy-sup-5mC/HG00706-ONT-hg38-R9-LSK110-guppy-sup-5mC.PMDV_FINAL.phased.vcf.gz, /n/1000g/align-card-2.24-hg38/FIRST_100/HG00599-ONT-hg38-R9-LSK110-guppy-sup-5hmc_5mc_cg/HG00599-ONT-hg38-R9-LSK110-guppy-sup-5hmc_5mc_cg.PMDV_FINAL.phased.vcf.gz
    output: /n/zanderson/SNP-plot-snake-testing/parsed-VCFs/HG02282-ONT-hg38-R9-LSK110-guppy-sup-5mC.PMDV_FINAL_parsed.vcf.gz
    jobid: 11
    reason: Missing output files: /n/zanderson/SNP-plot-snake-testing/parsed-VCFs/HG02282-ONT-hg38-R9-LSK110-guppy-sup-5mC.PMDV_FINAL_parsed.vcf.gz
    wildcards: sample=HG02282-ONT-hg38-R9-LSK110-guppy-sup-5mC
    resources: tmpdir=/tmp


           bcftools view -R /n/zanderson/SNP-plot-snake-testing/config/gene_coordinates.txt /n/1000g/align-card-2.24-hg38/FIRST_100/HG03563-ONT-hg38-R9-LSK110-guppy-sup-5mC/HG03563-ONT-hg38-R9-LSK110-guppy-sup-5mC.PMDV_FINAL.phased.vcf.gz /n/1000g/align-card-2.24-hg38/FIRST_100/HG04216-ONT-hg38-R9-LSK110-guppy-sup-5mC/HG04216-ONT-hg38-R9-LSK110-guppy-sup-5mC.PMDV_FINAL.phased.vcf.gz /n/1000g/align-card-2.24-hg38/FIRST_100/HG02282-ONT-hg38-R9-LSK110-guppy-sup-5mC/HG02282-ONT-hg38-R9-LSK110-guppy-sup-5mC.PMDV_FINAL.phased.vcf.gz /n/1000g/align-card-2.24-hg38/FIRST_100/HG00706-ONT-hg38-R9-LSK110-guppy-sup-5mC/HG00706-ONT-hg38-R9-LSK110-guppy-sup-5mC.PMDV_FINAL.phased.vcf.gz /n/1000g/align-card-2.24-hg38/FIRST_100/HG00599-ONT-hg38-R9-LSK110-guppy-sup-5hmc_5mc_cg/HG00599-ONT-hg38-R9-LSK110-guppy-sup-5hmc_5mc_cg.PMDV_FINAL.phased.vcf.gz > /n/zanderson/SNP-plot-snake-testing/parsed-VCFs/HG02282-ONT-hg38-R9-LSK110-guppy-sup-5mC.PMDV_FINAL_parsed.vcf.gz
           bgzip /n/zanderson/SNP-plot-snake-testing/parsed-VCFs/HG02282-ONT-hg38-R9-LSK110-guppy-sup-5mC.PMDV_FINAL_parsed.vcf.gz 
           bcftools index /n/zanderson/SNP-plot-snake-testing/parsed-VCFs/HG02282-ONT-hg38-R9-LSK110-guppy-sup-5mC.PMDV_FINAL_parsed.vcf.gz
        
Activating conda environment: bcftools-1.19

[Tue Sep  3 10:44:35 2024]
localrule bcftools_view:
    input: /n/1000g/align-card-2.24-hg38/FIRST_100/HG03563-ONT-hg38-R9-LSK110-guppy-sup-5mC/HG03563-ONT-hg38-R9-LSK110-guppy-sup-5mC.PMDV_FINAL.phased.vcf.gz, /n/1000g/align-card-2.24-hg38/FIRST_100/HG04216-ONT-hg38-R9-LSK110-guppy-sup-5mC/HG04216-ONT-hg38-R9-LSK110-guppy-sup-5mC.PMDV_FINAL.phased.vcf.gz, /n/1000g/align-card-2.24-hg38/FIRST_100/HG02282-ONT-hg38-R9-LSK110-guppy-sup-5mC/HG02282-ONT-hg38-R9-LSK110-guppy-sup-5mC.PMDV_FINAL.phased.vcf.gz, /n/1000g/align-card-2.24-hg38/FIRST_100/HG00706-ONT-hg38-R9-LSK110-guppy-sup-5mC/HG00706-ONT-hg38-R9-LSK110-guppy-sup-5mC.PMDV_FINAL.phased.vcf.gz, /n/1000g/align-card-2.24-hg38/FIRST_100/HG00599-ONT-hg38-R9-LSK110-guppy-sup-5hmc_5mc_cg/HG00599-ONT-hg38-R9-LSK110-guppy-sup-5hmc_5mc_cg.PMDV_FINAL.phased.vcf.gz
    output: /n/zanderson/SNP-plot-snake-testing/parsed-VCFs/HG00706-ONT-hg38-R9-LSK110-guppy-sup-5mC.PMDV_FINAL_parsed.vcf.gz
    jobid: 14
    reason: Missing output files: /n/zanderson/SNP-plot-snake-testing/parsed-VCFs/HG00706-ONT-hg38-R9-LSK110-guppy-sup-5mC.PMDV_FINAL_parsed.vcf.gz
    wildcards: sample=HG00706-ONT-hg38-R9-LSK110-guppy-sup-5mC
    resources: tmpdir=/tmp


           bcftools view -R /n/zanderson/SNP-plot-snake-testing/config/gene_coordinates.txt /n/1000g/align-card-2.24-hg38/FIRST_100/HG03563-ONT-hg38-R9-LSK110-guppy-sup-5mC/HG03563-ONT-hg38-R9-LSK110-guppy-sup-5mC.PMDV_FINAL.phased.vcf.gz /n/1000g/align-card-2.24-hg38/FIRST_100/HG04216-ONT-hg38-R9-LSK110-guppy-sup-5mC/HG04216-ONT-hg38-R9-LSK110-guppy-sup-5mC.PMDV_FINAL.phased.vcf.gz /n/1000g/align-card-2.24-hg38/FIRST_100/HG02282-ONT-hg38-R9-LSK110-guppy-sup-5mC/HG02282-ONT-hg38-R9-LSK110-guppy-sup-5mC.PMDV_FINAL.phased.vcf.gz /n/1000g/align-card-2.24-hg38/FIRST_100/HG00706-ONT-hg38-R9-LSK110-guppy-sup-5mC/HG00706-ONT-hg38-R9-LSK110-guppy-sup-5mC.PMDV_FINAL.phased.vcf.gz /n/1000g/align-card-2.24-hg38/FIRST_100/HG00599-ONT-hg38-R9-LSK110-guppy-sup-5hmc_5mc_cg/HG00599-ONT-hg38-R9-LSK110-guppy-sup-5hmc_5mc_cg.PMDV_FINAL.phased.vcf.gz > /n/zanderson/SNP-plot-snake-testing/parsed-VCFs/HG00706-ONT-hg38-R9-LSK110-guppy-sup-5mC.PMDV_FINAL_parsed.vcf.gz
           bgzip /n/zanderson/SNP-plot-snake-testing/parsed-VCFs/HG00706-ONT-hg38-R9-LSK110-guppy-sup-5mC.PMDV_FINAL_parsed.vcf.gz 
           bcftools index /n/zanderson/SNP-plot-snake-testing/parsed-VCFs/HG00706-ONT-hg38-R9-LSK110-guppy-sup-5mC.PMDV_FINAL_parsed.vcf.gz
        
Activating conda environment: bcftools-1.19
Full Traceback (most recent call last):
  File "/usr/share/millerlab/snakemake-8.16.0/lib/python3.12/site-packages/snakemake/executors/local.py", line 423, in run_wrapper
    run(
  File "/n/zanderson/SNP-plot-snake-testing/workflow/rules/bcftools-view.smk", line 63, in __rule_bcftools_view
  File "/usr/share/millerlab/snakemake-8.16.0/lib/python3.12/site-packages/snakemake/shell.py", line 357, in __new__
    raise sp.CalledProcessError(retcode, cmd)
subprocess.CalledProcessError: Command 'source /usr/bin/activate 'bcftools-1.19'; set -euo pipefail;  
           bcftools view -R /n/zanderson/SNP-plot-snake-testing/config/gene_coordinates.txt /n/1000g/align-card-2.24-hg38/FIRST_100/HG03563-ONT-hg38-R9-LSK110-guppy-sup-5mC/HG03563-ONT-hg38-R9-LSK110-guppy-sup-5mC.PMDV_FINAL.phased.vcf.gz /n/1000g/align-card-2.24-hg38/FIRST_100/HG04216-ONT-hg38-R9-LSK110-guppy-sup-5mC/HG04216-ONT-hg38-R9-LSK110-guppy-sup-5mC.PMDV_FINAL.phased.vcf.gz /n/1000g/align-card-2.24-hg38/FIRST_100/HG02282-ONT-hg38-R9-LSK110-guppy-sup-5mC/HG02282-ONT-hg38-R9-LSK110-guppy-sup-5mC.PMDV_FINAL.phased.vcf.gz /n/1000g/align-card-2.24-hg38/FIRST_100/HG00706-ONT-hg38-R9-LSK110-guppy-sup-5mC/HG00706-ONT-hg38-R9-LSK110-guppy-sup-5mC.PMDV_FINAL.phased.vcf.gz /n/1000g/align-card-2.24-hg38/FIRST_100/HG00599-ONT-hg38-R9-LSK110-guppy-sup-5hmc_5mc_cg/HG00599-ONT-hg38-R9-LSK110-guppy-sup-5hmc_5mc_cg.PMDV_FINAL.phased.vcf.gz > /n/zanderson/SNP-plot-snake-testing/parsed-VCFs/HG04216-ONT-hg38-R9-LSK110-guppy-sup-5mC.PMDV_FINAL_parsed.vcf.gz
           bgzip /n/zanderson/SNP-plot-snake-testing/parsed-VCFs/HG04216-ONT-hg38-R9-LSK110-guppy-sup-5mC.PMDV_FINAL_parsed.vcf.gz 
           bcftools index /n/zanderson/SNP-plot-snake-testing/parsed-VCFs/HG04216-ONT-hg38-R9-LSK110-guppy-sup-5mC.PMDV_FINAL_parsed.vcf.gz' returned non-zero exit status 255.

Full Traceback (most recent call last):
  File "/usr/share/millerlab/snakemake-8.16.0/lib/python3.12/site-packages/snakemake/executors/local.py", line 423, in run_wrapper
    run(
  File "/n/zanderson/SNP-plot-snake-testing/workflow/rules/bcftools-view.smk", line 63, in __rule_bcftools_view
  File "/usr/share/millerlab/snakemake-8.16.0/lib/python3.12/site-packages/snakemake/shell.py", line 357, in __new__
    raise sp.CalledProcessError(retcode, cmd)
subprocess.CalledProcessError: Command 'source /usr/bin/activate 'bcftools-1.19'; set -euo pipefail;  
           bcftools view -R /n/zanderson/SNP-plot-snake-testing/config/gene_coordinates.txt /n/1000g/align-card-2.24-hg38/FIRST_100/HG03563-ONT-hg38-R9-LSK110-guppy-sup-5mC/HG03563-ONT-hg38-R9-LSK110-guppy-sup-5mC.PMDV_FINAL.phased.vcf.gz /n/1000g/align-card-2.24-hg38/FIRST_100/HG04216-ONT-hg38-R9-LSK110-guppy-sup-5mC/HG04216-ONT-hg38-R9-LSK110-guppy-sup-5mC.PMDV_FINAL.phased.vcf.gz /n/1000g/align-card-2.24-hg38/FIRST_100/HG02282-ONT-hg38-R9-LSK110-guppy-sup-5mC/HG02282-ONT-hg38-R9-LSK110-guppy-sup-5mC.PMDV_FINAL.phased.vcf.gz /n/1000g/align-card-2.24-hg38/FIRST_100/HG00706-ONT-hg38-R9-LSK110-guppy-sup-5mC/HG00706-ONT-hg38-R9-LSK110-guppy-sup-5mC.PMDV_FINAL.phased.vcf.gz /n/1000g/align-card-2.24-hg38/FIRST_100/HG00599-ONT-hg38-R9-LSK110-guppy-sup-5hmc_5mc_cg/HG00599-ONT-hg38-R9-LSK110-guppy-sup-5hmc_5mc_cg.PMDV_FINAL.phased.vcf.gz > /n/zanderson/SNP-plot-snake-testing/parsed-VCFs/HG03563-ONT-hg38-R9-LSK110-guppy-sup-5mC.PMDV_FINAL_parsed.vcf.gz
           bgzip /n/zanderson/SNP-plot-snake-testing/parsed-VCFs/HG03563-ONT-hg38-R9-LSK110-guppy-sup-5mC.PMDV_FINAL_parsed.vcf.gz 
           bcftools index /n/zanderson/SNP-plot-snake-testing/parsed-VCFs/HG03563-ONT-hg38-R9-LSK110-guppy-sup-5mC.PMDV_FINAL_parsed.vcf.gz' returned non-zero exit status 255.

Full Traceback (most recent call last):
  File "/usr/share/millerlab/snakemake-8.16.0/lib/python3.12/site-packages/snakemake/executors/local.py", line 423, in run_wrapper
    run(
  File "/n/zanderson/SNP-plot-snake-testing/workflow/rules/bcftools-view.smk", line 63, in __rule_bcftools_view
  File "/usr/share/millerlab/snakemake-8.16.0/lib/python3.12/site-packages/snakemake/shell.py", line 357, in __new__
    raise sp.CalledProcessError(retcode, cmd)
subprocess.CalledProcessError: Command 'source /usr/bin/activate 'bcftools-1.19'; set -euo pipefail;  
           bcftools view -R /n/zanderson/SNP-plot-snake-testing/config/gene_coordinates.txt /n/1000g/align-card-2.24-hg38/FIRST_100/HG03563-ONT-hg38-R9-LSK110-guppy-sup-5mC/HG03563-ONT-hg38-R9-LSK110-guppy-sup-5mC.PMDV_FINAL.phased.vcf.gz /n/1000g/align-card-2.24-hg38/FIRST_100/HG04216-ONT-hg38-R9-LSK110-guppy-sup-5mC/HG04216-ONT-hg38-R9-LSK110-guppy-sup-5mC.PMDV_FINAL.phased.vcf.gz /n/1000g/align-card-2.24-hg38/FIRST_100/HG02282-ONT-hg38-R9-LSK110-guppy-sup-5mC/HG02282-ONT-hg38-R9-LSK110-guppy-sup-5mC.PMDV_FINAL.phased.vcf.gz /n/1000g/align-card-2.24-hg38/FIRST_100/HG00706-ONT-hg38-R9-LSK110-guppy-sup-5mC/HG00706-ONT-hg38-R9-LSK110-guppy-sup-5mC.PMDV_FINAL.phased.vcf.gz /n/1000g/align-card-2.24-hg38/FIRST_100/HG00599-ONT-hg38-R9-LSK110-guppy-sup-5hmc_5mc_cg/HG00599-ONT-hg38-R9-LSK110-guppy-sup-5hmc_5mc_cg.PMDV_FINAL.phased.vcf.gz > /n/zanderson/SNP-plot-snake-testing/parsed-VCFs/HG04216-ONT-hg38-R9-LSK110-guppy-sup-5mC.PMDV_FINAL_parsed.vcf.gz
           bgzip /n/zanderson/SNP-plot-snake-testing/parsed-VCFs/HG04216-ONT-hg38-R9-LSK110-guppy-sup-5mC.PMDV_FINAL_parsed.vcf.gz 
           bcftools index /n/zanderson/SNP-plot-snake-testing/parsed-VCFs/HG04216-ONT-hg38-R9-LSK110-guppy-sup-5mC.PMDV_FINAL_parsed.vcf.gz' returned non-zero exit status 255.

During handling of the above exception, another exception occurred:

Traceback (most recent call last):
  File "/usr/share/millerlab/snakemake-8.16.0/lib/python3.12/site-packages/snakemake/executors/local.py", line 261, in _callback
    raise ex
  File "/usr/share/millerlab/snakemake-8.16.0/lib/python3.12/concurrent/futures/thread.py", line 58, in run
    result = self.fn(*self.args, **self.kwargs)
             ^^^^^^^^^^^^^^^^^^^^^^^^^^^^^^^^^^
  File "/usr/share/millerlab/snakemake-8.16.0/lib/python3.12/site-packages/snakemake/executors/local.py", line 247, in cached_or_run
    run_func(*args)
  File "/usr/share/millerlab/snakemake-8.16.0/lib/python3.12/site-packages/snakemake/executors/local.py", line 459, in run_wrapper
    raise RuleException(
snakemake.exceptions.RuleException: CalledProcessError in file /n/zanderson/SNP-plot-snake-testing/workflow/rules/bcftools-view.smk, line 41:
Command 'source /usr/bin/activate 'bcftools-1.19'; set -euo pipefail;  
           bcftools view -R /n/zanderson/SNP-plot-snake-testing/config/gene_coordinates.txt /n/1000g/align-card-2.24-hg38/FIRST_100/HG03563-ONT-hg38-R9-LSK110-guppy-sup-5mC/HG03563-ONT-hg38-R9-LSK110-guppy-sup-5mC.PMDV_FINAL.phased.vcf.gz /n/1000g/align-card-2.24-hg38/FIRST_100/HG04216-ONT-hg38-R9-LSK110-guppy-sup-5mC/HG04216-ONT-hg38-R9-LSK110-guppy-sup-5mC.PMDV_FINAL.phased.vcf.gz /n/1000g/align-card-2.24-hg38/FIRST_100/HG02282-ONT-hg38-R9-LSK110-guppy-sup-5mC/HG02282-ONT-hg38-R9-LSK110-guppy-sup-5mC.PMDV_FINAL.phased.vcf.gz /n/1000g/align-card-2.24-hg38/FIRST_100/HG00706-ONT-hg38-R9-LSK110-guppy-sup-5mC/HG00706-ONT-hg38-R9-LSK110-guppy-sup-5mC.PMDV_FINAL.phased.vcf.gz /n/1000g/align-card-2.24-hg38/FIRST_100/HG00599-ONT-hg38-R9-LSK110-guppy-sup-5hmc_5mc_cg/HG00599-ONT-hg38-R9-LSK110-guppy-sup-5hmc_5mc_cg.PMDV_FINAL.phased.vcf.gz > /n/zanderson/SNP-plot-snake-testing/parsed-VCFs/HG04216-ONT-hg38-R9-LSK110-guppy-sup-5mC.PMDV_FINAL_parsed.vcf.gz
           bgzip /n/zanderson/SNP-plot-snake-testing/parsed-VCFs/HG04216-ONT-hg38-R9-LSK110-guppy-sup-5mC.PMDV_FINAL_parsed.vcf.gz 
           bcftools index /n/zanderson/SNP-plot-snake-testing/parsed-VCFs/HG04216-ONT-hg38-R9-LSK110-guppy-sup-5mC.PMDV_FINAL_parsed.vcf.gz' returned non-zero exit status 255.

Full Traceback (most recent call last):
  File "/usr/share/millerlab/snakemake-8.16.0/lib/python3.12/site-packages/snakemake/executors/local.py", line 423, in run_wrapper
    run(
  File "/n/zanderson/SNP-plot-snake-testing/workflow/rules/bcftools-view.smk", line 63, in __rule_bcftools_view
  File "/usr/share/millerlab/snakemake-8.16.0/lib/python3.12/site-packages/snakemake/shell.py", line 357, in __new__
    raise sp.CalledProcessError(retcode, cmd)
subprocess.CalledProcessError: Command 'source /usr/bin/activate 'bcftools-1.19'; set -euo pipefail;  
           bcftools view -R /n/zanderson/SNP-plot-snake-testing/config/gene_coordinates.txt /n/1000g/align-card-2.24-hg38/FIRST_100/HG03563-ONT-hg38-R9-LSK110-guppy-sup-5mC/HG03563-ONT-hg38-R9-LSK110-guppy-sup-5mC.PMDV_FINAL.phased.vcf.gz /n/1000g/align-card-2.24-hg38/FIRST_100/HG04216-ONT-hg38-R9-LSK110-guppy-sup-5mC/HG04216-ONT-hg38-R9-LSK110-guppy-sup-5mC.PMDV_FINAL.phased.vcf.gz /n/1000g/align-card-2.24-hg38/FIRST_100/HG02282-ONT-hg38-R9-LSK110-guppy-sup-5mC/HG02282-ONT-hg38-R9-LSK110-guppy-sup-5mC.PMDV_FINAL.phased.vcf.gz /n/1000g/align-card-2.24-hg38/FIRST_100/HG00706-ONT-hg38-R9-LSK110-guppy-sup-5mC/HG00706-ONT-hg38-R9-LSK110-guppy-sup-5mC.PMDV_FINAL.phased.vcf.gz /n/1000g/align-card-2.24-hg38/FIRST_100/HG00599-ONT-hg38-R9-LSK110-guppy-sup-5hmc_5mc_cg/HG00599-ONT-hg38-R9-LSK110-guppy-sup-5hmc_5mc_cg.PMDV_FINAL.phased.vcf.gz > /n/zanderson/SNP-plot-snake-testing/parsed-VCFs/HG03563-ONT-hg38-R9-LSK110-guppy-sup-5mC.PMDV_FINAL_parsed.vcf.gz
           bgzip /n/zanderson/SNP-plot-snake-testing/parsed-VCFs/HG03563-ONT-hg38-R9-LSK110-guppy-sup-5mC.PMDV_FINAL_parsed.vcf.gz 
           bcftools index /n/zanderson/SNP-plot-snake-testing/parsed-VCFs/HG03563-ONT-hg38-R9-LSK110-guppy-sup-5mC.PMDV_FINAL_parsed.vcf.gz' returned non-zero exit status 255.

During handling of the above exception, another exception occurred:

Traceback (most recent call last):
  File "/usr/share/millerlab/snakemake-8.16.0/lib/python3.12/site-packages/snakemake/executors/local.py", line 261, in _callback
    raise ex
  File "/usr/share/millerlab/snakemake-8.16.0/lib/python3.12/concurrent/futures/thread.py", line 58, in run
    result = self.fn(*self.args, **self.kwargs)
             ^^^^^^^^^^^^^^^^^^^^^^^^^^^^^^^^^^
  File "/usr/share/millerlab/snakemake-8.16.0/lib/python3.12/site-packages/snakemake/executors/local.py", line 247, in cached_or_run
    run_func(*args)
  File "/usr/share/millerlab/snakemake-8.16.0/lib/python3.12/site-packages/snakemake/executors/local.py", line 459, in run_wrapper
    raise RuleException(
snakemake.exceptions.RuleException: CalledProcessError in file /n/zanderson/SNP-plot-snake-testing/workflow/rules/bcftools-view.smk, line 41:
Command 'source /usr/bin/activate 'bcftools-1.19'; set -euo pipefail;  
           bcftools view -R /n/zanderson/SNP-plot-snake-testing/config/gene_coordinates.txt /n/1000g/align-card-2.24-hg38/FIRST_100/HG03563-ONT-hg38-R9-LSK110-guppy-sup-5mC/HG03563-ONT-hg38-R9-LSK110-guppy-sup-5mC.PMDV_FINAL.phased.vcf.gz /n/1000g/align-card-2.24-hg38/FIRST_100/HG04216-ONT-hg38-R9-LSK110-guppy-sup-5mC/HG04216-ONT-hg38-R9-LSK110-guppy-sup-5mC.PMDV_FINAL.phased.vcf.gz /n/1000g/align-card-2.24-hg38/FIRST_100/HG02282-ONT-hg38-R9-LSK110-guppy-sup-5mC/HG02282-ONT-hg38-R9-LSK110-guppy-sup-5mC.PMDV_FINAL.phased.vcf.gz /n/1000g/align-card-2.24-hg38/FIRST_100/HG00706-ONT-hg38-R9-LSK110-guppy-sup-5mC/HG00706-ONT-hg38-R9-LSK110-guppy-sup-5mC.PMDV_FINAL.phased.vcf.gz /n/1000g/align-card-2.24-hg38/FIRST_100/HG00599-ONT-hg38-R9-LSK110-guppy-sup-5hmc_5mc_cg/HG00599-ONT-hg38-R9-LSK110-guppy-sup-5hmc_5mc_cg.PMDV_FINAL.phased.vcf.gz > /n/zanderson/SNP-plot-snake-testing/parsed-VCFs/HG03563-ONT-hg38-R9-LSK110-guppy-sup-5mC.PMDV_FINAL_parsed.vcf.gz
           bgzip /n/zanderson/SNP-plot-snake-testing/parsed-VCFs/HG03563-ONT-hg38-R9-LSK110-guppy-sup-5mC.PMDV_FINAL_parsed.vcf.gz 
           bcftools index /n/zanderson/SNP-plot-snake-testing/parsed-VCFs/HG03563-ONT-hg38-R9-LSK110-guppy-sup-5mC.PMDV_FINAL_parsed.vcf.gz' returned non-zero exit status 255.

RuleException:
CalledProcessError in file /n/zanderson/SNP-plot-snake-testing/workflow/rules/bcftools-view.smk, line 41:
Command 'source /usr/bin/activate 'bcftools-1.19'; set -euo pipefail;  
           bcftools view -R /n/zanderson/SNP-plot-snake-testing/config/gene_coordinates.txt /n/1000g/align-card-2.24-hg38/FIRST_100/HG03563-ONT-hg38-R9-LSK110-guppy-sup-5mC/HG03563-ONT-hg38-R9-LSK110-guppy-sup-5mC.PMDV_FINAL.phased.vcf.gz /n/1000g/align-card-2.24-hg38/FIRST_100/HG04216-ONT-hg38-R9-LSK110-guppy-sup-5mC/HG04216-ONT-hg38-R9-LSK110-guppy-sup-5mC.PMDV_FINAL.phased.vcf.gz /n/1000g/align-card-2.24-hg38/FIRST_100/HG02282-ONT-hg38-R9-LSK110-guppy-sup-5mC/HG02282-ONT-hg38-R9-LSK110-guppy-sup-5mC.PMDV_FINAL.phased.vcf.gz /n/1000g/align-card-2.24-hg38/FIRST_100/HG00706-ONT-hg38-R9-LSK110-guppy-sup-5mC/HG00706-ONT-hg38-R9-LSK110-guppy-sup-5mC.PMDV_FINAL.phased.vcf.gz /n/1000g/align-card-2.24-hg38/FIRST_100/HG00599-ONT-hg38-R9-LSK110-guppy-sup-5hmc_5mc_cg/HG00599-ONT-hg38-R9-LSK110-guppy-sup-5hmc_5mc_cg.PMDV_FINAL.phased.vcf.gz > /n/zanderson/SNP-plot-snake-testing/parsed-VCFs/HG04216-ONT-hg38-R9-LSK110-guppy-sup-5mC.PMDV_FINAL_parsed.vcf.gz
           bgzip /n/zanderson/SNP-plot-snake-testing/parsed-VCFs/HG04216-ONT-hg38-R9-LSK110-guppy-sup-5mC.PMDV_FINAL_parsed.vcf.gz 
           bcftools index /n/zanderson/SNP-plot-snake-testing/parsed-VCFs/HG04216-ONT-hg38-R9-LSK110-guppy-sup-5mC.PMDV_FINAL_parsed.vcf.gz' returned non-zero exit status 255.
[Tue Sep  3 10:44:35 2024]
Full Traceback (most recent call last):
  File "/usr/share/millerlab/snakemake-8.16.0/lib/python3.12/site-packages/snakemake/executors/local.py", line 423, in run_wrapper
    run(
  File "/n/zanderson/SNP-plot-snake-testing/workflow/rules/bcftools-view.smk", line 63, in __rule_bcftools_view
  File "/usr/share/millerlab/snakemake-8.16.0/lib/python3.12/site-packages/snakemake/shell.py", line 357, in __new__
    raise sp.CalledProcessError(retcode, cmd)
subprocess.CalledProcessError: Command 'source /usr/bin/activate 'bcftools-1.19'; set -euo pipefail;  
           bcftools view -R /n/zanderson/SNP-plot-snake-testing/config/gene_coordinates.txt /n/1000g/align-card-2.24-hg38/FIRST_100/HG03563-ONT-hg38-R9-LSK110-guppy-sup-5mC/HG03563-ONT-hg38-R9-LSK110-guppy-sup-5mC.PMDV_FINAL.phased.vcf.gz /n/1000g/align-card-2.24-hg38/FIRST_100/HG04216-ONT-hg38-R9-LSK110-guppy-sup-5mC/HG04216-ONT-hg38-R9-LSK110-guppy-sup-5mC.PMDV_FINAL.phased.vcf.gz /n/1000g/align-card-2.24-hg38/FIRST_100/HG02282-ONT-hg38-R9-LSK110-guppy-sup-5mC/HG02282-ONT-hg38-R9-LSK110-guppy-sup-5mC.PMDV_FINAL.phased.vcf.gz /n/1000g/align-card-2.24-hg38/FIRST_100/HG00706-ONT-hg38-R9-LSK110-guppy-sup-5mC/HG00706-ONT-hg38-R9-LSK110-guppy-sup-5mC.PMDV_FINAL.phased.vcf.gz /n/1000g/align-card-2.24-hg38/FIRST_100/HG00599-ONT-hg38-R9-LSK110-guppy-sup-5hmc_5mc_cg/HG00599-ONT-hg38-R9-LSK110-guppy-sup-5hmc_5mc_cg.PMDV_FINAL.phased.vcf.gz > /n/zanderson/SNP-plot-snake-testing/parsed-VCFs/HG02282-ONT-hg38-R9-LSK110-guppy-sup-5mC.PMDV_FINAL_parsed.vcf.gz
           bgzip /n/zanderson/SNP-plot-snake-testing/parsed-VCFs/HG02282-ONT-hg38-R9-LSK110-guppy-sup-5mC.PMDV_FINAL_parsed.vcf.gz 
           bcftools index /n/zanderson/SNP-plot-snake-testing/parsed-VCFs/HG02282-ONT-hg38-R9-LSK110-guppy-sup-5mC.PMDV_FINAL_parsed.vcf.gz' returned non-zero exit status 255.

Error in rule bcftools_view:
    jobid: 8
    input: /n/1000g/align-card-2.24-hg38/FIRST_100/HG03563-ONT-hg38-R9-LSK110-guppy-sup-5mC/HG03563-ONT-hg38-R9-LSK110-guppy-sup-5mC.PMDV_FINAL.phased.vcf.gz, /n/1000g/align-card-2.24-hg38/FIRST_100/HG04216-ONT-hg38-R9-LSK110-guppy-sup-5mC/HG04216-ONT-hg38-R9-LSK110-guppy-sup-5mC.PMDV_FINAL.phased.vcf.gz, /n/1000g/align-card-2.24-hg38/FIRST_100/HG02282-ONT-hg38-R9-LSK110-guppy-sup-5mC/HG02282-ONT-hg38-R9-LSK110-guppy-sup-5mC.PMDV_FINAL.phased.vcf.gz, /n/1000g/align-card-2.24-hg38/FIRST_100/HG00706-ONT-hg38-R9-LSK110-guppy-sup-5mC/HG00706-ONT-hg38-R9-LSK110-guppy-sup-5mC.PMDV_FINAL.phased.vcf.gz, /n/1000g/align-card-2.24-hg38/FIRST_100/HG00599-ONT-hg38-R9-LSK110-guppy-sup-5hmc_5mc_cg/HG00599-ONT-hg38-R9-LSK110-guppy-sup-5hmc_5mc_cg.PMDV_FINAL.phased.vcf.gz
    output: /n/zanderson/SNP-plot-snake-testing/parsed-VCFs/HG04216-ONT-hg38-R9-LSK110-guppy-sup-5mC.PMDV_FINAL_parsed.vcf.gz
    conda-env: bcftools-1.19
    shell:
        
           bcftools view -R /n/zanderson/SNP-plot-snake-testing/config/gene_coordinates.txt /n/1000g/align-card-2.24-hg38/FIRST_100/HG03563-ONT-hg38-R9-LSK110-guppy-sup-5mC/HG03563-ONT-hg38-R9-LSK110-guppy-sup-5mC.PMDV_FINAL.phased.vcf.gz /n/1000g/align-card-2.24-hg38/FIRST_100/HG04216-ONT-hg38-R9-LSK110-guppy-sup-5mC/HG04216-ONT-hg38-R9-LSK110-guppy-sup-5mC.PMDV_FINAL.phased.vcf.gz /n/1000g/align-card-2.24-hg38/FIRST_100/HG02282-ONT-hg38-R9-LSK110-guppy-sup-5mC/HG02282-ONT-hg38-R9-LSK110-guppy-sup-5mC.PMDV_FINAL.phased.vcf.gz /n/1000g/align-card-2.24-hg38/FIRST_100/HG00706-ONT-hg38-R9-LSK110-guppy-sup-5mC/HG00706-ONT-hg38-R9-LSK110-guppy-sup-5mC.PMDV_FINAL.phased.vcf.gz /n/1000g/align-card-2.24-hg38/FIRST_100/HG00599-ONT-hg38-R9-LSK110-guppy-sup-5hmc_5mc_cg/HG00599-ONT-hg38-R9-LSK110-guppy-sup-5hmc_5mc_cg.PMDV_FINAL.phased.vcf.gz > /n/zanderson/SNP-plot-snake-testing/parsed-VCFs/HG04216-ONT-hg38-R9-LSK110-guppy-sup-5mC.PMDV_FINAL_parsed.vcf.gz
           bgzip /n/zanderson/SNP-plot-snake-testing/parsed-VCFs/HG04216-ONT-hg38-R9-LSK110-guppy-sup-5mC.PMDV_FINAL_parsed.vcf.gz 
           bcftools index /n/zanderson/SNP-plot-snake-testing/parsed-VCFs/HG04216-ONT-hg38-R9-LSK110-guppy-sup-5mC.PMDV_FINAL_parsed.vcf.gz
        
        (one of the commands exited with non-zero exit code; note that snakemake uses bash strict mode!)

RuleException:
CalledProcessError in file /n/zanderson/SNP-plot-snake-testing/workflow/rules/bcftools-view.smk, line 41:
Command 'source /usr/bin/activate 'bcftools-1.19'; set -euo pipefail;  
           bcftools view -R /n/zanderson/SNP-plot-snake-testing/config/gene_coordinates.txt /n/1000g/align-card-2.24-hg38/FIRST_100/HG03563-ONT-hg38-R9-LSK110-guppy-sup-5mC/HG03563-ONT-hg38-R9-LSK110-guppy-sup-5mC.PMDV_FINAL.phased.vcf.gz /n/1000g/align-card-2.24-hg38/FIRST_100/HG04216-ONT-hg38-R9-LSK110-guppy-sup-5mC/HG04216-ONT-hg38-R9-LSK110-guppy-sup-5mC.PMDV_FINAL.phased.vcf.gz /n/1000g/align-card-2.24-hg38/FIRST_100/HG02282-ONT-hg38-R9-LSK110-guppy-sup-5mC/HG02282-ONT-hg38-R9-LSK110-guppy-sup-5mC.PMDV_FINAL.phased.vcf.gz /n/1000g/align-card-2.24-hg38/FIRST_100/HG00706-ONT-hg38-R9-LSK110-guppy-sup-5mC/HG00706-ONT-hg38-R9-LSK110-guppy-sup-5mC.PMDV_FINAL.phased.vcf.gz /n/1000g/align-card-2.24-hg38/FIRST_100/HG00599-ONT-hg38-R9-LSK110-guppy-sup-5hmc_5mc_cg/HG00599-ONT-hg38-R9-LSK110-guppy-sup-5hmc_5mc_cg.PMDV_FINAL.phased.vcf.gz > /n/zanderson/SNP-plot-snake-testing/parsed-VCFs/HG03563-ONT-hg38-R9-LSK110-guppy-sup-5mC.PMDV_FINAL_parsed.vcf.gz
           bgzip /n/zanderson/SNP-plot-snake-testing/parsed-VCFs/HG03563-ONT-hg38-R9-LSK110-guppy-sup-5mC.PMDV_FINAL_parsed.vcf.gz 
           bcftools index /n/zanderson/SNP-plot-snake-testing/parsed-VCFs/HG03563-ONT-hg38-R9-LSK110-guppy-sup-5mC.PMDV_FINAL_parsed.vcf.gz' returned non-zero exit status 255.
Full Traceback (most recent call last):
  File "/usr/share/millerlab/snakemake-8.16.0/lib/python3.12/site-packages/snakemake/executors/local.py", line 423, in run_wrapper
    run(
  File "/n/zanderson/SNP-plot-snake-testing/workflow/rules/bcftools-view.smk", line 63, in __rule_bcftools_view
  File "/usr/share/millerlab/snakemake-8.16.0/lib/python3.12/site-packages/snakemake/shell.py", line 357, in __new__
    raise sp.CalledProcessError(retcode, cmd)
subprocess.CalledProcessError: Command 'source /usr/bin/activate 'bcftools-1.19'; set -euo pipefail;  
           bcftools view -R /n/zanderson/SNP-plot-snake-testing/config/gene_coordinates.txt /n/1000g/align-card-2.24-hg38/FIRST_100/HG03563-ONT-hg38-R9-LSK110-guppy-sup-5mC/HG03563-ONT-hg38-R9-LSK110-guppy-sup-5mC.PMDV_FINAL.phased.vcf.gz /n/1000g/align-card-2.24-hg38/FIRST_100/HG04216-ONT-hg38-R9-LSK110-guppy-sup-5mC/HG04216-ONT-hg38-R9-LSK110-guppy-sup-5mC.PMDV_FINAL.phased.vcf.gz /n/1000g/align-card-2.24-hg38/FIRST_100/HG02282-ONT-hg38-R9-LSK110-guppy-sup-5mC/HG02282-ONT-hg38-R9-LSK110-guppy-sup-5mC.PMDV_FINAL.phased.vcf.gz /n/1000g/align-card-2.24-hg38/FIRST_100/HG00706-ONT-hg38-R9-LSK110-guppy-sup-5mC/HG00706-ONT-hg38-R9-LSK110-guppy-sup-5mC.PMDV_FINAL.phased.vcf.gz /n/1000g/align-card-2.24-hg38/FIRST_100/HG00599-ONT-hg38-R9-LSK110-guppy-sup-5hmc_5mc_cg/HG00599-ONT-hg38-R9-LSK110-guppy-sup-5hmc_5mc_cg.PMDV_FINAL.phased.vcf.gz > /n/zanderson/SNP-plot-snake-testing/parsed-VCFs/HG02282-ONT-hg38-R9-LSK110-guppy-sup-5mC.PMDV_FINAL_parsed.vcf.gz
           bgzip /n/zanderson/SNP-plot-snake-testing/parsed-VCFs/HG02282-ONT-hg38-R9-LSK110-guppy-sup-5mC.PMDV_FINAL_parsed.vcf.gz 
           bcftools index /n/zanderson/SNP-plot-snake-testing/parsed-VCFs/HG02282-ONT-hg38-R9-LSK110-guppy-sup-5mC.PMDV_FINAL_parsed.vcf.gz' returned non-zero exit status 255.

During handling of the above exception, another exception occurred:

Traceback (most recent call last):
  File "/usr/share/millerlab/snakemake-8.16.0/lib/python3.12/site-packages/snakemake/executors/local.py", line 261, in _callback
    raise ex
  File "/usr/share/millerlab/snakemake-8.16.0/lib/python3.12/concurrent/futures/thread.py", line 58, in run
    result = self.fn(*self.args, **self.kwargs)
             ^^^^^^^^^^^^^^^^^^^^^^^^^^^^^^^^^^
  File "/usr/share/millerlab/snakemake-8.16.0/lib/python3.12/site-packages/snakemake/executors/local.py", line 247, in cached_or_run
    run_func(*args)
  File "/usr/share/millerlab/snakemake-8.16.0/lib/python3.12/site-packages/snakemake/executors/local.py", line 459, in run_wrapper
    raise RuleException(
snakemake.exceptions.RuleException: CalledProcessError in file /n/zanderson/SNP-plot-snake-testing/workflow/rules/bcftools-view.smk, line 41:
Command 'source /usr/bin/activate 'bcftools-1.19'; set -euo pipefail;  
           bcftools view -R /n/zanderson/SNP-plot-snake-testing/config/gene_coordinates.txt /n/1000g/align-card-2.24-hg38/FIRST_100/HG03563-ONT-hg38-R9-LSK110-guppy-sup-5mC/HG03563-ONT-hg38-R9-LSK110-guppy-sup-5mC.PMDV_FINAL.phased.vcf.gz /n/1000g/align-card-2.24-hg38/FIRST_100/HG04216-ONT-hg38-R9-LSK110-guppy-sup-5mC/HG04216-ONT-hg38-R9-LSK110-guppy-sup-5mC.PMDV_FINAL.phased.vcf.gz /n/1000g/align-card-2.24-hg38/FIRST_100/HG02282-ONT-hg38-R9-LSK110-guppy-sup-5mC/HG02282-ONT-hg38-R9-LSK110-guppy-sup-5mC.PMDV_FINAL.phased.vcf.gz /n/1000g/align-card-2.24-hg38/FIRST_100/HG00706-ONT-hg38-R9-LSK110-guppy-sup-5mC/HG00706-ONT-hg38-R9-LSK110-guppy-sup-5mC.PMDV_FINAL.phased.vcf.gz /n/1000g/align-card-2.24-hg38/FIRST_100/HG00599-ONT-hg38-R9-LSK110-guppy-sup-5hmc_5mc_cg/HG00599-ONT-hg38-R9-LSK110-guppy-sup-5hmc_5mc_cg.PMDV_FINAL.phased.vcf.gz > /n/zanderson/SNP-plot-snake-testing/parsed-VCFs/HG02282-ONT-hg38-R9-LSK110-guppy-sup-5mC.PMDV_FINAL_parsed.vcf.gz
           bgzip /n/zanderson/SNP-plot-snake-testing/parsed-VCFs/HG02282-ONT-hg38-R9-LSK110-guppy-sup-5mC.PMDV_FINAL_parsed.vcf.gz 
           bcftools index /n/zanderson/SNP-plot-snake-testing/parsed-VCFs/HG02282-ONT-hg38-R9-LSK110-guppy-sup-5mC.PMDV_FINAL_parsed.vcf.gz' returned non-zero exit status 255.

[Tue Sep  3 10:44:35 2024]
RuleException:
CalledProcessError in file /n/zanderson/SNP-plot-snake-testing/workflow/rules/bcftools-view.smk, line 41:
Command 'source /usr/bin/activate 'bcftools-1.19'; set -euo pipefail;  
           bcftools view -R /n/zanderson/SNP-plot-snake-testing/config/gene_coordinates.txt /n/1000g/align-card-2.24-hg38/FIRST_100/HG03563-ONT-hg38-R9-LSK110-guppy-sup-5mC/HG03563-ONT-hg38-R9-LSK110-guppy-sup-5mC.PMDV_FINAL.phased.vcf.gz /n/1000g/align-card-2.24-hg38/FIRST_100/HG04216-ONT-hg38-R9-LSK110-guppy-sup-5mC/HG04216-ONT-hg38-R9-LSK110-guppy-sup-5mC.PMDV_FINAL.phased.vcf.gz /n/1000g/align-card-2.24-hg38/FIRST_100/HG02282-ONT-hg38-R9-LSK110-guppy-sup-5mC/HG02282-ONT-hg38-R9-LSK110-guppy-sup-5mC.PMDV_FINAL.phased.vcf.gz /n/1000g/align-card-2.24-hg38/FIRST_100/HG00706-ONT-hg38-R9-LSK110-guppy-sup-5mC/HG00706-ONT-hg38-R9-LSK110-guppy-sup-5mC.PMDV_FINAL.phased.vcf.gz /n/1000g/align-card-2.24-hg38/FIRST_100/HG00599-ONT-hg38-R9-LSK110-guppy-sup-5hmc_5mc_cg/HG00599-ONT-hg38-R9-LSK110-guppy-sup-5hmc_5mc_cg.PMDV_FINAL.phased.vcf.gz > /n/zanderson/SNP-plot-snake-testing/parsed-VCFs/HG02282-ONT-hg38-R9-LSK110-guppy-sup-5mC.PMDV_FINAL_parsed.vcf.gz
           bgzip /n/zanderson/SNP-plot-snake-testing/parsed-VCFs/HG02282-ONT-hg38-R9-LSK110-guppy-sup-5mC.PMDV_FINAL_parsed.vcf.gz 
           bcftools index /n/zanderson/SNP-plot-snake-testing/parsed-VCFs/HG02282-ONT-hg38-R9-LSK110-guppy-sup-5mC.PMDV_FINAL_parsed.vcf.gz' returned non-zero exit status 255.
Error in rule bcftools_view:
    jobid: 5
    input: /n/1000g/align-card-2.24-hg38/FIRST_100/HG03563-ONT-hg38-R9-LSK110-guppy-sup-5mC/HG03563-ONT-hg38-R9-LSK110-guppy-sup-5mC.PMDV_FINAL.phased.vcf.gz, /n/1000g/align-card-2.24-hg38/FIRST_100/HG04216-ONT-hg38-R9-LSK110-guppy-sup-5mC/HG04216-ONT-hg38-R9-LSK110-guppy-sup-5mC.PMDV_FINAL.phased.vcf.gz, /n/1000g/align-card-2.24-hg38/FIRST_100/HG02282-ONT-hg38-R9-LSK110-guppy-sup-5mC/HG02282-ONT-hg38-R9-LSK110-guppy-sup-5mC.PMDV_FINAL.phased.vcf.gz, /n/1000g/align-card-2.24-hg38/FIRST_100/HG00706-ONT-hg38-R9-LSK110-guppy-sup-5mC/HG00706-ONT-hg38-R9-LSK110-guppy-sup-5mC.PMDV_FINAL.phased.vcf.gz, /n/1000g/align-card-2.24-hg38/FIRST_100/HG00599-ONT-hg38-R9-LSK110-guppy-sup-5hmc_5mc_cg/HG00599-ONT-hg38-R9-LSK110-guppy-sup-5hmc_5mc_cg.PMDV_FINAL.phased.vcf.gz
    output: /n/zanderson/SNP-plot-snake-testing/parsed-VCFs/HG03563-ONT-hg38-R9-LSK110-guppy-sup-5mC.PMDV_FINAL_parsed.vcf.gz
    conda-env: bcftools-1.19
    shell:
        
           bcftools view -R /n/zanderson/SNP-plot-snake-testing/config/gene_coordinates.txt /n/1000g/align-card-2.24-hg38/FIRST_100/HG03563-ONT-hg38-R9-LSK110-guppy-sup-5mC/HG03563-ONT-hg38-R9-LSK110-guppy-sup-5mC.PMDV_FINAL.phased.vcf.gz /n/1000g/align-card-2.24-hg38/FIRST_100/HG04216-ONT-hg38-R9-LSK110-guppy-sup-5mC/HG04216-ONT-hg38-R9-LSK110-guppy-sup-5mC.PMDV_FINAL.phased.vcf.gz /n/1000g/align-card-2.24-hg38/FIRST_100/HG02282-ONT-hg38-R9-LSK110-guppy-sup-5mC/HG02282-ONT-hg38-R9-LSK110-guppy-sup-5mC.PMDV_FINAL.phased.vcf.gz /n/1000g/align-card-2.24-hg38/FIRST_100/HG00706-ONT-hg38-R9-LSK110-guppy-sup-5mC/HG00706-ONT-hg38-R9-LSK110-guppy-sup-5mC.PMDV_FINAL.phased.vcf.gz /n/1000g/align-card-2.24-hg38/FIRST_100/HG00599-ONT-hg38-R9-LSK110-guppy-sup-5hmc_5mc_cg/HG00599-ONT-hg38-R9-LSK110-guppy-sup-5hmc_5mc_cg.PMDV_FINAL.phased.vcf.gz > /n/zanderson/SNP-plot-snake-testing/parsed-VCFs/HG03563-ONT-hg38-R9-LSK110-guppy-sup-5mC.PMDV_FINAL_parsed.vcf.gz
           bgzip /n/zanderson/SNP-plot-snake-testing/parsed-VCFs/HG03563-ONT-hg38-R9-LSK110-guppy-sup-5mC.PMDV_FINAL_parsed.vcf.gz 
           bcftools index /n/zanderson/SNP-plot-snake-testing/parsed-VCFs/HG03563-ONT-hg38-R9-LSK110-guppy-sup-5mC.PMDV_FINAL_parsed.vcf.gz
        
        (one of the commands exited with non-zero exit code; note that snakemake uses bash strict mode!)

[Tue Sep  3 10:44:35 2024]
Full Traceback (most recent call last):
  File "/usr/share/millerlab/snakemake-8.16.0/lib/python3.12/site-packages/snakemake/executors/local.py", line 423, in run_wrapper
    run(
  File "/n/zanderson/SNP-plot-snake-testing/workflow/rules/bcftools-view.smk", line 63, in __rule_bcftools_view
  File "/usr/share/millerlab/snakemake-8.16.0/lib/python3.12/site-packages/snakemake/shell.py", line 357, in __new__
    raise sp.CalledProcessError(retcode, cmd)
subprocess.CalledProcessError: Command 'source /usr/bin/activate 'bcftools-1.19'; set -euo pipefail;  
           bcftools view -R /n/zanderson/SNP-plot-snake-testing/config/gene_coordinates.txt /n/1000g/align-card-2.24-hg38/FIRST_100/HG03563-ONT-hg38-R9-LSK110-guppy-sup-5mC/HG03563-ONT-hg38-R9-LSK110-guppy-sup-5mC.PMDV_FINAL.phased.vcf.gz /n/1000g/align-card-2.24-hg38/FIRST_100/HG04216-ONT-hg38-R9-LSK110-guppy-sup-5mC/HG04216-ONT-hg38-R9-LSK110-guppy-sup-5mC.PMDV_FINAL.phased.vcf.gz /n/1000g/align-card-2.24-hg38/FIRST_100/HG02282-ONT-hg38-R9-LSK110-guppy-sup-5mC/HG02282-ONT-hg38-R9-LSK110-guppy-sup-5mC.PMDV_FINAL.phased.vcf.gz /n/1000g/align-card-2.24-hg38/FIRST_100/HG00706-ONT-hg38-R9-LSK110-guppy-sup-5mC/HG00706-ONT-hg38-R9-LSK110-guppy-sup-5mC.PMDV_FINAL.phased.vcf.gz /n/1000g/align-card-2.24-hg38/FIRST_100/HG00599-ONT-hg38-R9-LSK110-guppy-sup-5hmc_5mc_cg/HG00599-ONT-hg38-R9-LSK110-guppy-sup-5hmc_5mc_cg.PMDV_FINAL.phased.vcf.gz > /n/zanderson/SNP-plot-snake-testing/parsed-VCFs/HG00706-ONT-hg38-R9-LSK110-guppy-sup-5mC.PMDV_FINAL_parsed.vcf.gz
           bgzip /n/zanderson/SNP-plot-snake-testing/parsed-VCFs/HG00706-ONT-hg38-R9-LSK110-guppy-sup-5mC.PMDV_FINAL_parsed.vcf.gz 
           bcftools index /n/zanderson/SNP-plot-snake-testing/parsed-VCFs/HG00706-ONT-hg38-R9-LSK110-guppy-sup-5mC.PMDV_FINAL_parsed.vcf.gz' returned non-zero exit status 255.

Error in rule bcftools_view:
    jobid: 11
    input: /n/1000g/align-card-2.24-hg38/FIRST_100/HG03563-ONT-hg38-R9-LSK110-guppy-sup-5mC/HG03563-ONT-hg38-R9-LSK110-guppy-sup-5mC.PMDV_FINAL.phased.vcf.gz, /n/1000g/align-card-2.24-hg38/FIRST_100/HG04216-ONT-hg38-R9-LSK110-guppy-sup-5mC/HG04216-ONT-hg38-R9-LSK110-guppy-sup-5mC.PMDV_FINAL.phased.vcf.gz, /n/1000g/align-card-2.24-hg38/FIRST_100/HG02282-ONT-hg38-R9-LSK110-guppy-sup-5mC/HG02282-ONT-hg38-R9-LSK110-guppy-sup-5mC.PMDV_FINAL.phased.vcf.gz, /n/1000g/align-card-2.24-hg38/FIRST_100/HG00706-ONT-hg38-R9-LSK110-guppy-sup-5mC/HG00706-ONT-hg38-R9-LSK110-guppy-sup-5mC.PMDV_FINAL.phased.vcf.gz, /n/1000g/align-card-2.24-hg38/FIRST_100/HG00599-ONT-hg38-R9-LSK110-guppy-sup-5hmc_5mc_cg/HG00599-ONT-hg38-R9-LSK110-guppy-sup-5hmc_5mc_cg.PMDV_FINAL.phased.vcf.gz
    output: /n/zanderson/SNP-plot-snake-testing/parsed-VCFs/HG02282-ONT-hg38-R9-LSK110-guppy-sup-5mC.PMDV_FINAL_parsed.vcf.gz
    conda-env: bcftools-1.19
    shell:
        
           bcftools view -R /n/zanderson/SNP-plot-snake-testing/config/gene_coordinates.txt /n/1000g/align-card-2.24-hg38/FIRST_100/HG03563-ONT-hg38-R9-LSK110-guppy-sup-5mC/HG03563-ONT-hg38-R9-LSK110-guppy-sup-5mC.PMDV_FINAL.phased.vcf.gz /n/1000g/align-card-2.24-hg38/FIRST_100/HG04216-ONT-hg38-R9-LSK110-guppy-sup-5mC/HG04216-ONT-hg38-R9-LSK110-guppy-sup-5mC.PMDV_FINAL.phased.vcf.gz /n/1000g/align-card-2.24-hg38/FIRST_100/HG02282-ONT-hg38-R9-LSK110-guppy-sup-5mC/HG02282-ONT-hg38-R9-LSK110-guppy-sup-5mC.PMDV_FINAL.phased.vcf.gz /n/1000g/align-card-2.24-hg38/FIRST_100/HG00706-ONT-hg38-R9-LSK110-guppy-sup-5mC/HG00706-ONT-hg38-R9-LSK110-guppy-sup-5mC.PMDV_FINAL.phased.vcf.gz /n/1000g/align-card-2.24-hg38/FIRST_100/HG00599-ONT-hg38-R9-LSK110-guppy-sup-5hmc_5mc_cg/HG00599-ONT-hg38-R9-LSK110-guppy-sup-5hmc_5mc_cg.PMDV_FINAL.phased.vcf.gz > /n/zanderson/SNP-plot-snake-testing/parsed-VCFs/HG02282-ONT-hg38-R9-LSK110-guppy-sup-5mC.PMDV_FINAL_parsed.vcf.gz
           bgzip /n/zanderson/SNP-plot-snake-testing/parsed-VCFs/HG02282-ONT-hg38-R9-LSK110-guppy-sup-5mC.PMDV_FINAL_parsed.vcf.gz 
           bcftools index /n/zanderson/SNP-plot-snake-testing/parsed-VCFs/HG02282-ONT-hg38-R9-LSK110-guppy-sup-5mC.PMDV_FINAL_parsed.vcf.gz
        
        (one of the commands exited with non-zero exit code; note that snakemake uses bash strict mode!)

Full Traceback (most recent call last):
  File "/usr/share/millerlab/snakemake-8.16.0/lib/python3.12/site-packages/snakemake/executors/local.py", line 423, in run_wrapper
    run(
  File "/n/zanderson/SNP-plot-snake-testing/workflow/rules/bcftools-view.smk", line 63, in __rule_bcftools_view
  File "/usr/share/millerlab/snakemake-8.16.0/lib/python3.12/site-packages/snakemake/shell.py", line 357, in __new__
    raise sp.CalledProcessError(retcode, cmd)
subprocess.CalledProcessError: Command 'source /usr/bin/activate 'bcftools-1.19'; set -euo pipefail;  
           bcftools view -R /n/zanderson/SNP-plot-snake-testing/config/gene_coordinates.txt /n/1000g/align-card-2.24-hg38/FIRST_100/HG03563-ONT-hg38-R9-LSK110-guppy-sup-5mC/HG03563-ONT-hg38-R9-LSK110-guppy-sup-5mC.PMDV_FINAL.phased.vcf.gz /n/1000g/align-card-2.24-hg38/FIRST_100/HG04216-ONT-hg38-R9-LSK110-guppy-sup-5mC/HG04216-ONT-hg38-R9-LSK110-guppy-sup-5mC.PMDV_FINAL.phased.vcf.gz /n/1000g/align-card-2.24-hg38/FIRST_100/HG02282-ONT-hg38-R9-LSK110-guppy-sup-5mC/HG02282-ONT-hg38-R9-LSK110-guppy-sup-5mC.PMDV_FINAL.phased.vcf.gz /n/1000g/align-card-2.24-hg38/FIRST_100/HG00706-ONT-hg38-R9-LSK110-guppy-sup-5mC/HG00706-ONT-hg38-R9-LSK110-guppy-sup-5mC.PMDV_FINAL.phased.vcf.gz /n/1000g/align-card-2.24-hg38/FIRST_100/HG00599-ONT-hg38-R9-LSK110-guppy-sup-5hmc_5mc_cg/HG00599-ONT-hg38-R9-LSK110-guppy-sup-5hmc_5mc_cg.PMDV_FINAL.phased.vcf.gz > /n/zanderson/SNP-plot-snake-testing/parsed-VCFs/HG00706-ONT-hg38-R9-LSK110-guppy-sup-5mC.PMDV_FINAL_parsed.vcf.gz
           bgzip /n/zanderson/SNP-plot-snake-testing/parsed-VCFs/HG00706-ONT-hg38-R9-LSK110-guppy-sup-5mC.PMDV_FINAL_parsed.vcf.gz 
           bcftools index /n/zanderson/SNP-plot-snake-testing/parsed-VCFs/HG00706-ONT-hg38-R9-LSK110-guppy-sup-5mC.PMDV_FINAL_parsed.vcf.gz' returned non-zero exit status 255.

During handling of the above exception, another exception occurred:

Traceback (most recent call last):
  File "/usr/share/millerlab/snakemake-8.16.0/lib/python3.12/site-packages/snakemake/executors/local.py", line 261, in _callback
    raise ex
  File "/usr/share/millerlab/snakemake-8.16.0/lib/python3.12/concurrent/futures/thread.py", line 58, in run
    result = self.fn(*self.args, **self.kwargs)
             ^^^^^^^^^^^^^^^^^^^^^^^^^^^^^^^^^^
  File "/usr/share/millerlab/snakemake-8.16.0/lib/python3.12/site-packages/snakemake/executors/local.py", line 247, in cached_or_run
    run_func(*args)
  File "/usr/share/millerlab/snakemake-8.16.0/lib/python3.12/site-packages/snakemake/executors/local.py", line 459, in run_wrapper
    raise RuleException(
snakemake.exceptions.RuleException: CalledProcessError in file /n/zanderson/SNP-plot-snake-testing/workflow/rules/bcftools-view.smk, line 41:
Command 'source /usr/bin/activate 'bcftools-1.19'; set -euo pipefail;  
           bcftools view -R /n/zanderson/SNP-plot-snake-testing/config/gene_coordinates.txt /n/1000g/align-card-2.24-hg38/FIRST_100/HG03563-ONT-hg38-R9-LSK110-guppy-sup-5mC/HG03563-ONT-hg38-R9-LSK110-guppy-sup-5mC.PMDV_FINAL.phased.vcf.gz /n/1000g/align-card-2.24-hg38/FIRST_100/HG04216-ONT-hg38-R9-LSK110-guppy-sup-5mC/HG04216-ONT-hg38-R9-LSK110-guppy-sup-5mC.PMDV_FINAL.phased.vcf.gz /n/1000g/align-card-2.24-hg38/FIRST_100/HG02282-ONT-hg38-R9-LSK110-guppy-sup-5mC/HG02282-ONT-hg38-R9-LSK110-guppy-sup-5mC.PMDV_FINAL.phased.vcf.gz /n/1000g/align-card-2.24-hg38/FIRST_100/HG00706-ONT-hg38-R9-LSK110-guppy-sup-5mC/HG00706-ONT-hg38-R9-LSK110-guppy-sup-5mC.PMDV_FINAL.phased.vcf.gz /n/1000g/align-card-2.24-hg38/FIRST_100/HG00599-ONT-hg38-R9-LSK110-guppy-sup-5hmc_5mc_cg/HG00599-ONT-hg38-R9-LSK110-guppy-sup-5hmc_5mc_cg.PMDV_FINAL.phased.vcf.gz > /n/zanderson/SNP-plot-snake-testing/parsed-VCFs/HG00706-ONT-hg38-R9-LSK110-guppy-sup-5mC.PMDV_FINAL_parsed.vcf.gz
           bgzip /n/zanderson/SNP-plot-snake-testing/parsed-VCFs/HG00706-ONT-hg38-R9-LSK110-guppy-sup-5mC.PMDV_FINAL_parsed.vcf.gz 
           bcftools index /n/zanderson/SNP-plot-snake-testing/parsed-VCFs/HG00706-ONT-hg38-R9-LSK110-guppy-sup-5mC.PMDV_FINAL_parsed.vcf.gz' returned non-zero exit status 255.

RuleException:
CalledProcessError in file /n/zanderson/SNP-plot-snake-testing/workflow/rules/bcftools-view.smk, line 41:
Command 'source /usr/bin/activate 'bcftools-1.19'; set -euo pipefail;  
           bcftools view -R /n/zanderson/SNP-plot-snake-testing/config/gene_coordinates.txt /n/1000g/align-card-2.24-hg38/FIRST_100/HG03563-ONT-hg38-R9-LSK110-guppy-sup-5mC/HG03563-ONT-hg38-R9-LSK110-guppy-sup-5mC.PMDV_FINAL.phased.vcf.gz /n/1000g/align-card-2.24-hg38/FIRST_100/HG04216-ONT-hg38-R9-LSK110-guppy-sup-5mC/HG04216-ONT-hg38-R9-LSK110-guppy-sup-5mC.PMDV_FINAL.phased.vcf.gz /n/1000g/align-card-2.24-hg38/FIRST_100/HG02282-ONT-hg38-R9-LSK110-guppy-sup-5mC/HG02282-ONT-hg38-R9-LSK110-guppy-sup-5mC.PMDV_FINAL.phased.vcf.gz /n/1000g/align-card-2.24-hg38/FIRST_100/HG00706-ONT-hg38-R9-LSK110-guppy-sup-5mC/HG00706-ONT-hg38-R9-LSK110-guppy-sup-5mC.PMDV_FINAL.phased.vcf.gz /n/1000g/align-card-2.24-hg38/FIRST_100/HG00599-ONT-hg38-R9-LSK110-guppy-sup-5hmc_5mc_cg/HG00599-ONT-hg38-R9-LSK110-guppy-sup-5hmc_5mc_cg.PMDV_FINAL.phased.vcf.gz > /n/zanderson/SNP-plot-snake-testing/parsed-VCFs/HG00706-ONT-hg38-R9-LSK110-guppy-sup-5mC.PMDV_FINAL_parsed.vcf.gz
           bgzip /n/zanderson/SNP-plot-snake-testing/parsed-VCFs/HG00706-ONT-hg38-R9-LSK110-guppy-sup-5mC.PMDV_FINAL_parsed.vcf.gz 
           bcftools index /n/zanderson/SNP-plot-snake-testing/parsed-VCFs/HG00706-ONT-hg38-R9-LSK110-guppy-sup-5mC.PMDV_FINAL_parsed.vcf.gz' returned non-zero exit status 255.
[Tue Sep  3 10:44:35 2024]
Error in rule bcftools_view:
    jobid: 14
    input: /n/1000g/align-card-2.24-hg38/FIRST_100/HG03563-ONT-hg38-R9-LSK110-guppy-sup-5mC/HG03563-ONT-hg38-R9-LSK110-guppy-sup-5mC.PMDV_FINAL.phased.vcf.gz, /n/1000g/align-card-2.24-hg38/FIRST_100/HG04216-ONT-hg38-R9-LSK110-guppy-sup-5mC/HG04216-ONT-hg38-R9-LSK110-guppy-sup-5mC.PMDV_FINAL.phased.vcf.gz, /n/1000g/align-card-2.24-hg38/FIRST_100/HG02282-ONT-hg38-R9-LSK110-guppy-sup-5mC/HG02282-ONT-hg38-R9-LSK110-guppy-sup-5mC.PMDV_FINAL.phased.vcf.gz, /n/1000g/align-card-2.24-hg38/FIRST_100/HG00706-ONT-hg38-R9-LSK110-guppy-sup-5mC/HG00706-ONT-hg38-R9-LSK110-guppy-sup-5mC.PMDV_FINAL.phased.vcf.gz, /n/1000g/align-card-2.24-hg38/FIRST_100/HG00599-ONT-hg38-R9-LSK110-guppy-sup-5hmc_5mc_cg/HG00599-ONT-hg38-R9-LSK110-guppy-sup-5hmc_5mc_cg.PMDV_FINAL.phased.vcf.gz
    output: /n/zanderson/SNP-plot-snake-testing/parsed-VCFs/HG00706-ONT-hg38-R9-LSK110-guppy-sup-5mC.PMDV_FINAL_parsed.vcf.gz
    conda-env: bcftools-1.19
    shell:
        
           bcftools view -R /n/zanderson/SNP-plot-snake-testing/config/gene_coordinates.txt /n/1000g/align-card-2.24-hg38/FIRST_100/HG03563-ONT-hg38-R9-LSK110-guppy-sup-5mC/HG03563-ONT-hg38-R9-LSK110-guppy-sup-5mC.PMDV_FINAL.phased.vcf.gz /n/1000g/align-card-2.24-hg38/FIRST_100/HG04216-ONT-hg38-R9-LSK110-guppy-sup-5mC/HG04216-ONT-hg38-R9-LSK110-guppy-sup-5mC.PMDV_FINAL.phased.vcf.gz /n/1000g/align-card-2.24-hg38/FIRST_100/HG02282-ONT-hg38-R9-LSK110-guppy-sup-5mC/HG02282-ONT-hg38-R9-LSK110-guppy-sup-5mC.PMDV_FINAL.phased.vcf.gz /n/1000g/align-card-2.24-hg38/FIRST_100/HG00706-ONT-hg38-R9-LSK110-guppy-sup-5mC/HG00706-ONT-hg38-R9-LSK110-guppy-sup-5mC.PMDV_FINAL.phased.vcf.gz /n/1000g/align-card-2.24-hg38/FIRST_100/HG00599-ONT-hg38-R9-LSK110-guppy-sup-5hmc_5mc_cg/HG00599-ONT-hg38-R9-LSK110-guppy-sup-5hmc_5mc_cg.PMDV_FINAL.phased.vcf.gz > /n/zanderson/SNP-plot-snake-testing/parsed-VCFs/HG00706-ONT-hg38-R9-LSK110-guppy-sup-5mC.PMDV_FINAL_parsed.vcf.gz
           bgzip /n/zanderson/SNP-plot-snake-testing/parsed-VCFs/HG00706-ONT-hg38-R9-LSK110-guppy-sup-5mC.PMDV_FINAL_parsed.vcf.gz 
           bcftools index /n/zanderson/SNP-plot-snake-testing/parsed-VCFs/HG00706-ONT-hg38-R9-LSK110-guppy-sup-5mC.PMDV_FINAL_parsed.vcf.gz
        
        (one of the commands exited with non-zero exit code; note that snakemake uses bash strict mode!)

Full Traceback (most recent call last):
  File "/usr/share/millerlab/snakemake-8.16.0/lib/python3.12/site-packages/snakemake/executors/local.py", line 423, in run_wrapper
    run(
  File "/n/zanderson/SNP-plot-snake-testing/workflow/rules/bcftools-view.smk", line 63, in __rule_bcftools_view
  File "/usr/share/millerlab/snakemake-8.16.0/lib/python3.12/site-packages/snakemake/shell.py", line 357, in __new__
    raise sp.CalledProcessError(retcode, cmd)
subprocess.CalledProcessError: Command 'source /usr/bin/activate 'bcftools-1.19'; set -euo pipefail;  
           bcftools view -R /n/zanderson/SNP-plot-snake-testing/config/gene_coordinates.txt /n/1000g/align-card-2.24-hg38/FIRST_100/HG03563-ONT-hg38-R9-LSK110-guppy-sup-5mC/HG03563-ONT-hg38-R9-LSK110-guppy-sup-5mC.PMDV_FINAL.phased.vcf.gz /n/1000g/align-card-2.24-hg38/FIRST_100/HG04216-ONT-hg38-R9-LSK110-guppy-sup-5mC/HG04216-ONT-hg38-R9-LSK110-guppy-sup-5mC.PMDV_FINAL.phased.vcf.gz /n/1000g/align-card-2.24-hg38/FIRST_100/HG02282-ONT-hg38-R9-LSK110-guppy-sup-5mC/HG02282-ONT-hg38-R9-LSK110-guppy-sup-5mC.PMDV_FINAL.phased.vcf.gz /n/1000g/align-card-2.24-hg38/FIRST_100/HG00706-ONT-hg38-R9-LSK110-guppy-sup-5mC/HG00706-ONT-hg38-R9-LSK110-guppy-sup-5mC.PMDV_FINAL.phased.vcf.gz /n/1000g/align-card-2.24-hg38/FIRST_100/HG00599-ONT-hg38-R9-LSK110-guppy-sup-5hmc_5mc_cg/HG00599-ONT-hg38-R9-LSK110-guppy-sup-5hmc_5mc_cg.PMDV_FINAL.phased.vcf.gz > /n/zanderson/SNP-plot-snake-testing/parsed-VCFs/HG00599-ONT-hg38-R9-LSK110-guppy-sup-5hmc_5mc_cg.PMDV_FINAL_parsed.vcf.gz
           bgzip /n/zanderson/SNP-plot-snake-testing/parsed-VCFs/HG00599-ONT-hg38-R9-LSK110-guppy-sup-5hmc_5mc_cg.PMDV_FINAL_parsed.vcf.gz 
           bcftools index /n/zanderson/SNP-plot-snake-testing/parsed-VCFs/HG00599-ONT-hg38-R9-LSK110-guppy-sup-5hmc_5mc_cg.PMDV_FINAL_parsed.vcf.gz' returned non-zero exit status 255.

Full Traceback (most recent call last):
  File "/usr/share/millerlab/snakemake-8.16.0/lib/python3.12/site-packages/snakemake/executors/local.py", line 423, in run_wrapper
    run(
  File "/n/zanderson/SNP-plot-snake-testing/workflow/rules/bcftools-view.smk", line 63, in __rule_bcftools_view
  File "/usr/share/millerlab/snakemake-8.16.0/lib/python3.12/site-packages/snakemake/shell.py", line 357, in __new__
    raise sp.CalledProcessError(retcode, cmd)
subprocess.CalledProcessError: Command 'source /usr/bin/activate 'bcftools-1.19'; set -euo pipefail;  
           bcftools view -R /n/zanderson/SNP-plot-snake-testing/config/gene_coordinates.txt /n/1000g/align-card-2.24-hg38/FIRST_100/HG03563-ONT-hg38-R9-LSK110-guppy-sup-5mC/HG03563-ONT-hg38-R9-LSK110-guppy-sup-5mC.PMDV_FINAL.phased.vcf.gz /n/1000g/align-card-2.24-hg38/FIRST_100/HG04216-ONT-hg38-R9-LSK110-guppy-sup-5mC/HG04216-ONT-hg38-R9-LSK110-guppy-sup-5mC.PMDV_FINAL.phased.vcf.gz /n/1000g/align-card-2.24-hg38/FIRST_100/HG02282-ONT-hg38-R9-LSK110-guppy-sup-5mC/HG02282-ONT-hg38-R9-LSK110-guppy-sup-5mC.PMDV_FINAL.phased.vcf.gz /n/1000g/align-card-2.24-hg38/FIRST_100/HG00706-ONT-hg38-R9-LSK110-guppy-sup-5mC/HG00706-ONT-hg38-R9-LSK110-guppy-sup-5mC.PMDV_FINAL.phased.vcf.gz /n/1000g/align-card-2.24-hg38/FIRST_100/HG00599-ONT-hg38-R9-LSK110-guppy-sup-5hmc_5mc_cg/HG00599-ONT-hg38-R9-LSK110-guppy-sup-5hmc_5mc_cg.PMDV_FINAL.phased.vcf.gz > /n/zanderson/SNP-plot-snake-testing/parsed-VCFs/HG00599-ONT-hg38-R9-LSK110-guppy-sup-5hmc_5mc_cg.PMDV_FINAL_parsed.vcf.gz
           bgzip /n/zanderson/SNP-plot-snake-testing/parsed-VCFs/HG00599-ONT-hg38-R9-LSK110-guppy-sup-5hmc_5mc_cg.PMDV_FINAL_parsed.vcf.gz 
           bcftools index /n/zanderson/SNP-plot-snake-testing/parsed-VCFs/HG00599-ONT-hg38-R9-LSK110-guppy-sup-5hmc_5mc_cg.PMDV_FINAL_parsed.vcf.gz' returned non-zero exit status 255.

During handling of the above exception, another exception occurred:

Traceback (most recent call last):
  File "/usr/share/millerlab/snakemake-8.16.0/lib/python3.12/site-packages/snakemake/executors/local.py", line 261, in _callback
    raise ex
  File "/usr/share/millerlab/snakemake-8.16.0/lib/python3.12/concurrent/futures/thread.py", line 58, in run
    result = self.fn(*self.args, **self.kwargs)
             ^^^^^^^^^^^^^^^^^^^^^^^^^^^^^^^^^^
  File "/usr/share/millerlab/snakemake-8.16.0/lib/python3.12/site-packages/snakemake/executors/local.py", line 247, in cached_or_run
    run_func(*args)
  File "/usr/share/millerlab/snakemake-8.16.0/lib/python3.12/site-packages/snakemake/executors/local.py", line 459, in run_wrapper
    raise RuleException(
snakemake.exceptions.RuleException: CalledProcessError in file /n/zanderson/SNP-plot-snake-testing/workflow/rules/bcftools-view.smk, line 41:
Command 'source /usr/bin/activate 'bcftools-1.19'; set -euo pipefail;  
           bcftools view -R /n/zanderson/SNP-plot-snake-testing/config/gene_coordinates.txt /n/1000g/align-card-2.24-hg38/FIRST_100/HG03563-ONT-hg38-R9-LSK110-guppy-sup-5mC/HG03563-ONT-hg38-R9-LSK110-guppy-sup-5mC.PMDV_FINAL.phased.vcf.gz /n/1000g/align-card-2.24-hg38/FIRST_100/HG04216-ONT-hg38-R9-LSK110-guppy-sup-5mC/HG04216-ONT-hg38-R9-LSK110-guppy-sup-5mC.PMDV_FINAL.phased.vcf.gz /n/1000g/align-card-2.24-hg38/FIRST_100/HG02282-ONT-hg38-R9-LSK110-guppy-sup-5mC/HG02282-ONT-hg38-R9-LSK110-guppy-sup-5mC.PMDV_FINAL.phased.vcf.gz /n/1000g/align-card-2.24-hg38/FIRST_100/HG00706-ONT-hg38-R9-LSK110-guppy-sup-5mC/HG00706-ONT-hg38-R9-LSK110-guppy-sup-5mC.PMDV_FINAL.phased.vcf.gz /n/1000g/align-card-2.24-hg38/FIRST_100/HG00599-ONT-hg38-R9-LSK110-guppy-sup-5hmc_5mc_cg/HG00599-ONT-hg38-R9-LSK110-guppy-sup-5hmc_5mc_cg.PMDV_FINAL.phased.vcf.gz > /n/zanderson/SNP-plot-snake-testing/parsed-VCFs/HG00599-ONT-hg38-R9-LSK110-guppy-sup-5hmc_5mc_cg.PMDV_FINAL_parsed.vcf.gz
           bgzip /n/zanderson/SNP-plot-snake-testing/parsed-VCFs/HG00599-ONT-hg38-R9-LSK110-guppy-sup-5hmc_5mc_cg.PMDV_FINAL_parsed.vcf.gz 
           bcftools index /n/zanderson/SNP-plot-snake-testing/parsed-VCFs/HG00599-ONT-hg38-R9-LSK110-guppy-sup-5hmc_5mc_cg.PMDV_FINAL_parsed.vcf.gz' returned non-zero exit status 255.

RuleException:
CalledProcessError in file /n/zanderson/SNP-plot-snake-testing/workflow/rules/bcftools-view.smk, line 41:
Command 'source /usr/bin/activate 'bcftools-1.19'; set -euo pipefail;  
           bcftools view -R /n/zanderson/SNP-plot-snake-testing/config/gene_coordinates.txt /n/1000g/align-card-2.24-hg38/FIRST_100/HG03563-ONT-hg38-R9-LSK110-guppy-sup-5mC/HG03563-ONT-hg38-R9-LSK110-guppy-sup-5mC.PMDV_FINAL.phased.vcf.gz /n/1000g/align-card-2.24-hg38/FIRST_100/HG04216-ONT-hg38-R9-LSK110-guppy-sup-5mC/HG04216-ONT-hg38-R9-LSK110-guppy-sup-5mC.PMDV_FINAL.phased.vcf.gz /n/1000g/align-card-2.24-hg38/FIRST_100/HG02282-ONT-hg38-R9-LSK110-guppy-sup-5mC/HG02282-ONT-hg38-R9-LSK110-guppy-sup-5mC.PMDV_FINAL.phased.vcf.gz /n/1000g/align-card-2.24-hg38/FIRST_100/HG00706-ONT-hg38-R9-LSK110-guppy-sup-5mC/HG00706-ONT-hg38-R9-LSK110-guppy-sup-5mC.PMDV_FINAL.phased.vcf.gz /n/1000g/align-card-2.24-hg38/FIRST_100/HG00599-ONT-hg38-R9-LSK110-guppy-sup-5hmc_5mc_cg/HG00599-ONT-hg38-R9-LSK110-guppy-sup-5hmc_5mc_cg.PMDV_FINAL.phased.vcf.gz > /n/zanderson/SNP-plot-snake-testing/parsed-VCFs/HG00599-ONT-hg38-R9-LSK110-guppy-sup-5hmc_5mc_cg.PMDV_FINAL_parsed.vcf.gz
           bgzip /n/zanderson/SNP-plot-snake-testing/parsed-VCFs/HG00599-ONT-hg38-R9-LSK110-guppy-sup-5hmc_5mc_cg.PMDV_FINAL_parsed.vcf.gz 
           bcftools index /n/zanderson/SNP-plot-snake-testing/parsed-VCFs/HG00599-ONT-hg38-R9-LSK110-guppy-sup-5hmc_5mc_cg.PMDV_FINAL_parsed.vcf.gz' returned non-zero exit status 255.
[Tue Sep  3 10:44:35 2024]
Error in rule bcftools_view:
    jobid: 17
    input: /n/1000g/align-card-2.24-hg38/FIRST_100/HG03563-ONT-hg38-R9-LSK110-guppy-sup-5mC/HG03563-ONT-hg38-R9-LSK110-guppy-sup-5mC.PMDV_FINAL.phased.vcf.gz, /n/1000g/align-card-2.24-hg38/FIRST_100/HG04216-ONT-hg38-R9-LSK110-guppy-sup-5mC/HG04216-ONT-hg38-R9-LSK110-guppy-sup-5mC.PMDV_FINAL.phased.vcf.gz, /n/1000g/align-card-2.24-hg38/FIRST_100/HG02282-ONT-hg38-R9-LSK110-guppy-sup-5mC/HG02282-ONT-hg38-R9-LSK110-guppy-sup-5mC.PMDV_FINAL.phased.vcf.gz, /n/1000g/align-card-2.24-hg38/FIRST_100/HG00706-ONT-hg38-R9-LSK110-guppy-sup-5mC/HG00706-ONT-hg38-R9-LSK110-guppy-sup-5mC.PMDV_FINAL.phased.vcf.gz, /n/1000g/align-card-2.24-hg38/FIRST_100/HG00599-ONT-hg38-R9-LSK110-guppy-sup-5hmc_5mc_cg/HG00599-ONT-hg38-R9-LSK110-guppy-sup-5hmc_5mc_cg.PMDV_FINAL.phased.vcf.gz
    output: /n/zanderson/SNP-plot-snake-testing/parsed-VCFs/HG00599-ONT-hg38-R9-LSK110-guppy-sup-5hmc_5mc_cg.PMDV_FINAL_parsed.vcf.gz
    conda-env: bcftools-1.19
    shell:
        
           bcftools view -R /n/zanderson/SNP-plot-snake-testing/config/gene_coordinates.txt /n/1000g/align-card-2.24-hg38/FIRST_100/HG03563-ONT-hg38-R9-LSK110-guppy-sup-5mC/HG03563-ONT-hg38-R9-LSK110-guppy-sup-5mC.PMDV_FINAL.phased.vcf.gz /n/1000g/align-card-2.24-hg38/FIRST_100/HG04216-ONT-hg38-R9-LSK110-guppy-sup-5mC/HG04216-ONT-hg38-R9-LSK110-guppy-sup-5mC.PMDV_FINAL.phased.vcf.gz /n/1000g/align-card-2.24-hg38/FIRST_100/HG02282-ONT-hg38-R9-LSK110-guppy-sup-5mC/HG02282-ONT-hg38-R9-LSK110-guppy-sup-5mC.PMDV_FINAL.phased.vcf.gz /n/1000g/align-card-2.24-hg38/FIRST_100/HG00706-ONT-hg38-R9-LSK110-guppy-sup-5mC/HG00706-ONT-hg38-R9-LSK110-guppy-sup-5mC.PMDV_FINAL.phased.vcf.gz /n/1000g/align-card-2.24-hg38/FIRST_100/HG00599-ONT-hg38-R9-LSK110-guppy-sup-5hmc_5mc_cg/HG00599-ONT-hg38-R9-LSK110-guppy-sup-5hmc_5mc_cg.PMDV_FINAL.phased.vcf.gz > /n/zanderson/SNP-plot-snake-testing/parsed-VCFs/HG00599-ONT-hg38-R9-LSK110-guppy-sup-5hmc_5mc_cg.PMDV_FINAL_parsed.vcf.gz
           bgzip /n/zanderson/SNP-plot-snake-testing/parsed-VCFs/HG00599-ONT-hg38-R9-LSK110-guppy-sup-5hmc_5mc_cg.PMDV_FINAL_parsed.vcf.gz 
           bcftools index /n/zanderson/SNP-plot-snake-testing/parsed-VCFs/HG00599-ONT-hg38-R9-LSK110-guppy-sup-5hmc_5mc_cg.PMDV_FINAL_parsed.vcf.gz
        
        (one of the commands exited with non-zero exit code; note that snakemake uses bash strict mode!)

Shutting down, this might take some time.
Exiting because a job execution failed. Look above for error message
Complete log: .snakemake/log/2024-09-03T104433.597652.snakemake.log
unlocking
removing lock
removing lock
removed all locks
Full Traceback (most recent call last):
  File "/usr/share/millerlab/snakemake-8.16.0/lib/python3.12/site-packages/snakemake/cli.py", line 2103, in args_to_api
    dag_api.execute_workflow(
  File "/usr/share/millerlab/snakemake-8.16.0/lib/python3.12/site-packages/snakemake/api.py", line 594, in execute_workflow
    workflow.execute(
  File "/usr/share/millerlab/snakemake-8.16.0/lib/python3.12/site-packages/snakemake/workflow.py", line 1286, in execute
    raise WorkflowError("At least one job did not complete successfully.")
snakemake_interface_common.exceptions.WorkflowError: At least one job did not complete successfully.

WorkflowError:
At least one job did not complete successfully.
