Building DAG of jobs...
shared_storage_local_copies: True
remote_exec: False
Using shell: /usr/bin/bash
Provided cores: 128
Rules claiming more threads will be scaled down.
Job stats:
job                    count
-------------------  -------
all                        1
get_plot_files_rule        1
total                      2

Resources before job selection: {'_cores': 128, '_nodes': 9223372036854775807}
Ready jobs (1)
Select jobs to execute...
Using greedy selector because only single job has to be scheduled.
Selected jobs (1)
Resources after job selection: {'_cores': 127, '_nodes': 9223372036854775806}
Execute 1 jobs...

[Mon Aug 26 17:08:17 2024]
localrule get_plot_files_rule:
    input: /n/zanderson/SNP-plot-snake/filtered-annotated-VCFs/GM18876-ONT-hg38-R9-LSK110-guppy-sup-5mC.annotated.filtered.bed, /n/zanderson/SNP-plot-snake/filtered-annotated-VCFs/HG02409-ONT-hg38-R9-LSK110-guppy-sup-5mC.annotated.filtered.bed, /n/zanderson/SNP-plot-snake/filtered-annotated-VCFs/HG03861-ONT-hg38-R9-LSK110-guppy-sup-5hmc_5mc_cg.annotated.filtered.bed
    output: /n/zanderson/SNP-plot-snake/filtered-annotated-VCFs/file_list.txt
    jobid: 1
    reason: Missing output files: /n/zanderson/SNP-plot-snake/filtered-annotated-VCFs/file_list.txt
    resources: tmpdir=/tmp

Activating conda environment: iPython-8.15.0
Completion of job ['get_plot_files_rule'] reported to scheduler.
jobs registered as running before removal {get_plot_files_rule}
[Mon Aug 26 17:08:19 2024]
Finished job 1.
1 of 2 steps (50%) done
Resources before job selection: {'_cores': 128, '_nodes': 9223372036854775807}
Ready jobs (1)
Select jobs to execute...
Using greedy selector because only single job has to be scheduled.
Selected jobs (1)
Resources after job selection: {'_cores': 127, '_nodes': 9223372036854775806}
Execute 1 jobs...

[Mon Aug 26 17:08:19 2024]
localrule all:
    input: /n/zanderson/SNP-plot-snake/filtered-annotated-VCFs/file_list.txt
    jobid: 0
    reason: Input files updated by another job: /n/zanderson/SNP-plot-snake/filtered-annotated-VCFs/file_list.txt
    resources: tmpdir=/tmp

Completion of job ['all'] reported to scheduler.
jobs registered as running before removal {all}
[Mon Aug 26 17:08:19 2024]
Finished job 0.
2 of 2 steps (100%) done
Complete log: .snakemake/log/2024-08-26T170815.130356.snakemake.log
unlocking
removing lock
removing lock
removed all locks
