Building DAG of jobs...
Using shell: /usr/bin/bash
Provided cores: 1 (use --cores to define parallelism)
Rules claiming more threads will be scaled down.
Job stats:
job              count
-------------  -------
all                  1
make_SNP_plot        1
total                2

Select jobs to execute...
Execute 1 jobs...

[Fri Nov  1 15:48:09 2024]
localrule make_SNP_plot:
    input: /n/zanderson/SNP-plot-snake-testing/filtered-annotated-VCFs/file_list.txt
    output: /n/zanderson/SNP-plot-snake-testing/SNP-Plots/Canavan-plus-minus-hundredk_phased-SNP-PLOT.svg
    jobid: 1
    reason: Missing output files: /n/zanderson/SNP-plot-snake-testing/SNP-Plots/Canavan-plus-minus-hundredk_phased-SNP-PLOT.svg
    resources: tmpdir=/tmp

Activating conda environment: Rtools-1.1
[Fri Nov  1 15:48:29 2024]
Finished job 1.
1 of 2 steps (50%) done
Select jobs to execute...
Execute 1 jobs...

[Fri Nov  1 15:48:29 2024]
localrule all:
    input: /n/zanderson/SNP-plot-snake-testing/SNP-Plots/Canavan-plus-minus-hundredk_phased-SNP-PLOT.svg
    jobid: 0
    reason: Input files updated by another job: /n/zanderson/SNP-plot-snake-testing/SNP-Plots/Canavan-plus-minus-hundredk_phased-SNP-PLOT.svg
    resources: tmpdir=/tmp

[Fri Nov  1 15:48:29 2024]
Finished job 0.
2 of 2 steps (100%) done
Complete log: .snakemake/log/2024-11-01T154809.568147.snakemake.log
