Building DAG of jobs...
Using shell: /usr/bin/bash
Provided cores: 128
Rules claiming more threads will be scaled down.
Job stats:
job           count
----------  -------
vcf_filter        1
total             1

Select jobs to execute...
Execute 1 jobs...

[Mon Sep 23 10:32:48 2024]
localrule vcf_filter:
    input: /n/zanderson/SNP-plot-snake-testing/annotated-VCFs/HG03563-ONT-hg38-R9-LSK110-guppy-sup-5mC.annotated.vcf
    output: /n/zanderson/SNP-plot-snake-testing/filtered-annotated-VCFs/HG03563-ONT-hg38-R9-LSK110-guppy-sup-5mC.annotated.filtered.bed
    jobid: 0
    reason: Missing output files: /n/zanderson/SNP-plot-snake-testing/filtered-annotated-VCFs/HG03563-ONT-hg38-R9-LSK110-guppy-sup-5mC.annotated.filtered.bed
    wildcards: sample=HG03563-ONT-hg38-R9-LSK110-guppy-sup-5mC
    resources: tmpdir=/tmp

[Mon Sep 23 10:32:49 2024]
Finished job 0.
1 of 1 steps (100%) done
Complete log: .snakemake/log/2024-09-23T103245.782178.snakemake.log
