Building DAG of jobs...
Using shell: /usr/bin/bash
Provided cores: 2
Rules claiming more threads will be scaled down.
Job stats:
job                          count
-------------------------  -------
all                              1
bcftools_view                    5
delete_filtered_annot_vcf        1
get_plot_files_rule              1
make_SNP_plot                    1
vcf_annotate                     5
vcf_filter                       5
total                           19

Select jobs to execute...
Execute 2 jobs...

[Tue Sep 24 16:27:48 2024]
localrule bcftools_view:
    input: /n/1000g/align-card-2.24-hg38/FIRST_100/HG01372-ONT-hg38-R9-LSK110-guppy-sup-5mC/HG01372-ONT-hg38-R9-LSK110-guppy-sup-5mC.PMDV_FINAL.phased.vcf.gz, /n/1000g/align-card-2.24-hg38/FIRST_100/HG03121-ONT-hg38-R9-LSK110-guppy-sup-5hmc_5mc_cg/HG03121-ONT-hg38-R9-LSK110-guppy-sup-5hmc_5mc_cg.PMDV_FINAL.phased.vcf.gz, /n/1000g/align-card-2.24-hg38/FIRST_100/HG00728-ONT-hg38-R9-LSK110-guppy-sup-5mC/HG00728-ONT-hg38-R9-LSK110-guppy-sup-5mC.PMDV_FINAL.phased.vcf.gz, /n/1000g/align-card-2.24-hg38/FIRST_100/HG00151-ONT-hg38-R9-LSK110-guppy-sup-5mC/HG00151-ONT-hg38-R9-LSK110-guppy-sup-5mC.PMDV_FINAL.phased.vcf.gz, /n/1000g/align-card-2.24-hg38/FIRST_100/HG03774-ONT-hg38-R9-LSK110-guppy-sup-5mC/HG03774-ONT-hg38-R9-LSK110-guppy-sup-5mC.PMDV_FINAL.phased.vcf.gz
    output: /n/zanderson/SNP-plot-snake-testing/parsed-VCFs/HG03774-ONT-hg38-R9-LSK110-guppy-sup-5mC.parsed.vcf.gz
    jobid: 17
    reason: Missing output files: /n/zanderson/SNP-plot-snake-testing/parsed-VCFs/HG03774-ONT-hg38-R9-LSK110-guppy-sup-5mC.parsed.vcf.gz
    wildcards: sample=HG03774-ONT-hg38-R9-LSK110-guppy-sup-5mC
    resources: tmpdir=/tmp

Activating conda environment: bcftools-1.19

[Tue Sep 24 16:27:48 2024]
localrule bcftools_view:
    input: /n/1000g/align-card-2.24-hg38/FIRST_100/HG01372-ONT-hg38-R9-LSK110-guppy-sup-5mC/HG01372-ONT-hg38-R9-LSK110-guppy-sup-5mC.PMDV_FINAL.phased.vcf.gz, /n/1000g/align-card-2.24-hg38/FIRST_100/HG03121-ONT-hg38-R9-LSK110-guppy-sup-5hmc_5mc_cg/HG03121-ONT-hg38-R9-LSK110-guppy-sup-5hmc_5mc_cg.PMDV_FINAL.phased.vcf.gz, /n/1000g/align-card-2.24-hg38/FIRST_100/HG00728-ONT-hg38-R9-LSK110-guppy-sup-5mC/HG00728-ONT-hg38-R9-LSK110-guppy-sup-5mC.PMDV_FINAL.phased.vcf.gz, /n/1000g/align-card-2.24-hg38/FIRST_100/HG00151-ONT-hg38-R9-LSK110-guppy-sup-5mC/HG00151-ONT-hg38-R9-LSK110-guppy-sup-5mC.PMDV_FINAL.phased.vcf.gz, /n/1000g/align-card-2.24-hg38/FIRST_100/HG03774-ONT-hg38-R9-LSK110-guppy-sup-5mC/HG03774-ONT-hg38-R9-LSK110-guppy-sup-5mC.PMDV_FINAL.phased.vcf.gz
    output: /n/zanderson/SNP-plot-snake-testing/parsed-VCFs/HG01372-ONT-hg38-R9-LSK110-guppy-sup-5mC.parsed.vcf.gz
    jobid: 5
    reason: Missing output files: /n/zanderson/SNP-plot-snake-testing/parsed-VCFs/HG01372-ONT-hg38-R9-LSK110-guppy-sup-5mC.parsed.vcf.gz
    wildcards: sample=HG01372-ONT-hg38-R9-LSK110-guppy-sup-5mC
    resources: tmpdir=/tmp

Activating conda environment: bcftools-1.19
[Tue Sep 24 16:27:49 2024]
Finished job 5.
1 of 19 steps (5%) done
Select jobs to execute...
Execute 1 jobs...

[Tue Sep 24 16:27:49 2024]
localrule bcftools_view:
    input: /n/1000g/align-card-2.24-hg38/FIRST_100/HG01372-ONT-hg38-R9-LSK110-guppy-sup-5mC/HG01372-ONT-hg38-R9-LSK110-guppy-sup-5mC.PMDV_FINAL.phased.vcf.gz, /n/1000g/align-card-2.24-hg38/FIRST_100/HG03121-ONT-hg38-R9-LSK110-guppy-sup-5hmc_5mc_cg/HG03121-ONT-hg38-R9-LSK110-guppy-sup-5hmc_5mc_cg.PMDV_FINAL.phased.vcf.gz, /n/1000g/align-card-2.24-hg38/FIRST_100/HG00728-ONT-hg38-R9-LSK110-guppy-sup-5mC/HG00728-ONT-hg38-R9-LSK110-guppy-sup-5mC.PMDV_FINAL.phased.vcf.gz, /n/1000g/align-card-2.24-hg38/FIRST_100/HG00151-ONT-hg38-R9-LSK110-guppy-sup-5mC/HG00151-ONT-hg38-R9-LSK110-guppy-sup-5mC.PMDV_FINAL.phased.vcf.gz, /n/1000g/align-card-2.24-hg38/FIRST_100/HG03774-ONT-hg38-R9-LSK110-guppy-sup-5mC/HG03774-ONT-hg38-R9-LSK110-guppy-sup-5mC.PMDV_FINAL.phased.vcf.gz
    output: /n/zanderson/SNP-plot-snake-testing/parsed-VCFs/HG00151-ONT-hg38-R9-LSK110-guppy-sup-5mC.parsed.vcf.gz
    jobid: 14
    reason: Missing output files: /n/zanderson/SNP-plot-snake-testing/parsed-VCFs/HG00151-ONT-hg38-R9-LSK110-guppy-sup-5mC.parsed.vcf.gz
    wildcards: sample=HG00151-ONT-hg38-R9-LSK110-guppy-sup-5mC
    resources: tmpdir=/tmp

Activating conda environment: bcftools-1.19
[Tue Sep 24 16:27:49 2024]
Finished job 17.
2 of 19 steps (11%) done
Select jobs to execute...
Execute 1 jobs...

[Tue Sep 24 16:27:49 2024]
localrule vcf_annotate:
    input: /n/zanderson/SNP-plot-snake-testing/parsed-VCFs/HG03774-ONT-hg38-R9-LSK110-guppy-sup-5mC.parsed.vcf.gz
    output: /n/zanderson/SNP-plot-snake-testing/annotated-VCFs/HG03774-ONT-hg38-R9-LSK110-guppy-sup-5mC.annotated.vcf
    jobid: 16
    reason: Missing output files: /n/zanderson/SNP-plot-snake-testing/annotated-VCFs/HG03774-ONT-hg38-R9-LSK110-guppy-sup-5mC.annotated.vcf; Input files updated by another job: /n/zanderson/SNP-plot-snake-testing/parsed-VCFs/HG03774-ONT-hg38-R9-LSK110-guppy-sup-5mC.parsed.vcf.gz
    wildcards: sample=HG03774-ONT-hg38-R9-LSK110-guppy-sup-5mC
    resources: tmpdir=/tmp

Activating conda environment: bedtools-2.31.1
[Tue Sep 24 16:27:49 2024]
Finished job 14.
3 of 19 steps (16%) done
Select jobs to execute...
Execute 1 jobs...

[Tue Sep 24 16:27:49 2024]
localrule bcftools_view:
    input: /n/1000g/align-card-2.24-hg38/FIRST_100/HG01372-ONT-hg38-R9-LSK110-guppy-sup-5mC/HG01372-ONT-hg38-R9-LSK110-guppy-sup-5mC.PMDV_FINAL.phased.vcf.gz, /n/1000g/align-card-2.24-hg38/FIRST_100/HG03121-ONT-hg38-R9-LSK110-guppy-sup-5hmc_5mc_cg/HG03121-ONT-hg38-R9-LSK110-guppy-sup-5hmc_5mc_cg.PMDV_FINAL.phased.vcf.gz, /n/1000g/align-card-2.24-hg38/FIRST_100/HG00728-ONT-hg38-R9-LSK110-guppy-sup-5mC/HG00728-ONT-hg38-R9-LSK110-guppy-sup-5mC.PMDV_FINAL.phased.vcf.gz, /n/1000g/align-card-2.24-hg38/FIRST_100/HG00151-ONT-hg38-R9-LSK110-guppy-sup-5mC/HG00151-ONT-hg38-R9-LSK110-guppy-sup-5mC.PMDV_FINAL.phased.vcf.gz, /n/1000g/align-card-2.24-hg38/FIRST_100/HG03774-ONT-hg38-R9-LSK110-guppy-sup-5mC/HG03774-ONT-hg38-R9-LSK110-guppy-sup-5mC.PMDV_FINAL.phased.vcf.gz
    output: /n/zanderson/SNP-plot-snake-testing/parsed-VCFs/HG00728-ONT-hg38-R9-LSK110-guppy-sup-5mC.parsed.vcf.gz
    jobid: 11
    reason: Missing output files: /n/zanderson/SNP-plot-snake-testing/parsed-VCFs/HG00728-ONT-hg38-R9-LSK110-guppy-sup-5mC.parsed.vcf.gz
    wildcards: sample=HG00728-ONT-hg38-R9-LSK110-guppy-sup-5mC
    resources: tmpdir=/tmp

Activating conda environment: bcftools-1.19
[Tue Sep 24 16:27:49 2024]
Finished job 16.
4 of 19 steps (21%) done
Select jobs to execute...
Execute 1 jobs...

[Tue Sep 24 16:27:49 2024]
localrule vcf_filter:
    input: /n/zanderson/SNP-plot-snake-testing/annotated-VCFs/HG03774-ONT-hg38-R9-LSK110-guppy-sup-5mC.annotated.vcf
    output: /n/zanderson/SNP-plot-snake-testing/filtered-annotated-VCFs/HG03774-ONT-hg38-R9-LSK110-guppy-sup-5mC.annotated.filtered.bed
    jobid: 15
    reason: Missing output files: /n/zanderson/SNP-plot-snake-testing/filtered-annotated-VCFs/HG03774-ONT-hg38-R9-LSK110-guppy-sup-5mC.annotated.filtered.bed; Input files updated by another job: /n/zanderson/SNP-plot-snake-testing/annotated-VCFs/HG03774-ONT-hg38-R9-LSK110-guppy-sup-5mC.annotated.vcf
    wildcards: sample=HG03774-ONT-hg38-R9-LSK110-guppy-sup-5mC
    resources: tmpdir=/tmp

[Tue Sep 24 16:27:49 2024]
Finished job 11.
5 of 19 steps (26%) done
Select jobs to execute...
Execute 1 jobs...

[Tue Sep 24 16:27:49 2024]
localrule vcf_annotate:
    input: /n/zanderson/SNP-plot-snake-testing/parsed-VCFs/HG00728-ONT-hg38-R9-LSK110-guppy-sup-5mC.parsed.vcf.gz
    output: /n/zanderson/SNP-plot-snake-testing/annotated-VCFs/HG00728-ONT-hg38-R9-LSK110-guppy-sup-5mC.annotated.vcf
    jobid: 10
    reason: Missing output files: /n/zanderson/SNP-plot-snake-testing/annotated-VCFs/HG00728-ONT-hg38-R9-LSK110-guppy-sup-5mC.annotated.vcf; Input files updated by another job: /n/zanderson/SNP-plot-snake-testing/parsed-VCFs/HG00728-ONT-hg38-R9-LSK110-guppy-sup-5mC.parsed.vcf.gz
    wildcards: sample=HG00728-ONT-hg38-R9-LSK110-guppy-sup-5mC
    resources: tmpdir=/tmp

[Tue Sep 24 16:27:49 2024]
Finished job 15.
6 of 19 steps (32%) done
Select jobs to execute...
Activating conda environment: bedtools-2.31.1
Execute 1 jobs...

[Tue Sep 24 16:27:49 2024]
localrule vcf_annotate:
    input: /n/zanderson/SNP-plot-snake-testing/parsed-VCFs/HG01372-ONT-hg38-R9-LSK110-guppy-sup-5mC.parsed.vcf.gz
    output: /n/zanderson/SNP-plot-snake-testing/annotated-VCFs/HG01372-ONT-hg38-R9-LSK110-guppy-sup-5mC.annotated.vcf
    jobid: 4
    reason: Missing output files: /n/zanderson/SNP-plot-snake-testing/annotated-VCFs/HG01372-ONT-hg38-R9-LSK110-guppy-sup-5mC.annotated.vcf; Input files updated by another job: /n/zanderson/SNP-plot-snake-testing/parsed-VCFs/HG01372-ONT-hg38-R9-LSK110-guppy-sup-5mC.parsed.vcf.gz
    wildcards: sample=HG01372-ONT-hg38-R9-LSK110-guppy-sup-5mC
    resources: tmpdir=/tmp

Activating conda environment: bedtools-2.31.1
[Tue Sep 24 16:27:50 2024]
Finished job 10.
7 of 19 steps (37%) done
Select jobs to execute...
Execute 1 jobs...

[Tue Sep 24 16:27:50 2024]
localrule vcf_filter:
    input: /n/zanderson/SNP-plot-snake-testing/annotated-VCFs/HG00728-ONT-hg38-R9-LSK110-guppy-sup-5mC.annotated.vcf
    output: /n/zanderson/SNP-plot-snake-testing/filtered-annotated-VCFs/HG00728-ONT-hg38-R9-LSK110-guppy-sup-5mC.annotated.filtered.bed
    jobid: 9
    reason: Missing output files: /n/zanderson/SNP-plot-snake-testing/filtered-annotated-VCFs/HG00728-ONT-hg38-R9-LSK110-guppy-sup-5mC.annotated.filtered.bed; Input files updated by another job: /n/zanderson/SNP-plot-snake-testing/annotated-VCFs/HG00728-ONT-hg38-R9-LSK110-guppy-sup-5mC.annotated.vcf
    wildcards: sample=HG00728-ONT-hg38-R9-LSK110-guppy-sup-5mC
    resources: tmpdir=/tmp

[Tue Sep 24 16:27:50 2024]
Finished job 4.
8 of 19 steps (42%) done
Select jobs to execute...
Execute 1 jobs...

[Tue Sep 24 16:27:50 2024]
localrule vcf_annotate:
    input: /n/zanderson/SNP-plot-snake-testing/parsed-VCFs/HG00151-ONT-hg38-R9-LSK110-guppy-sup-5mC.parsed.vcf.gz
    output: /n/zanderson/SNP-plot-snake-testing/annotated-VCFs/HG00151-ONT-hg38-R9-LSK110-guppy-sup-5mC.annotated.vcf
    jobid: 13
    reason: Missing output files: /n/zanderson/SNP-plot-snake-testing/annotated-VCFs/HG00151-ONT-hg38-R9-LSK110-guppy-sup-5mC.annotated.vcf; Input files updated by another job: /n/zanderson/SNP-plot-snake-testing/parsed-VCFs/HG00151-ONT-hg38-R9-LSK110-guppy-sup-5mC.parsed.vcf.gz
    wildcards: sample=HG00151-ONT-hg38-R9-LSK110-guppy-sup-5mC
    resources: tmpdir=/tmp

Activating conda environment: bedtools-2.31.1
[Tue Sep 24 16:27:50 2024]
Finished job 9.
9 of 19 steps (47%) done
Select jobs to execute...
Execute 1 jobs...

[Tue Sep 24 16:27:50 2024]
localrule vcf_filter:
    input: /n/zanderson/SNP-plot-snake-testing/annotated-VCFs/HG01372-ONT-hg38-R9-LSK110-guppy-sup-5mC.annotated.vcf
    output: /n/zanderson/SNP-plot-snake-testing/filtered-annotated-VCFs/HG01372-ONT-hg38-R9-LSK110-guppy-sup-5mC.annotated.filtered.bed
    jobid: 3
    reason: Missing output files: /n/zanderson/SNP-plot-snake-testing/filtered-annotated-VCFs/HG01372-ONT-hg38-R9-LSK110-guppy-sup-5mC.annotated.filtered.bed; Input files updated by another job: /n/zanderson/SNP-plot-snake-testing/annotated-VCFs/HG01372-ONT-hg38-R9-LSK110-guppy-sup-5mC.annotated.vcf
    wildcards: sample=HG01372-ONT-hg38-R9-LSK110-guppy-sup-5mC
    resources: tmpdir=/tmp

[Tue Sep 24 16:27:50 2024]
Finished job 3.
10 of 19 steps (53%) done
Select jobs to execute...
Execute 1 jobs...

[Tue Sep 24 16:27:50 2024]
localrule bcftools_view:
    input: /n/1000g/align-card-2.24-hg38/FIRST_100/HG01372-ONT-hg38-R9-LSK110-guppy-sup-5mC/HG01372-ONT-hg38-R9-LSK110-guppy-sup-5mC.PMDV_FINAL.phased.vcf.gz, /n/1000g/align-card-2.24-hg38/FIRST_100/HG03121-ONT-hg38-R9-LSK110-guppy-sup-5hmc_5mc_cg/HG03121-ONT-hg38-R9-LSK110-guppy-sup-5hmc_5mc_cg.PMDV_FINAL.phased.vcf.gz, /n/1000g/align-card-2.24-hg38/FIRST_100/HG00728-ONT-hg38-R9-LSK110-guppy-sup-5mC/HG00728-ONT-hg38-R9-LSK110-guppy-sup-5mC.PMDV_FINAL.phased.vcf.gz, /n/1000g/align-card-2.24-hg38/FIRST_100/HG00151-ONT-hg38-R9-LSK110-guppy-sup-5mC/HG00151-ONT-hg38-R9-LSK110-guppy-sup-5mC.PMDV_FINAL.phased.vcf.gz, /n/1000g/align-card-2.24-hg38/FIRST_100/HG03774-ONT-hg38-R9-LSK110-guppy-sup-5mC/HG03774-ONT-hg38-R9-LSK110-guppy-sup-5mC.PMDV_FINAL.phased.vcf.gz
    output: /n/zanderson/SNP-plot-snake-testing/parsed-VCFs/HG03121-ONT-hg38-R9-LSK110-guppy-sup-5hmc_5mc_cg.parsed.vcf.gz
    jobid: 8
    reason: Missing output files: /n/zanderson/SNP-plot-snake-testing/parsed-VCFs/HG03121-ONT-hg38-R9-LSK110-guppy-sup-5hmc_5mc_cg.parsed.vcf.gz
    wildcards: sample=HG03121-ONT-hg38-R9-LSK110-guppy-sup-5hmc_5mc_cg
    resources: tmpdir=/tmp

Activating conda environment: bcftools-1.19
[Tue Sep 24 16:27:50 2024]
Finished job 8.
11 of 19 steps (58%) done
Select jobs to execute...
Execute 1 jobs...

[Tue Sep 24 16:27:50 2024]
localrule vcf_annotate:
    input: /n/zanderson/SNP-plot-snake-testing/parsed-VCFs/HG03121-ONT-hg38-R9-LSK110-guppy-sup-5hmc_5mc_cg.parsed.vcf.gz
    output: /n/zanderson/SNP-plot-snake-testing/annotated-VCFs/HG03121-ONT-hg38-R9-LSK110-guppy-sup-5hmc_5mc_cg.annotated.vcf
    jobid: 7
    reason: Missing output files: /n/zanderson/SNP-plot-snake-testing/annotated-VCFs/HG03121-ONT-hg38-R9-LSK110-guppy-sup-5hmc_5mc_cg.annotated.vcf; Input files updated by another job: /n/zanderson/SNP-plot-snake-testing/parsed-VCFs/HG03121-ONT-hg38-R9-LSK110-guppy-sup-5hmc_5mc_cg.parsed.vcf.gz
    wildcards: sample=HG03121-ONT-hg38-R9-LSK110-guppy-sup-5hmc_5mc_cg
    resources: tmpdir=/tmp

Activating conda environment: bedtools-2.31.1
[Tue Sep 24 16:27:50 2024]
Finished job 13.
12 of 19 steps (63%) done
Select jobs to execute...
Execute 1 jobs...

[Tue Sep 24 16:27:50 2024]
localrule vcf_filter:
    input: /n/zanderson/SNP-plot-snake-testing/annotated-VCFs/HG00151-ONT-hg38-R9-LSK110-guppy-sup-5mC.annotated.vcf
    output: /n/zanderson/SNP-plot-snake-testing/filtered-annotated-VCFs/HG00151-ONT-hg38-R9-LSK110-guppy-sup-5mC.annotated.filtered.bed
    jobid: 12
    reason: Missing output files: /n/zanderson/SNP-plot-snake-testing/filtered-annotated-VCFs/HG00151-ONT-hg38-R9-LSK110-guppy-sup-5mC.annotated.filtered.bed; Input files updated by another job: /n/zanderson/SNP-plot-snake-testing/annotated-VCFs/HG00151-ONT-hg38-R9-LSK110-guppy-sup-5mC.annotated.vcf
    wildcards: sample=HG00151-ONT-hg38-R9-LSK110-guppy-sup-5mC
    resources: tmpdir=/tmp

[Tue Sep 24 16:27:50 2024]
Finished job 12.
13 of 19 steps (68%) done
[Tue Sep 24 16:27:51 2024]
Finished job 7.
14 of 19 steps (74%) done
Select jobs to execute...
Execute 1 jobs...

[Tue Sep 24 16:27:51 2024]
localrule vcf_filter:
    input: /n/zanderson/SNP-plot-snake-testing/annotated-VCFs/HG03121-ONT-hg38-R9-LSK110-guppy-sup-5hmc_5mc_cg.annotated.vcf
    output: /n/zanderson/SNP-plot-snake-testing/filtered-annotated-VCFs/HG03121-ONT-hg38-R9-LSK110-guppy-sup-5hmc_5mc_cg.annotated.filtered.bed
    jobid: 6
    reason: Missing output files: /n/zanderson/SNP-plot-snake-testing/filtered-annotated-VCFs/HG03121-ONT-hg38-R9-LSK110-guppy-sup-5hmc_5mc_cg.annotated.filtered.bed; Input files updated by another job: /n/zanderson/SNP-plot-snake-testing/annotated-VCFs/HG03121-ONT-hg38-R9-LSK110-guppy-sup-5hmc_5mc_cg.annotated.vcf
    wildcards: sample=HG03121-ONT-hg38-R9-LSK110-guppy-sup-5hmc_5mc_cg
    resources: tmpdir=/tmp

[Tue Sep 24 16:27:51 2024]
Finished job 6.
15 of 19 steps (79%) done
Select jobs to execute...
Execute 1 jobs...

[Tue Sep 24 16:27:51 2024]
localrule get_plot_files_rule:
    input: /n/zanderson/SNP-plot-snake-testing/filtered-annotated-VCFs/HG01372-ONT-hg38-R9-LSK110-guppy-sup-5mC.annotated.filtered.bed, /n/zanderson/SNP-plot-snake-testing/filtered-annotated-VCFs/HG03121-ONT-hg38-R9-LSK110-guppy-sup-5hmc_5mc_cg.annotated.filtered.bed, /n/zanderson/SNP-plot-snake-testing/filtered-annotated-VCFs/HG00728-ONT-hg38-R9-LSK110-guppy-sup-5mC.annotated.filtered.bed, /n/zanderson/SNP-plot-snake-testing/filtered-annotated-VCFs/HG00151-ONT-hg38-R9-LSK110-guppy-sup-5mC.annotated.filtered.bed, /n/zanderson/SNP-plot-snake-testing/filtered-annotated-VCFs/HG03774-ONT-hg38-R9-LSK110-guppy-sup-5mC.annotated.filtered.bed
    output: /n/zanderson/SNP-plot-snake-testing/filtered-annotated-VCFs/file_list.txt
    jobid: 2
    reason: Missing output files: /n/zanderson/SNP-plot-snake-testing/filtered-annotated-VCFs/file_list.txt; Input files updated by another job: /n/zanderson/SNP-plot-snake-testing/filtered-annotated-VCFs/HG03774-ONT-hg38-R9-LSK110-guppy-sup-5mC.annotated.filtered.bed, /n/zanderson/SNP-plot-snake-testing/filtered-annotated-VCFs/HG00728-ONT-hg38-R9-LSK110-guppy-sup-5mC.annotated.filtered.bed, /n/zanderson/SNP-plot-snake-testing/filtered-annotated-VCFs/HG01372-ONT-hg38-R9-LSK110-guppy-sup-5mC.annotated.filtered.bed, /n/zanderson/SNP-plot-snake-testing/filtered-annotated-VCFs/HG03121-ONT-hg38-R9-LSK110-guppy-sup-5hmc_5mc_cg.annotated.filtered.bed, /n/zanderson/SNP-plot-snake-testing/filtered-annotated-VCFs/HG00151-ONT-hg38-R9-LSK110-guppy-sup-5mC.annotated.filtered.bed
    resources: tmpdir=/tmp

Activating conda environment: iPython-8.15.0
[Tue Sep 24 16:27:51 2024]
Finished job 2.
16 of 19 steps (84%) done
Select jobs to execute...
Execute 1 jobs...

[Tue Sep 24 16:27:51 2024]
localrule make_SNP_plot:
    input: /n/zanderson/SNP-plot-snake-testing/filtered-annotated-VCFs/file_list.txt
    output: /n/zanderson/SNP-plot-snake-testing/SNP-Plots/OPN1LW_OPN1MW-SNP-PLOT.svg
    jobid: 1
    reason: Missing output files: /n/zanderson/SNP-plot-snake-testing/SNP-Plots/OPN1LW_OPN1MW-SNP-PLOT.svg; Input files updated by another job: /n/zanderson/SNP-plot-snake-testing/filtered-annotated-VCFs/file_list.txt
    resources: tmpdir=/tmp

Activating conda environment: Rtools-1.1
[Tue Sep 24 16:27:55 2024]
Finished job 1.
17 of 19 steps (89%) done
Select jobs to execute...
Execute 1 jobs...

[Tue Sep 24 16:27:55 2024]
localrule delete_filtered_annot_vcf:
    input: /n/zanderson/SNP-plot-snake-testing/SNP-Plots/OPN1LW_OPN1MW-SNP-PLOT.svg
    output: deletion_done.flag
    jobid: 18
    reason: Input files updated by another job: /n/zanderson/SNP-plot-snake-testing/SNP-Plots/OPN1LW_OPN1MW-SNP-PLOT.svg
    resources: tmpdir=/tmp

[Tue Sep 24 16:27:55 2024]
Finished job 18.
18 of 19 steps (95%) done
Select jobs to execute...
Execute 1 jobs...

[Tue Sep 24 16:27:55 2024]
localrule all:
    input: /n/zanderson/SNP-plot-snake-testing/SNP-Plots/OPN1LW_OPN1MW-SNP-PLOT.svg, deletion_done.flag
    jobid: 0
    reason: Input files updated by another job: deletion_done.flag, /n/zanderson/SNP-plot-snake-testing/SNP-Plots/OPN1LW_OPN1MW-SNP-PLOT.svg
    resources: tmpdir=/tmp

[Tue Sep 24 16:27:55 2024]
Finished job 0.
19 of 19 steps (100%) done
Complete log: .snakemake/log/2024-09-24T162737.901205.snakemake.log
