Building DAG of jobs...
shared_storage_local_copies: True
remote_exec: False
Using shell: /usr/bin/bash
Provided cores: 20
Rules claiming more threads will be scaled down.
Job stats:
job                    count
-------------------  -------
all                        1
bcftools_view              3
get_plot_files_rule        1
make_SNP_plot              1
vcf_annotate               5
vcf_filter                 5
total                     16

Resources before job selection: {'_cores': 20, '_nodes': 9223372036854775807}
Ready jobs (5)
Select jobs to execute...
Selected jobs (5)
Resources after job selection: {'_cores': 15, '_nodes': 9223372036854775802}
Execute 5 jobs...

[Tue Sep  3 10:30:06 2024]
localrule bcftools_view:
    input: /n/1000g/align-card-2.24-hg38/FIRST_100/HG03563-ONT-hg38-R9-LSK110-guppy-sup-5mC/HG03563-ONT-hg38-R9-LSK110-guppy-sup-5mC.PMDV_FINAL.phased.vcf.gz, /n/1000g/align-card-2.24-hg38/FIRST_100/HG04216-ONT-hg38-R9-LSK110-guppy-sup-5mC/HG04216-ONT-hg38-R9-LSK110-guppy-sup-5mC.PMDV_FINAL.phased.vcf.gz, /n/1000g/align-card-2.24-hg38/FIRST_100/HG02282-ONT-hg38-R9-LSK110-guppy-sup-5mC/HG02282-ONT-hg38-R9-LSK110-guppy-sup-5mC.PMDV_FINAL.phased.vcf.gz, /n/1000g/align-card-2.24-hg38/FIRST_100/HG00706-ONT-hg38-R9-LSK110-guppy-sup-5mC/HG00706-ONT-hg38-R9-LSK110-guppy-sup-5mC.PMDV_FINAL.phased.vcf.gz, /n/1000g/align-card-2.24-hg38/FIRST_100/HG00599-ONT-hg38-R9-LSK110-guppy-sup-5hmc_5mc_cg/HG00599-ONT-hg38-R9-LSK110-guppy-sup-5hmc_5mc_cg.PMDV_FINAL.phased.vcf.gz
    output: /n/zanderson/SNP-plot-snake-testing/parsed-VCFs/HG04216-ONT-hg38-R9-LSK110-guppy-sup-5mC.PMDV_FINAL_parsed.vcf
    jobid: 8
    reason: Missing output files: /n/zanderson/SNP-plot-snake-testing/parsed-VCFs/HG04216-ONT-hg38-R9-LSK110-guppy-sup-5mC.PMDV_FINAL_parsed.vcf
    wildcards: sample=HG04216-ONT-hg38-R9-LSK110-guppy-sup-5mC
    resources: tmpdir=/tmp


           bcftools view -R /n/zanderson/SNP-plot-snake-testing/config/gene_coordinates.txt /n/1000g/align-card-2.24-hg38/FIRST_100/HG03563-ONT-hg38-R9-LSK110-guppy-sup-5mC/HG03563-ONT-hg38-R9-LSK110-guppy-sup-5mC.PMDV_FINAL.phased.vcf.gz /n/1000g/align-card-2.24-hg38/FIRST_100/HG04216-ONT-hg38-R9-LSK110-guppy-sup-5mC/HG04216-ONT-hg38-R9-LSK110-guppy-sup-5mC.PMDV_FINAL.phased.vcf.gz /n/1000g/align-card-2.24-hg38/FIRST_100/HG02282-ONT-hg38-R9-LSK110-guppy-sup-5mC/HG02282-ONT-hg38-R9-LSK110-guppy-sup-5mC.PMDV_FINAL.phased.vcf.gz /n/1000g/align-card-2.24-hg38/FIRST_100/HG00706-ONT-hg38-R9-LSK110-guppy-sup-5mC/HG00706-ONT-hg38-R9-LSK110-guppy-sup-5mC.PMDV_FINAL.phased.vcf.gz /n/1000g/align-card-2.24-hg38/FIRST_100/HG00599-ONT-hg38-R9-LSK110-guppy-sup-5hmc_5mc_cg/HG00599-ONT-hg38-R9-LSK110-guppy-sup-5hmc_5mc_cg.PMDV_FINAL.phased.vcf.gz | bgzip > /n/zanderson/SNP-plot-snake-testing/parsed-VCFs/HG04216-ONT-hg38-R9-LSK110-guppy-sup-5mC.PMDV_FINAL_parsed.vcf
        bcftools index /n/zanderson/SNP-plot-snake-testing/parsed-VCFs/HG04216-ONT-hg38-R9-LSK110-guppy-sup-5mC.PMDV_FINAL_parsed.vcf
        
Activating conda environment: bcftools-1.19

[Tue Sep  3 10:30:06 2024]
localrule bcftools_view:
    input: /n/1000g/align-card-2.24-hg38/FIRST_100/HG03563-ONT-hg38-R9-LSK110-guppy-sup-5mC/HG03563-ONT-hg38-R9-LSK110-guppy-sup-5mC.PMDV_FINAL.phased.vcf.gz, /n/1000g/align-card-2.24-hg38/FIRST_100/HG04216-ONT-hg38-R9-LSK110-guppy-sup-5mC/HG04216-ONT-hg38-R9-LSK110-guppy-sup-5mC.PMDV_FINAL.phased.vcf.gz, /n/1000g/align-card-2.24-hg38/FIRST_100/HG02282-ONT-hg38-R9-LSK110-guppy-sup-5mC/HG02282-ONT-hg38-R9-LSK110-guppy-sup-5mC.PMDV_FINAL.phased.vcf.gz, /n/1000g/align-card-2.24-hg38/FIRST_100/HG00706-ONT-hg38-R9-LSK110-guppy-sup-5mC/HG00706-ONT-hg38-R9-LSK110-guppy-sup-5mC.PMDV_FINAL.phased.vcf.gz, /n/1000g/align-card-2.24-hg38/FIRST_100/HG00599-ONT-hg38-R9-LSK110-guppy-sup-5hmc_5mc_cg/HG00599-ONT-hg38-R9-LSK110-guppy-sup-5hmc_5mc_cg.PMDV_FINAL.phased.vcf.gz
    output: /n/zanderson/SNP-plot-snake-testing/parsed-VCFs/HG00706-ONT-hg38-R9-LSK110-guppy-sup-5mC.PMDV_FINAL_parsed.vcf
    jobid: 14
    reason: Missing output files: /n/zanderson/SNP-plot-snake-testing/parsed-VCFs/HG00706-ONT-hg38-R9-LSK110-guppy-sup-5mC.PMDV_FINAL_parsed.vcf
    wildcards: sample=HG00706-ONT-hg38-R9-LSK110-guppy-sup-5mC
    resources: tmpdir=/tmp


           bcftools view -R /n/zanderson/SNP-plot-snake-testing/config/gene_coordinates.txt /n/1000g/align-card-2.24-hg38/FIRST_100/HG03563-ONT-hg38-R9-LSK110-guppy-sup-5mC/HG03563-ONT-hg38-R9-LSK110-guppy-sup-5mC.PMDV_FINAL.phased.vcf.gz /n/1000g/align-card-2.24-hg38/FIRST_100/HG04216-ONT-hg38-R9-LSK110-guppy-sup-5mC/HG04216-ONT-hg38-R9-LSK110-guppy-sup-5mC.PMDV_FINAL.phased.vcf.gz /n/1000g/align-card-2.24-hg38/FIRST_100/HG02282-ONT-hg38-R9-LSK110-guppy-sup-5mC/HG02282-ONT-hg38-R9-LSK110-guppy-sup-5mC.PMDV_FINAL.phased.vcf.gz /n/1000g/align-card-2.24-hg38/FIRST_100/HG00706-ONT-hg38-R9-LSK110-guppy-sup-5mC/HG00706-ONT-hg38-R9-LSK110-guppy-sup-5mC.PMDV_FINAL.phased.vcf.gz /n/1000g/align-card-2.24-hg38/FIRST_100/HG00599-ONT-hg38-R9-LSK110-guppy-sup-5hmc_5mc_cg/HG00599-ONT-hg38-R9-LSK110-guppy-sup-5hmc_5mc_cg.PMDV_FINAL.phased.vcf.gz | bgzip > /n/zanderson/SNP-plot-snake-testing/parsed-VCFs/HG00706-ONT-hg38-R9-LSK110-guppy-sup-5mC.PMDV_FINAL_parsed.vcf
        bcftools index /n/zanderson/SNP-plot-snake-testing/parsed-VCFs/HG00706-ONT-hg38-R9-LSK110-guppy-sup-5mC.PMDV_FINAL_parsed.vcf
        
Activating conda environment: bcftools-1.19

[Tue Sep  3 10:30:06 2024]
localrule vcf_annotate:
    input: /n/zanderson/SNP-plot-snake-testing/parsed-VCFs/HG02282-ONT-hg38-R9-LSK110-guppy-sup-5mC.PMDV_FINAL_parsed.vcf
    output: /n/zanderson/SNP-plot-snake-testing/annotated-VCFs/HG02282-ONT-hg38-R9-LSK110-guppy-sup-5mC.annotated.vcf
    jobid: 10
    reason: Missing output files: /n/zanderson/SNP-plot-snake-testing/annotated-VCFs/HG02282-ONT-hg38-R9-LSK110-guppy-sup-5mC.annotated.vcf; Updated input files: /n/zanderson/SNP-plot-snake-testing/parsed-VCFs/HG02282-ONT-hg38-R9-LSK110-guppy-sup-5mC.PMDV_FINAL_parsed.vcf
    wildcards: sample=HG02282-ONT-hg38-R9-LSK110-guppy-sup-5mC
    resources: tmpdir=/tmp


        zcat /n/zanderson/SNP-plot-snake-testing/parsed-VCFs/HG02282-ONT-hg38-R9-LSK110-guppy-sup-5mC.PMDV_FINAL_parsed.vcf > unzipped_parsed.vcf
        bedtools intersect -a unzipped_parsed.vcf -b /n/zanderson/SNP-plot-snake-testing/3_ENSEMBL_CANONICAL_EXON_in_PROTEIN_CODING_GENE_minus_UTR_gencode.v45.annotation.gtf -wa -wb | awk 'BEGIN {OFS="	"} {print $1, $2, $3, $4, $5, $6, $7, $8, $9, $10, $15, $16}' > /n/zanderson/SNP-plot-snake-testing/annotated-VCFs/HG02282-ONT-hg38-R9-LSK110-guppy-sup-5mC.annotated.vcf 
        
Activating conda environment: bedtools-2.31.1

[Tue Sep  3 10:30:06 2024]
localrule vcf_annotate:
    input: /n/zanderson/SNP-plot-snake-testing/parsed-VCFs/HG00599-ONT-hg38-R9-LSK110-guppy-sup-5hmc_5mc_cg.PMDV_FINAL_parsed.vcf
    output: /n/zanderson/SNP-plot-snake-testing/annotated-VCFs/HG00599-ONT-hg38-R9-LSK110-guppy-sup-5hmc_5mc_cg.annotated.vcf
    jobid: 16
    reason: Missing output files: /n/zanderson/SNP-plot-snake-testing/annotated-VCFs/HG00599-ONT-hg38-R9-LSK110-guppy-sup-5hmc_5mc_cg.annotated.vcf; Updated input files: /n/zanderson/SNP-plot-snake-testing/parsed-VCFs/HG00599-ONT-hg38-R9-LSK110-guppy-sup-5hmc_5mc_cg.PMDV_FINAL_parsed.vcf
    wildcards: sample=HG00599-ONT-hg38-R9-LSK110-guppy-sup-5hmc_5mc_cg
    resources: tmpdir=/tmp


        zcat /n/zanderson/SNP-plot-snake-testing/parsed-VCFs/HG00599-ONT-hg38-R9-LSK110-guppy-sup-5hmc_5mc_cg.PMDV_FINAL_parsed.vcf > unzipped_parsed.vcf
        bedtools intersect -a unzipped_parsed.vcf -b /n/zanderson/SNP-plot-snake-testing/3_ENSEMBL_CANONICAL_EXON_in_PROTEIN_CODING_GENE_minus_UTR_gencode.v45.annotation.gtf -wa -wb | awk 'BEGIN {OFS="	"} {print $1, $2, $3, $4, $5, $6, $7, $8, $9, $10, $15, $16}' > /n/zanderson/SNP-plot-snake-testing/annotated-VCFs/HG00599-ONT-hg38-R9-LSK110-guppy-sup-5hmc_5mc_cg.annotated.vcf 
        
Activating conda environment: bedtools-2.31.1

[Tue Sep  3 10:30:06 2024]
localrule bcftools_view:
    input: /n/1000g/align-card-2.24-hg38/FIRST_100/HG03563-ONT-hg38-R9-LSK110-guppy-sup-5mC/HG03563-ONT-hg38-R9-LSK110-guppy-sup-5mC.PMDV_FINAL.phased.vcf.gz, /n/1000g/align-card-2.24-hg38/FIRST_100/HG04216-ONT-hg38-R9-LSK110-guppy-sup-5mC/HG04216-ONT-hg38-R9-LSK110-guppy-sup-5mC.PMDV_FINAL.phased.vcf.gz, /n/1000g/align-card-2.24-hg38/FIRST_100/HG02282-ONT-hg38-R9-LSK110-guppy-sup-5mC/HG02282-ONT-hg38-R9-LSK110-guppy-sup-5mC.PMDV_FINAL.phased.vcf.gz, /n/1000g/align-card-2.24-hg38/FIRST_100/HG00706-ONT-hg38-R9-LSK110-guppy-sup-5mC/HG00706-ONT-hg38-R9-LSK110-guppy-sup-5mC.PMDV_FINAL.phased.vcf.gz, /n/1000g/align-card-2.24-hg38/FIRST_100/HG00599-ONT-hg38-R9-LSK110-guppy-sup-5hmc_5mc_cg/HG00599-ONT-hg38-R9-LSK110-guppy-sup-5hmc_5mc_cg.PMDV_FINAL.phased.vcf.gz
    output: /n/zanderson/SNP-plot-snake-testing/parsed-VCFs/HG03563-ONT-hg38-R9-LSK110-guppy-sup-5mC.PMDV_FINAL_parsed.vcf
    jobid: 5
    reason: Missing output files: /n/zanderson/SNP-plot-snake-testing/parsed-VCFs/HG03563-ONT-hg38-R9-LSK110-guppy-sup-5mC.PMDV_FINAL_parsed.vcf
    wildcards: sample=HG03563-ONT-hg38-R9-LSK110-guppy-sup-5mC
    resources: tmpdir=/tmp


           bcftools view -R /n/zanderson/SNP-plot-snake-testing/config/gene_coordinates.txt /n/1000g/align-card-2.24-hg38/FIRST_100/HG03563-ONT-hg38-R9-LSK110-guppy-sup-5mC/HG03563-ONT-hg38-R9-LSK110-guppy-sup-5mC.PMDV_FINAL.phased.vcf.gz /n/1000g/align-card-2.24-hg38/FIRST_100/HG04216-ONT-hg38-R9-LSK110-guppy-sup-5mC/HG04216-ONT-hg38-R9-LSK110-guppy-sup-5mC.PMDV_FINAL.phased.vcf.gz /n/1000g/align-card-2.24-hg38/FIRST_100/HG02282-ONT-hg38-R9-LSK110-guppy-sup-5mC/HG02282-ONT-hg38-R9-LSK110-guppy-sup-5mC.PMDV_FINAL.phased.vcf.gz /n/1000g/align-card-2.24-hg38/FIRST_100/HG00706-ONT-hg38-R9-LSK110-guppy-sup-5mC/HG00706-ONT-hg38-R9-LSK110-guppy-sup-5mC.PMDV_FINAL.phased.vcf.gz /n/1000g/align-card-2.24-hg38/FIRST_100/HG00599-ONT-hg38-R9-LSK110-guppy-sup-5hmc_5mc_cg/HG00599-ONT-hg38-R9-LSK110-guppy-sup-5hmc_5mc_cg.PMDV_FINAL.phased.vcf.gz | bgzip > /n/zanderson/SNP-plot-snake-testing/parsed-VCFs/HG03563-ONT-hg38-R9-LSK110-guppy-sup-5mC.PMDV_FINAL_parsed.vcf
        bcftools index /n/zanderson/SNP-plot-snake-testing/parsed-VCFs/HG03563-ONT-hg38-R9-LSK110-guppy-sup-5mC.PMDV_FINAL_parsed.vcf
        
Activating conda environment: bcftools-1.19
Completion of job ['bcftools_view'] reported to scheduler.
jobs registered as running before removal {vcf_annotate, vcf_annotate, bcftools_view, bcftools_view, bcftools_view}
[Tue Sep  3 10:30:06 2024]
Finished job 5.
1 of 16 steps (6%) done
Resources before job selection: {'_cores': 16, '_nodes': 9223372036854775803}
Ready jobs (1)
Select jobs to execute...
Using greedy selector because only single job has to be scheduled.
Selected jobs (1)
Resources after job selection: {'_cores': 15, '_nodes': 9223372036854775802}
Execute 1 jobs...

[Tue Sep  3 10:30:06 2024]
localrule vcf_annotate:
    input: /n/zanderson/SNP-plot-snake-testing/parsed-VCFs/HG03563-ONT-hg38-R9-LSK110-guppy-sup-5mC.PMDV_FINAL_parsed.vcf
    output: /n/zanderson/SNP-plot-snake-testing/annotated-VCFs/HG03563-ONT-hg38-R9-LSK110-guppy-sup-5mC.annotated.vcf
    jobid: 4
    reason: Input files updated by another job: /n/zanderson/SNP-plot-snake-testing/parsed-VCFs/HG03563-ONT-hg38-R9-LSK110-guppy-sup-5mC.PMDV_FINAL_parsed.vcf; Params have changed since last execution
    wildcards: sample=HG03563-ONT-hg38-R9-LSK110-guppy-sup-5mC
    resources: tmpdir=/tmp


        zcat /n/zanderson/SNP-plot-snake-testing/parsed-VCFs/HG03563-ONT-hg38-R9-LSK110-guppy-sup-5mC.PMDV_FINAL_parsed.vcf > unzipped_parsed.vcf
        bedtools intersect -a unzipped_parsed.vcf -b /n/zanderson/SNP-plot-snake-testing/3_ENSEMBL_CANONICAL_EXON_in_PROTEIN_CODING_GENE_minus_UTR_gencode.v45.annotation.gtf -wa -wb | awk 'BEGIN {OFS="	"} {print $1, $2, $3, $4, $5, $6, $7, $8, $9, $10, $15, $16}' > /n/zanderson/SNP-plot-snake-testing/annotated-VCFs/HG03563-ONT-hg38-R9-LSK110-guppy-sup-5mC.annotated.vcf 
        
Activating conda environment: bedtools-2.31.1
Completion of job ['bcftools_view'] reported to scheduler.
jobs registered as running before removal {vcf_annotate, vcf_annotate, bcftools_view, vcf_annotate, bcftools_view}
[Tue Sep  3 10:30:06 2024]
Finished job 8.
2 of 16 steps (12%) done
Resources before job selection: {'_cores': 16, '_nodes': 9223372036854775803}
Ready jobs (1)
Select jobs to execute...
Using greedy selector because only single job has to be scheduled.
Selected jobs (1)
Resources after job selection: {'_cores': 15, '_nodes': 9223372036854775802}
Execute 1 jobs...

[Tue Sep  3 10:30:06 2024]
localrule vcf_annotate:
    input: /n/zanderson/SNP-plot-snake-testing/parsed-VCFs/HG04216-ONT-hg38-R9-LSK110-guppy-sup-5mC.PMDV_FINAL_parsed.vcf
    output: /n/zanderson/SNP-plot-snake-testing/annotated-VCFs/HG04216-ONT-hg38-R9-LSK110-guppy-sup-5mC.annotated.vcf
    jobid: 7
    reason: Input files updated by another job: /n/zanderson/SNP-plot-snake-testing/parsed-VCFs/HG04216-ONT-hg38-R9-LSK110-guppy-sup-5mC.PMDV_FINAL_parsed.vcf; Params have changed since last execution
    wildcards: sample=HG04216-ONT-hg38-R9-LSK110-guppy-sup-5mC
    resources: tmpdir=/tmp


        zcat /n/zanderson/SNP-plot-snake-testing/parsed-VCFs/HG04216-ONT-hg38-R9-LSK110-guppy-sup-5mC.PMDV_FINAL_parsed.vcf > unzipped_parsed.vcf
        bedtools intersect -a unzipped_parsed.vcf -b /n/zanderson/SNP-plot-snake-testing/3_ENSEMBL_CANONICAL_EXON_in_PROTEIN_CODING_GENE_minus_UTR_gencode.v45.annotation.gtf -wa -wb | awk 'BEGIN {OFS="	"} {print $1, $2, $3, $4, $5, $6, $7, $8, $9, $10, $15, $16}' > /n/zanderson/SNP-plot-snake-testing/annotated-VCFs/HG04216-ONT-hg38-R9-LSK110-guppy-sup-5mC.annotated.vcf 
        
Activating conda environment: bedtools-2.31.1
Completion of job ['bcftools_view'] reported to scheduler.
jobs registered as running before removal {vcf_annotate, vcf_annotate, vcf_annotate, bcftools_view, vcf_annotate}
[Tue Sep  3 10:30:06 2024]
Finished job 14.
3 of 16 steps (19%) done
Resources before job selection: {'_cores': 16, '_nodes': 9223372036854775803}
Ready jobs (1)
Select jobs to execute...
Using greedy selector because only single job has to be scheduled.
Selected jobs (1)
Resources after job selection: {'_cores': 15, '_nodes': 9223372036854775802}
Execute 1 jobs...

[Tue Sep  3 10:30:06 2024]
localrule vcf_annotate:
    input: /n/zanderson/SNP-plot-snake-testing/parsed-VCFs/HG00706-ONT-hg38-R9-LSK110-guppy-sup-5mC.PMDV_FINAL_parsed.vcf
    output: /n/zanderson/SNP-plot-snake-testing/annotated-VCFs/HG00706-ONT-hg38-R9-LSK110-guppy-sup-5mC.annotated.vcf
    jobid: 13
    reason: Input files updated by another job: /n/zanderson/SNP-plot-snake-testing/parsed-VCFs/HG00706-ONT-hg38-R9-LSK110-guppy-sup-5mC.PMDV_FINAL_parsed.vcf; Params have changed since last execution
    wildcards: sample=HG00706-ONT-hg38-R9-LSK110-guppy-sup-5mC
    resources: tmpdir=/tmp


        zcat /n/zanderson/SNP-plot-snake-testing/parsed-VCFs/HG00706-ONT-hg38-R9-LSK110-guppy-sup-5mC.PMDV_FINAL_parsed.vcf > unzipped_parsed.vcf
        bedtools intersect -a unzipped_parsed.vcf -b /n/zanderson/SNP-plot-snake-testing/3_ENSEMBL_CANONICAL_EXON_in_PROTEIN_CODING_GENE_minus_UTR_gencode.v45.annotation.gtf -wa -wb | awk 'BEGIN {OFS="	"} {print $1, $2, $3, $4, $5, $6, $7, $8, $9, $10, $15, $16}' > /n/zanderson/SNP-plot-snake-testing/annotated-VCFs/HG00706-ONT-hg38-R9-LSK110-guppy-sup-5mC.annotated.vcf 
        
Activating conda environment: bedtools-2.31.1
Completion of job ['vcf_annotate'] reported to scheduler.
jobs registered as running before removal {vcf_annotate, vcf_annotate, vcf_annotate, vcf_annotate, vcf_annotate}
[Tue Sep  3 10:30:07 2024]
Finished job 16.
4 of 16 steps (25%) done
Removing temporary output /n/zanderson/SNP-plot-snake-testing/parsed-VCFs/HG00599-ONT-hg38-R9-LSK110-guppy-sup-5hmc_5mc_cg.PMDV_FINAL_parsed.vcf.
Resources before job selection: {'_cores': 16, '_nodes': 9223372036854775803}
Completion of job ['vcf_annotate'] reported to scheduler.
Ready jobs (1)
Select jobs to execute...
Using greedy selector because only single job has to be scheduled.
Selected jobs (1)
Resources after job selection: {'_cores': 15, '_nodes': 9223372036854775802}
Execute 1 jobs...

[Tue Sep  3 10:30:07 2024]
localrule vcf_filter:
    input: /n/zanderson/SNP-plot-snake-testing/annotated-VCFs/HG00599-ONT-hg38-R9-LSK110-guppy-sup-5hmc_5mc_cg.annotated.vcf
    output: /n/zanderson/SNP-plot-snake-testing/filtered-annotated-VCFs/HG00599-ONT-hg38-R9-LSK110-guppy-sup-5hmc_5mc_cg.annotated.filtered.bed
    jobid: 15
    reason: Missing output files: /n/zanderson/SNP-plot-snake-testing/filtered-annotated-VCFs/HG00599-ONT-hg38-R9-LSK110-guppy-sup-5hmc_5mc_cg.annotated.filtered.bed; Input files updated by another job: /n/zanderson/SNP-plot-snake-testing/annotated-VCFs/HG00599-ONT-hg38-R9-LSK110-guppy-sup-5hmc_5mc_cg.annotated.vcf
    wildcards: sample=HG00599-ONT-hg38-R9-LSK110-guppy-sup-5hmc_5mc_cg
    resources: tmpdir=/tmp


        awk '($6 >= 5 && $7 == "PASS") || ($7 == "refCall")' /n/zanderson/SNP-plot-snake-testing/annotated-VCFs/HG00599-ONT-hg38-R9-LSK110-guppy-sup-5hmc_5mc_cg.annotated.vcf > /n/zanderson/SNP-plot-snake-testing/filtered-annotated-VCFs/HG00599-ONT-hg38-R9-LSK110-guppy-sup-5hmc_5mc_cg.annotated.filtered.bed
        
jobs registered as running before removal {vcf_filter, vcf_annotate, vcf_annotate, vcf_annotate, vcf_annotate}
[Tue Sep  3 10:30:07 2024]
Finished job 10.
5 of 16 steps (31%) done
Removing temporary output /n/zanderson/SNP-plot-snake-testing/parsed-VCFs/HG02282-ONT-hg38-R9-LSK110-guppy-sup-5mC.PMDV_FINAL_parsed.vcf.
Resources before job selection: {'_cores': 16, '_nodes': 9223372036854775803}
Ready jobs (1)
Select jobs to execute...
Using greedy selector because only single job has to be scheduled.
Selected jobs (1)
Resources after job selection: {'_cores': 15, '_nodes': 9223372036854775802}
Execute 1 jobs...

[Tue Sep  3 10:30:07 2024]
localrule vcf_filter:
    input: /n/zanderson/SNP-plot-snake-testing/annotated-VCFs/HG02282-ONT-hg38-R9-LSK110-guppy-sup-5mC.annotated.vcf
    output: /n/zanderson/SNP-plot-snake-testing/filtered-annotated-VCFs/HG02282-ONT-hg38-R9-LSK110-guppy-sup-5mC.annotated.filtered.bed
    jobid: 9
    reason: Missing output files: /n/zanderson/SNP-plot-snake-testing/filtered-annotated-VCFs/HG02282-ONT-hg38-R9-LSK110-guppy-sup-5mC.annotated.filtered.bed; Input files updated by another job: /n/zanderson/SNP-plot-snake-testing/annotated-VCFs/HG02282-ONT-hg38-R9-LSK110-guppy-sup-5mC.annotated.vcf
    wildcards: sample=HG02282-ONT-hg38-R9-LSK110-guppy-sup-5mC
    resources: tmpdir=/tmp


        awk '($6 >= 5 && $7 == "PASS") || ($7 == "refCall")' /n/zanderson/SNP-plot-snake-testing/annotated-VCFs/HG02282-ONT-hg38-R9-LSK110-guppy-sup-5mC.annotated.vcf > /n/zanderson/SNP-plot-snake-testing/filtered-annotated-VCFs/HG02282-ONT-hg38-R9-LSK110-guppy-sup-5mC.annotated.filtered.bed
        
Completion of job ['vcf_filter'] reported to scheduler.
jobs registered as running before removal {vcf_filter, vcf_filter, vcf_annotate, vcf_annotate, vcf_annotate}
[Tue Sep  3 10:30:07 2024]
Finished job 15.
6 of 16 steps (38%) done
Removing temporary output /n/zanderson/SNP-plot-snake-testing/annotated-VCFs/HG00599-ONT-hg38-R9-LSK110-guppy-sup-5hmc_5mc_cg.annotated.vcf.
Completion of job ['vcf_filter'] reported to scheduler.
jobs registered as running before removal {vcf_filter, vcf_annotate, vcf_annotate, vcf_annotate}
[Tue Sep  3 10:30:07 2024]
Finished job 9.
7 of 16 steps (44%) done
Removing temporary output /n/zanderson/SNP-plot-snake-testing/annotated-VCFs/HG02282-ONT-hg38-R9-LSK110-guppy-sup-5mC.annotated.vcf.
Completion of job ['vcf_annotate'] reported to scheduler.
jobs registered as running before removal {vcf_annotate, vcf_annotate, vcf_annotate}
[Tue Sep  3 10:30:07 2024]
Finished job 7.
8 of 16 steps (50%) done
Removing temporary output /n/zanderson/SNP-plot-snake-testing/parsed-VCFs/HG04216-ONT-hg38-R9-LSK110-guppy-sup-5mC.PMDV_FINAL_parsed.vcf.
Resources before job selection: {'_cores': 18, '_nodes': 9223372036854775805}
Ready jobs (1)
Select jobs to execute...
Using greedy selector because only single job has to be scheduled.
Selected jobs (1)
Resources after job selection: {'_cores': 17, '_nodes': 9223372036854775804}
Execute 1 jobs...

[Tue Sep  3 10:30:07 2024]
localrule vcf_filter:
    input: /n/zanderson/SNP-plot-snake-testing/annotated-VCFs/HG04216-ONT-hg38-R9-LSK110-guppy-sup-5mC.annotated.vcf
    output: /n/zanderson/SNP-plot-snake-testing/filtered-annotated-VCFs/HG04216-ONT-hg38-R9-LSK110-guppy-sup-5mC.annotated.filtered.bed
    jobid: 6
    reason: Input files updated by another job: /n/zanderson/SNP-plot-snake-testing/annotated-VCFs/HG04216-ONT-hg38-R9-LSK110-guppy-sup-5mC.annotated.vcf
    wildcards: sample=HG04216-ONT-hg38-R9-LSK110-guppy-sup-5mC
    resources: tmpdir=/tmp


        awk '($6 >= 5 && $7 == "PASS") || ($7 == "refCall")' /n/zanderson/SNP-plot-snake-testing/annotated-VCFs/HG04216-ONT-hg38-R9-LSK110-guppy-sup-5mC.annotated.vcf > /n/zanderson/SNP-plot-snake-testing/filtered-annotated-VCFs/HG04216-ONT-hg38-R9-LSK110-guppy-sup-5mC.annotated.filtered.bed
        
Completion of job ['vcf_filter'] reported to scheduler.
jobs registered as running before removal {vcf_annotate, vcf_annotate, vcf_filter}
[Tue Sep  3 10:30:07 2024]
Finished job 6.
9 of 16 steps (56%) done
Removing temporary output /n/zanderson/SNP-plot-snake-testing/annotated-VCFs/HG04216-ONT-hg38-R9-LSK110-guppy-sup-5mC.annotated.vcf.
Completion of job ['vcf_annotate'] reported to scheduler.
jobs registered as running before removal {vcf_annotate, vcf_annotate}
[Tue Sep  3 10:30:07 2024]
Finished job 4.
10 of 16 steps (62%) done
Removing temporary output /n/zanderson/SNP-plot-snake-testing/parsed-VCFs/HG03563-ONT-hg38-R9-LSK110-guppy-sup-5mC.PMDV_FINAL_parsed.vcf.
Resources before job selection: {'_cores': 19, '_nodes': 9223372036854775806}
Ready jobs (1)
Select jobs to execute...
Using greedy selector because only single job has to be scheduled.
Selected jobs (1)
Resources after job selection: {'_cores': 18, '_nodes': 9223372036854775805}
Execute 1 jobs...

[Tue Sep  3 10:30:07 2024]
localrule vcf_filter:
    input: /n/zanderson/SNP-plot-snake-testing/annotated-VCFs/HG03563-ONT-hg38-R9-LSK110-guppy-sup-5mC.annotated.vcf
    output: /n/zanderson/SNP-plot-snake-testing/filtered-annotated-VCFs/HG03563-ONT-hg38-R9-LSK110-guppy-sup-5mC.annotated.filtered.bed
    jobid: 3
    reason: Missing output files: /n/zanderson/SNP-plot-snake-testing/filtered-annotated-VCFs/HG03563-ONT-hg38-R9-LSK110-guppy-sup-5mC.annotated.filtered.bed; Input files updated by another job: /n/zanderson/SNP-plot-snake-testing/annotated-VCFs/HG03563-ONT-hg38-R9-LSK110-guppy-sup-5mC.annotated.vcf
    wildcards: sample=HG03563-ONT-hg38-R9-LSK110-guppy-sup-5mC
    resources: tmpdir=/tmp


        awk '($6 >= 5 && $7 == "PASS") || ($7 == "refCall")' /n/zanderson/SNP-plot-snake-testing/annotated-VCFs/HG03563-ONT-hg38-R9-LSK110-guppy-sup-5mC.annotated.vcf > /n/zanderson/SNP-plot-snake-testing/filtered-annotated-VCFs/HG03563-ONT-hg38-R9-LSK110-guppy-sup-5mC.annotated.filtered.bed
        
Completion of job ['vcf_filter'] reported to scheduler.
jobs registered as running before removal {vcf_filter, vcf_annotate}
[Tue Sep  3 10:30:07 2024]
Finished job 3.
11 of 16 steps (69%) done
Removing temporary output /n/zanderson/SNP-plot-snake-testing/annotated-VCFs/HG03563-ONT-hg38-R9-LSK110-guppy-sup-5mC.annotated.vcf.
Completion of job ['vcf_annotate'] reported to scheduler.
jobs registered as running before removal {vcf_annotate}
[Tue Sep  3 10:30:07 2024]
Finished job 13.
12 of 16 steps (75%) done
Removing temporary output /n/zanderson/SNP-plot-snake-testing/parsed-VCFs/HG00706-ONT-hg38-R9-LSK110-guppy-sup-5mC.PMDV_FINAL_parsed.vcf.
Resources before job selection: {'_cores': 20, '_nodes': 9223372036854775807}
Ready jobs (1)
Select jobs to execute...
Using greedy selector because only single job has to be scheduled.
Selected jobs (1)
Resources after job selection: {'_cores': 19, '_nodes': 9223372036854775806}
Execute 1 jobs...

[Tue Sep  3 10:30:07 2024]
localrule vcf_filter:
    input: /n/zanderson/SNP-plot-snake-testing/annotated-VCFs/HG00706-ONT-hg38-R9-LSK110-guppy-sup-5mC.annotated.vcf
    output: /n/zanderson/SNP-plot-snake-testing/filtered-annotated-VCFs/HG00706-ONT-hg38-R9-LSK110-guppy-sup-5mC.annotated.filtered.bed
    jobid: 12
    reason: Missing output files: /n/zanderson/SNP-plot-snake-testing/filtered-annotated-VCFs/HG00706-ONT-hg38-R9-LSK110-guppy-sup-5mC.annotated.filtered.bed; Input files updated by another job: /n/zanderson/SNP-plot-snake-testing/annotated-VCFs/HG00706-ONT-hg38-R9-LSK110-guppy-sup-5mC.annotated.vcf
    wildcards: sample=HG00706-ONT-hg38-R9-LSK110-guppy-sup-5mC
    resources: tmpdir=/tmp


        awk '($6 >= 5 && $7 == "PASS") || ($7 == "refCall")' /n/zanderson/SNP-plot-snake-testing/annotated-VCFs/HG00706-ONT-hg38-R9-LSK110-guppy-sup-5mC.annotated.vcf > /n/zanderson/SNP-plot-snake-testing/filtered-annotated-VCFs/HG00706-ONT-hg38-R9-LSK110-guppy-sup-5mC.annotated.filtered.bed
        
Completion of job ['vcf_filter'] reported to scheduler.
jobs registered as running before removal {vcf_filter}
[Tue Sep  3 10:30:07 2024]
Finished job 12.
13 of 16 steps (81%) done
Removing temporary output /n/zanderson/SNP-plot-snake-testing/annotated-VCFs/HG00706-ONT-hg38-R9-LSK110-guppy-sup-5mC.annotated.vcf.
Resources before job selection: {'_cores': 20, '_nodes': 9223372036854775807}
Ready jobs (1)
Select jobs to execute...
Using greedy selector because only single job has to be scheduled.
Selected jobs (1)
Resources after job selection: {'_cores': 19, '_nodes': 9223372036854775806}
Execute 1 jobs...

[Tue Sep  3 10:30:07 2024]
localrule get_plot_files_rule:
    input: /n/zanderson/SNP-plot-snake-testing/filtered-annotated-VCFs/HG03563-ONT-hg38-R9-LSK110-guppy-sup-5mC.annotated.filtered.bed, /n/zanderson/SNP-plot-snake-testing/filtered-annotated-VCFs/HG04216-ONT-hg38-R9-LSK110-guppy-sup-5mC.annotated.filtered.bed, /n/zanderson/SNP-plot-snake-testing/filtered-annotated-VCFs/HG02282-ONT-hg38-R9-LSK110-guppy-sup-5mC.annotated.filtered.bed, /n/zanderson/SNP-plot-snake-testing/filtered-annotated-VCFs/HG00706-ONT-hg38-R9-LSK110-guppy-sup-5mC.annotated.filtered.bed, /n/zanderson/SNP-plot-snake-testing/filtered-annotated-VCFs/HG00599-ONT-hg38-R9-LSK110-guppy-sup-5hmc_5mc_cg.annotated.filtered.bed
    output: /n/zanderson/SNP-plot-snake-testing/filtered-annotated-VCFs/file_list.txt
    jobid: 2
    reason: Input files updated by another job: /n/zanderson/SNP-plot-snake-testing/filtered-annotated-VCFs/HG04216-ONT-hg38-R9-LSK110-guppy-sup-5mC.annotated.filtered.bed, /n/zanderson/SNP-plot-snake-testing/filtered-annotated-VCFs/HG00599-ONT-hg38-R9-LSK110-guppy-sup-5hmc_5mc_cg.annotated.filtered.bed, /n/zanderson/SNP-plot-snake-testing/filtered-annotated-VCFs/HG02282-ONT-hg38-R9-LSK110-guppy-sup-5mC.annotated.filtered.bed, /n/zanderson/SNP-plot-snake-testing/filtered-annotated-VCFs/HG00706-ONT-hg38-R9-LSK110-guppy-sup-5mC.annotated.filtered.bed, /n/zanderson/SNP-plot-snake-testing/filtered-annotated-VCFs/HG03563-ONT-hg38-R9-LSK110-guppy-sup-5mC.annotated.filtered.bed
    resources: tmpdir=/tmp

Activating conda environment: iPython-8.15.0
Completion of job ['get_plot_files_rule'] reported to scheduler.
jobs registered as running before removal {get_plot_files_rule}
[Tue Sep  3 10:30:08 2024]
Finished job 2.
14 of 16 steps (88%) done
Removing temporary output /n/zanderson/SNP-plot-snake-testing/filtered-annotated-VCFs/HG03563-ONT-hg38-R9-LSK110-guppy-sup-5mC.annotated.filtered.bed.
Removing temporary output /n/zanderson/SNP-plot-snake-testing/filtered-annotated-VCFs/HG04216-ONT-hg38-R9-LSK110-guppy-sup-5mC.annotated.filtered.bed.
Removing temporary output /n/zanderson/SNP-plot-snake-testing/filtered-annotated-VCFs/HG02282-ONT-hg38-R9-LSK110-guppy-sup-5mC.annotated.filtered.bed.
Removing temporary output /n/zanderson/SNP-plot-snake-testing/filtered-annotated-VCFs/HG00706-ONT-hg38-R9-LSK110-guppy-sup-5mC.annotated.filtered.bed.
Removing temporary output /n/zanderson/SNP-plot-snake-testing/filtered-annotated-VCFs/HG00599-ONT-hg38-R9-LSK110-guppy-sup-5hmc_5mc_cg.annotated.filtered.bed.
Resources before job selection: {'_cores': 20, '_nodes': 9223372036854775807}
Ready jobs (1)
Select jobs to execute...
Using greedy selector because only single job has to be scheduled.
Selected jobs (1)
Resources after job selection: {'_cores': 19, '_nodes': 9223372036854775806}
Execute 1 jobs...

[Tue Sep  3 10:30:08 2024]
localrule make_SNP_plot:
    input: /n/zanderson/SNP-plot-snake-testing/filtered-annotated-VCFs/file_list.txt
    output: /n/zanderson/SNP-plot-snake-testing/SNP-Plots/SNP-plot-20240903.svg
    jobid: 1
    reason: Missing output files: /n/zanderson/SNP-plot-snake-testing/SNP-Plots/SNP-plot-20240903.svg; Input files updated by another job: /n/zanderson/SNP-plot-snake-testing/filtered-annotated-VCFs/file_list.txt
    resources: tmpdir=/tmp

Activating conda environment: Rtools-1.1
Full Traceback (most recent call last):
  File "/usr/share/millerlab/snakemake-8.16.0/lib/python3.12/site-packages/snakemake/executors/local.py", line 423, in run_wrapper
    run(
  File "/n/zanderson/SNP-plot-snake-testing/workflow/rules/make-SNP-plot.smk", line 27, in __rule_make_SNP_plot
  File "/usr/share/millerlab/snakemake-8.16.0/lib/python3.12/site-packages/snakemake/script/__init__.py", line 1563, in script
    executor.evaluate()
  File "/usr/share/millerlab/snakemake-8.16.0/lib/python3.12/site-packages/snakemake/script/__init__.py", line 454, in evaluate
    self.execute_script(fd.name, edit=edit)
  File "/usr/share/millerlab/snakemake-8.16.0/lib/python3.12/site-packages/snakemake/script/__init__.py", line 833, in execute_script
    self._execute_cmd("Rscript --vanilla {fname:q}", fname=fname)
  File "/usr/share/millerlab/snakemake-8.16.0/lib/python3.12/site-packages/snakemake/script/__init__.py", line 482, in _execute_cmd
    return shell(
           ^^^^^^
  File "/usr/share/millerlab/snakemake-8.16.0/lib/python3.12/site-packages/snakemake/shell.py", line 357, in __new__
    raise sp.CalledProcessError(retcode, cmd)
subprocess.CalledProcessError: Command 'source /usr/bin/activate 'Rtools-1.1'; set -euo pipefail;  Rscript --vanilla /n/zanderson/SNP-plot-snake-testing/.snakemake/scripts/tmpc93e5pcu.SNP-plot.R' returned non-zero exit status 1.

Full Traceback (most recent call last):
  File "/usr/share/millerlab/snakemake-8.16.0/lib/python3.12/site-packages/snakemake/executors/local.py", line 423, in run_wrapper
    run(
  File "/n/zanderson/SNP-plot-snake-testing/workflow/rules/make-SNP-plot.smk", line 27, in __rule_make_SNP_plot
  File "/usr/share/millerlab/snakemake-8.16.0/lib/python3.12/site-packages/snakemake/script/__init__.py", line 1563, in script
    executor.evaluate()
  File "/usr/share/millerlab/snakemake-8.16.0/lib/python3.12/site-packages/snakemake/script/__init__.py", line 454, in evaluate
    self.execute_script(fd.name, edit=edit)
  File "/usr/share/millerlab/snakemake-8.16.0/lib/python3.12/site-packages/snakemake/script/__init__.py", line 833, in execute_script
    self._execute_cmd("Rscript --vanilla {fname:q}", fname=fname)
  File "/usr/share/millerlab/snakemake-8.16.0/lib/python3.12/site-packages/snakemake/script/__init__.py", line 482, in _execute_cmd
    return shell(
           ^^^^^^
  File "/usr/share/millerlab/snakemake-8.16.0/lib/python3.12/site-packages/snakemake/shell.py", line 357, in __new__
    raise sp.CalledProcessError(retcode, cmd)
subprocess.CalledProcessError: Command 'source /usr/bin/activate 'Rtools-1.1'; set -euo pipefail;  Rscript --vanilla /n/zanderson/SNP-plot-snake-testing/.snakemake/scripts/tmpc93e5pcu.SNP-plot.R' returned non-zero exit status 1.

During handling of the above exception, another exception occurred:

Traceback (most recent call last):
  File "/usr/share/millerlab/snakemake-8.16.0/lib/python3.12/site-packages/snakemake/executors/local.py", line 261, in _callback
    raise ex
  File "/usr/share/millerlab/snakemake-8.16.0/lib/python3.12/concurrent/futures/thread.py", line 58, in run
    result = self.fn(*self.args, **self.kwargs)
             ^^^^^^^^^^^^^^^^^^^^^^^^^^^^^^^^^^
  File "/usr/share/millerlab/snakemake-8.16.0/lib/python3.12/site-packages/snakemake/executors/local.py", line 247, in cached_or_run
    run_func(*args)
  File "/usr/share/millerlab/snakemake-8.16.0/lib/python3.12/site-packages/snakemake/executors/local.py", line 459, in run_wrapper
    raise RuleException(
snakemake.exceptions.RuleException: CalledProcessError in file /n/zanderson/SNP-plot-snake-testing/workflow/rules/make-SNP-plot.smk, line 11:
Command 'source /usr/bin/activate 'Rtools-1.1'; set -euo pipefail;  Rscript --vanilla /n/zanderson/SNP-plot-snake-testing/.snakemake/scripts/tmpc93e5pcu.SNP-plot.R' returned non-zero exit status 1.

RuleException:
CalledProcessError in file /n/zanderson/SNP-plot-snake-testing/workflow/rules/make-SNP-plot.smk, line 11:
Command 'source /usr/bin/activate 'Rtools-1.1'; set -euo pipefail;  Rscript --vanilla /n/zanderson/SNP-plot-snake-testing/.snakemake/scripts/tmpc93e5pcu.SNP-plot.R' returned non-zero exit status 1.
[Tue Sep  3 10:30:11 2024]
Error in rule make_SNP_plot:
    jobid: 1
    input: /n/zanderson/SNP-plot-snake-testing/filtered-annotated-VCFs/file_list.txt
    output: /n/zanderson/SNP-plot-snake-testing/SNP-Plots/SNP-plot-20240903.svg
    conda-env: Rtools-1.1

Shutting down, this might take some time.
Exiting because a job execution failed. Look above for error message
Complete log: .snakemake/log/2024-09-03T103004.062383.snakemake.log
unlocking
removing lock
removing lock
removed all locks
Full Traceback (most recent call last):
  File "/usr/share/millerlab/snakemake-8.16.0/lib/python3.12/site-packages/snakemake/cli.py", line 2103, in args_to_api
    dag_api.execute_workflow(
  File "/usr/share/millerlab/snakemake-8.16.0/lib/python3.12/site-packages/snakemake/api.py", line 594, in execute_workflow
    workflow.execute(
  File "/usr/share/millerlab/snakemake-8.16.0/lib/python3.12/site-packages/snakemake/workflow.py", line 1286, in execute
    raise WorkflowError("At least one job did not complete successfully.")
snakemake_interface_common.exceptions.WorkflowError: At least one job did not complete successfully.

WorkflowError:
At least one job did not complete successfully.
