Building DAG of jobs...
shared_storage_local_copies: True
remote_exec: False
Using shell: /usr/bin/bash
Provided cores: 128
Rules claiming more threads will be scaled down.
Job stats:
job                    count
-------------------  -------
all                        1
bcftools_view              3
get_plot_files_rule        1
make_SNP_plot              1
vcf_annotate               3
vcf_filter                 3
total                     12

Resources before job selection: {'_cores': 128, '_nodes': 9223372036854775807}
Ready jobs (3)
Select jobs to execute...
Selected jobs (3)
Resources after job selection: {'_cores': 125, '_nodes': 9223372036854775804}
Execute 3 jobs...

[Tue Aug 27 13:27:26 2024]
localrule bcftools_view:
    input: /n/1000g/align-card-2.24-hg38/FIRST_100/HG03861-ONT-hg38-R9-LSK110-guppy-sup-5hmc_5mc_cg/HG03861-ONT-hg38-R9-LSK110-guppy-sup-5hmc_5mc_cg.PMDV_FINAL.phased.vcf.gz
    output: /n/zanderson/SNP-plot-snake/parsed-VCFs/HG03861-ONT-hg38-R9-LSK110-guppy-sup-5hmc_5mc_cg.PMDV_FINAL_parsed.vcf
    jobid: 11
    reason: Forced execution
    wildcards: sample=HG03861-ONT-hg38-R9-LSK110-guppy-sup-5hmc_5mc_cg
    resources: tmpdir=/tmp


        bcftools view -R /n/zanderson/SNP-plot-snake/gene_coordinates.txt /n/1000g/align-card-2.24-hg38/FIRST_100/HG03861-ONT-hg38-R9-LSK110-guppy-sup-5hmc_5mc_cg/HG03861-ONT-hg38-R9-LSK110-guppy-sup-5hmc_5mc_cg.PMDV_FINAL.phased.vcf.gz | bgzip > /n/zanderson/SNP-plot-snake/parsed-VCFs/HG03861-ONT-hg38-R9-LSK110-guppy-sup-5hmc_5mc_cg.PMDV_FINAL_parsed.vcf
        bcftools index /n/zanderson/SNP-plot-snake/parsed-VCFs/HG03861-ONT-hg38-R9-LSK110-guppy-sup-5hmc_5mc_cg.PMDV_FINAL_parsed.vcf
        
Activating conda environment: bcftools-1.19

[Tue Aug 27 13:27:26 2024]
localrule bcftools_view:
    input: /n/1000g/align-card-2.24-hg38/FIRST_100/HG02409-ONT-hg38-R9-LSK110-guppy-sup-5mC/HG02409-ONT-hg38-R9-LSK110-guppy-sup-5mC.PMDV_FINAL.phased.vcf.gz
    output: /n/zanderson/SNP-plot-snake/parsed-VCFs/HG02409-ONT-hg38-R9-LSK110-guppy-sup-5mC.PMDV_FINAL_parsed.vcf
    jobid: 8
    reason: Forced execution
    wildcards: sample=HG02409-ONT-hg38-R9-LSK110-guppy-sup-5mC
    resources: tmpdir=/tmp


        bcftools view -R /n/zanderson/SNP-plot-snake/gene_coordinates.txt /n/1000g/align-card-2.24-hg38/FIRST_100/HG02409-ONT-hg38-R9-LSK110-guppy-sup-5mC/HG02409-ONT-hg38-R9-LSK110-guppy-sup-5mC.PMDV_FINAL.phased.vcf.gz | bgzip > /n/zanderson/SNP-plot-snake/parsed-VCFs/HG02409-ONT-hg38-R9-LSK110-guppy-sup-5mC.PMDV_FINAL_parsed.vcf
        bcftools index /n/zanderson/SNP-plot-snake/parsed-VCFs/HG02409-ONT-hg38-R9-LSK110-guppy-sup-5mC.PMDV_FINAL_parsed.vcf
        
Activating conda environment: bcftools-1.19

[Tue Aug 27 13:27:26 2024]
localrule bcftools_view:
    input: /n/1000g/align-card-2.24-hg38/FIRST_100/GM18876-ONT-hg38-R9-LSK110-guppy-sup-5mC/GM18876-ONT-hg38-R9-LSK110-guppy-sup-5mC.PMDV_FINAL.phased.vcf.gz
    output: /n/zanderson/SNP-plot-snake/parsed-VCFs/GM18876-ONT-hg38-R9-LSK110-guppy-sup-5mC.PMDV_FINAL_parsed.vcf
    jobid: 5
    reason: Forced execution
    wildcards: sample=GM18876-ONT-hg38-R9-LSK110-guppy-sup-5mC
    resources: tmpdir=/tmp


        bcftools view -R /n/zanderson/SNP-plot-snake/gene_coordinates.txt /n/1000g/align-card-2.24-hg38/FIRST_100/GM18876-ONT-hg38-R9-LSK110-guppy-sup-5mC/GM18876-ONT-hg38-R9-LSK110-guppy-sup-5mC.PMDV_FINAL.phased.vcf.gz | bgzip > /n/zanderson/SNP-plot-snake/parsed-VCFs/GM18876-ONT-hg38-R9-LSK110-guppy-sup-5mC.PMDV_FINAL_parsed.vcf
        bcftools index /n/zanderson/SNP-plot-snake/parsed-VCFs/GM18876-ONT-hg38-R9-LSK110-guppy-sup-5mC.PMDV_FINAL_parsed.vcf
        
Activating conda environment: bcftools-1.19
Completion of job ['bcftools_view'] reported to scheduler.
jobs registered as running before removal {bcftools_view, bcftools_view, bcftools_view}
[Tue Aug 27 13:27:27 2024]
Finished job 8.
1 of 12 steps (8%) done
Resources before job selection: {'_cores': 126, '_nodes': 9223372036854775805}
Completion of job ['bcftools_view'] reported to scheduler.
Ready jobs (1)
Completion of job ['bcftools_view'] reported to scheduler.
Select jobs to execute...
Using greedy selector because only single job has to be scheduled.
Selected jobs (1)
Resources after job selection: {'_cores': 125, '_nodes': 9223372036854775804}
Execute 1 jobs...

[Tue Aug 27 13:27:27 2024]
localrule vcf_annotate:
    input: /n/zanderson/SNP-plot-snake/parsed-VCFs/HG02409-ONT-hg38-R9-LSK110-guppy-sup-5mC.PMDV_FINAL_parsed.vcf
    output: /n/zanderson/SNP-plot-snake/annotated-VCFs/HG02409-ONT-hg38-R9-LSK110-guppy-sup-5mC.annotated.vcf
    jobid: 7
    reason: Forced execution
    wildcards: sample=HG02409-ONT-hg38-R9-LSK110-guppy-sup-5mC
    resources: tmpdir=/tmp


        bedtools intersect -a /n/zanderson/SNP-plot-snake/parsed-VCFs/HG02409-ONT-hg38-R9-LSK110-guppy-sup-5mC.PMDV_FINAL_parsed.vcf -b /n/zanderson/3_ENSEMBL_CANONICAL_EXON_in_PROTEIN_CODING_GENE_minus_UTR_gencode.v45.annotation.gtf -wa -wb | awk 'BEGIN {OFS="	"} {print $1, $2, $3, $4, $5, $6, $7, $8, $9, $10, $15, $16}' > /n/zanderson/SNP-plot-snake/annotated-VCFs/HG02409-ONT-hg38-R9-LSK110-guppy-sup-5mC.annotated.vcf 
        
Activating conda environment: bedtools-2.31.1
jobs registered as running before removal {bcftools_view, vcf_annotate, bcftools_view}
[Tue Aug 27 13:27:27 2024]
Finished job 5.
2 of 12 steps (17%) done
jobs registered as running before removal {bcftools_view, vcf_annotate}
[Tue Aug 27 13:27:27 2024]
Finished job 11.
3 of 12 steps (25%) done
Resources before job selection: {'_cores': 127, '_nodes': 9223372036854775806}
Ready jobs (2)
Select jobs to execute...
Selected jobs (2)
Resources after job selection: {'_cores': 125, '_nodes': 9223372036854775804}
Execute 2 jobs...

[Tue Aug 27 13:27:27 2024]
localrule vcf_annotate:
    input: /n/zanderson/SNP-plot-snake/parsed-VCFs/HG03861-ONT-hg38-R9-LSK110-guppy-sup-5hmc_5mc_cg.PMDV_FINAL_parsed.vcf
    output: /n/zanderson/SNP-plot-snake/annotated-VCFs/HG03861-ONT-hg38-R9-LSK110-guppy-sup-5hmc_5mc_cg.annotated.vcf
    jobid: 10
    reason: Forced execution
    wildcards: sample=HG03861-ONT-hg38-R9-LSK110-guppy-sup-5hmc_5mc_cg
    resources: tmpdir=/tmp


        bedtools intersect -a /n/zanderson/SNP-plot-snake/parsed-VCFs/HG03861-ONT-hg38-R9-LSK110-guppy-sup-5hmc_5mc_cg.PMDV_FINAL_parsed.vcf -b /n/zanderson/3_ENSEMBL_CANONICAL_EXON_in_PROTEIN_CODING_GENE_minus_UTR_gencode.v45.annotation.gtf -wa -wb | awk 'BEGIN {OFS="	"} {print $1, $2, $3, $4, $5, $6, $7, $8, $9, $10, $15, $16}' > /n/zanderson/SNP-plot-snake/annotated-VCFs/HG03861-ONT-hg38-R9-LSK110-guppy-sup-5hmc_5mc_cg.annotated.vcf 
        
Activating conda environment: bedtools-2.31.1

[Tue Aug 27 13:27:27 2024]
localrule vcf_annotate:
    input: /n/zanderson/SNP-plot-snake/parsed-VCFs/GM18876-ONT-hg38-R9-LSK110-guppy-sup-5mC.PMDV_FINAL_parsed.vcf
    output: /n/zanderson/SNP-plot-snake/annotated-VCFs/GM18876-ONT-hg38-R9-LSK110-guppy-sup-5mC.annotated.vcf
    jobid: 4
    reason: Forced execution
    wildcards: sample=GM18876-ONT-hg38-R9-LSK110-guppy-sup-5mC
    resources: tmpdir=/tmp


        bedtools intersect -a /n/zanderson/SNP-plot-snake/parsed-VCFs/GM18876-ONT-hg38-R9-LSK110-guppy-sup-5mC.PMDV_FINAL_parsed.vcf -b /n/zanderson/3_ENSEMBL_CANONICAL_EXON_in_PROTEIN_CODING_GENE_minus_UTR_gencode.v45.annotation.gtf -wa -wb | awk 'BEGIN {OFS="	"} {print $1, $2, $3, $4, $5, $6, $7, $8, $9, $10, $15, $16}' > /n/zanderson/SNP-plot-snake/annotated-VCFs/GM18876-ONT-hg38-R9-LSK110-guppy-sup-5mC.annotated.vcf 
        
Activating conda environment: bedtools-2.31.1
Completion of job ['vcf_annotate'] reported to scheduler.
jobs registered as running before removal {vcf_annotate, vcf_annotate, vcf_annotate}
[Tue Aug 27 13:27:28 2024]
Finished job 4.
4 of 12 steps (33%) done
Resources before job selection: {'_cores': 126, '_nodes': 9223372036854775805}
Completion of job ['vcf_annotate'] reported to scheduler.
Ready jobs (1)
Select jobs to execute...
Using greedy selector because only single job has to be scheduled.
Completion of job ['vcf_annotate'] reported to scheduler.
Selected jobs (1)
Resources after job selection: {'_cores': 125, '_nodes': 9223372036854775804}
Execute 1 jobs...

[Tue Aug 27 13:27:28 2024]
localrule vcf_filter:
    input: /n/zanderson/SNP-plot-snake/annotated-VCFs/GM18876-ONT-hg38-R9-LSK110-guppy-sup-5mC.annotated.vcf
    output: /n/zanderson/SNP-plot-snake/filtered-annotated-VCFs/GM18876-ONT-hg38-R9-LSK110-guppy-sup-5mC.annotated.filtered.bed
    jobid: 3
    reason: Forced execution
    wildcards: sample=GM18876-ONT-hg38-R9-LSK110-guppy-sup-5mC
    resources: tmpdir=/tmp


        awk '($6 >= 5 && $7 == "PASS") || ($7 == "refCall")' /n/zanderson/SNP-plot-snake/annotated-VCFs/GM18876-ONT-hg38-R9-LSK110-guppy-sup-5mC.annotated.vcf > /n/zanderson/SNP-plot-snake/filtered-annotated-VCFs/GM18876-ONT-hg38-R9-LSK110-guppy-sup-5mC.annotated.filtered.bed
        
jobs registered as running before removal {vcf_filter, vcf_annotate, vcf_annotate}
[Tue Aug 27 13:27:28 2024]
Finished job 10.
5 of 12 steps (42%) done
jobs registered as running before removal {vcf_filter, vcf_annotate}
[Tue Aug 27 13:27:28 2024]
Finished job 7.
6 of 12 steps (50%) done
Resources before job selection: {'_cores': 127, '_nodes': 9223372036854775806}
Ready jobs (2)
Select jobs to execute...
Completion of job ['vcf_filter'] reported to scheduler.
Selected jobs (2)
Resources after job selection: {'_cores': 125, '_nodes': 9223372036854775804}
Execute 2 jobs...

[Tue Aug 27 13:27:28 2024]
localrule vcf_filter:
    input: /n/zanderson/SNP-plot-snake/annotated-VCFs/HG02409-ONT-hg38-R9-LSK110-guppy-sup-5mC.annotated.vcf
    output: /n/zanderson/SNP-plot-snake/filtered-annotated-VCFs/HG02409-ONT-hg38-R9-LSK110-guppy-sup-5mC.annotated.filtered.bed
    jobid: 6
    reason: Forced execution
    wildcards: sample=HG02409-ONT-hg38-R9-LSK110-guppy-sup-5mC
    resources: tmpdir=/tmp


        awk '($6 >= 5 && $7 == "PASS") || ($7 == "refCall")' /n/zanderson/SNP-plot-snake/annotated-VCFs/HG02409-ONT-hg38-R9-LSK110-guppy-sup-5mC.annotated.vcf > /n/zanderson/SNP-plot-snake/filtered-annotated-VCFs/HG02409-ONT-hg38-R9-LSK110-guppy-sup-5mC.annotated.filtered.bed
        

[Tue Aug 27 13:27:28 2024]
localrule vcf_filter:
    input: /n/zanderson/SNP-plot-snake/annotated-VCFs/HG03861-ONT-hg38-R9-LSK110-guppy-sup-5hmc_5mc_cg.annotated.vcf
    output: /n/zanderson/SNP-plot-snake/filtered-annotated-VCFs/HG03861-ONT-hg38-R9-LSK110-guppy-sup-5hmc_5mc_cg.annotated.filtered.bed
    jobid: 9
    reason: Forced execution
    wildcards: sample=HG03861-ONT-hg38-R9-LSK110-guppy-sup-5hmc_5mc_cg
    resources: tmpdir=/tmp


        awk '($6 >= 5 && $7 == "PASS") || ($7 == "refCall")' /n/zanderson/SNP-plot-snake/annotated-VCFs/HG03861-ONT-hg38-R9-LSK110-guppy-sup-5hmc_5mc_cg.annotated.vcf > /n/zanderson/SNP-plot-snake/filtered-annotated-VCFs/HG03861-ONT-hg38-R9-LSK110-guppy-sup-5hmc_5mc_cg.annotated.filtered.bed
        
jobs registered as running before removal {vcf_filter, vcf_filter, vcf_filter}
[Tue Aug 27 13:27:28 2024]
Finished job 3.
7 of 12 steps (58%) done
Completion of job ['vcf_filter'] reported to scheduler.
jobs registered as running before removal {vcf_filter, vcf_filter}
[Tue Aug 27 13:27:28 2024]
Finished job 6.
8 of 12 steps (67%) done
Completion of job ['vcf_filter'] reported to scheduler.
jobs registered as running before removal {vcf_filter}
[Tue Aug 27 13:27:28 2024]
Finished job 9.
9 of 12 steps (75%) done
Resources before job selection: {'_cores': 128, '_nodes': 9223372036854775807}
Ready jobs (1)
Select jobs to execute...
Using greedy selector because only single job has to be scheduled.
Selected jobs (1)
Resources after job selection: {'_cores': 127, '_nodes': 9223372036854775806}
Execute 1 jobs...

[Tue Aug 27 13:27:28 2024]
localrule get_plot_files_rule:
    input: /n/zanderson/SNP-plot-snake/filtered-annotated-VCFs/GM18876-ONT-hg38-R9-LSK110-guppy-sup-5mC.annotated.filtered.bed, /n/zanderson/SNP-plot-snake/filtered-annotated-VCFs/HG02409-ONT-hg38-R9-LSK110-guppy-sup-5mC.annotated.filtered.bed, /n/zanderson/SNP-plot-snake/filtered-annotated-VCFs/HG03861-ONT-hg38-R9-LSK110-guppy-sup-5hmc_5mc_cg.annotated.filtered.bed
    output: /n/zanderson/SNP-plot-snake/filtered-annotated-VCFs/file_list.txt
    jobid: 2
    reason: Forced execution
    resources: tmpdir=/tmp

Activating conda environment: iPython-8.15.0
Completion of job ['get_plot_files_rule'] reported to scheduler.
jobs registered as running before removal {get_plot_files_rule}
[Tue Aug 27 13:27:29 2024]
Finished job 2.
10 of 12 steps (83%) done
Resources before job selection: {'_cores': 128, '_nodes': 9223372036854775807}
Ready jobs (1)
Select jobs to execute...
Using greedy selector because only single job has to be scheduled.
Selected jobs (1)
Resources after job selection: {'_cores': 127, '_nodes': 9223372036854775806}
Execute 1 jobs...

[Tue Aug 27 13:27:29 2024]
localrule make_SNP_plot:
    input: /n/zanderson/SNP-plot-snake/filtered-annotated-VCFs/file_list.txt, /n/zanderson/SNP-plot-snake/1000G_Sample_Demographic_Info.txt
    output: /n/zanderson/SNP-plot-snake/SNP-Plots/SNP-plot-20240827.svg
    jobid: 1
    reason: Forced execution
    resources: tmpdir=/tmp

Activating conda environment: Rtools-1.1
Completion of job ['make_SNP_plot'] reported to scheduler.
jobs registered as running before removal {make_SNP_plot}
[Tue Aug 27 13:27:36 2024]
Finished job 1.
11 of 12 steps (92%) done
Resources before job selection: {'_cores': 128, '_nodes': 9223372036854775807}
Ready jobs (1)
Select jobs to execute...
Using greedy selector because only single job has to be scheduled.
Selected jobs (1)
Resources after job selection: {'_cores': 127, '_nodes': 9223372036854775806}
Execute 1 jobs...

[Tue Aug 27 13:27:36 2024]
localrule all:
    input: /n/zanderson/SNP-plot-snake/SNP-Plots/SNP-plot-20240827.svg
    jobid: 0
    reason: Forced execution
    resources: tmpdir=/tmp

Completion of job ['all'] reported to scheduler.
jobs registered as running before removal {all}
[Tue Aug 27 13:27:36 2024]
Finished job 0.
12 of 12 steps (100%) done
Complete log: .snakemake/log/2024-08-27T132726.202768.snakemake.log
unlocking
removing lock
removing lock
removed all locks
