Building DAG of jobs...
Using shell: /usr/bin/bash
Provided cores: 2
Rules claiming more threads will be scaled down.
Job stats:
job              count
-------------  -------
all                  1
make_SNP_plot        1
total                2

Select jobs to execute...
Execute 1 jobs...

[Wed Sep 25 09:44:46 2024]
localrule make_SNP_plot:
    input: /n/zanderson/SNP-plot-snake-testing/filtered-annotated-VCFs/file_list.txt
    output: /n/zanderson/SNP-plot-snake-testing/SNP-Plots/OPN1LW_OPN1MW_V3-SNP-PLOT.svg
    jobid: 1
    reason: Missing output files: /n/zanderson/SNP-plot-snake-testing/SNP-Plots/OPN1LW_OPN1MW_V3-SNP-PLOT.svg
    resources: tmpdir=/tmp

Activating conda environment: Rtools-1.1
[Wed Sep 25 09:44:48 2024]
Finished job 1.
1 of 2 steps (50%) done
Select jobs to execute...
Execute 1 jobs...

[Wed Sep 25 09:44:48 2024]
localrule all:
    input: /n/zanderson/SNP-plot-snake-testing/SNP-Plots/OPN1LW_OPN1MW_V3-SNP-PLOT.svg, /n/1000g/align-card-2.24-hg38/FIRST_100/HG01372-ONT-hg38-R9-LSK110-guppy-sup-5mC/HG01372-ONT-hg38-R9-LSK110-guppy-sup-5mC.PMDV_FINAL.phased.vcf.gz, /n/1000g/align-card-2.24-hg38/FIRST_100/HG03121-ONT-hg38-R9-LSK110-guppy-sup-5hmc_5mc_cg/HG03121-ONT-hg38-R9-LSK110-guppy-sup-5hmc_5mc_cg.PMDV_FINAL.phased.vcf.gz, /n/1000g/align-card-2.24-hg38/FIRST_100/HG00728-ONT-hg38-R9-LSK110-guppy-sup-5mC/HG00728-ONT-hg38-R9-LSK110-guppy-sup-5mC.PMDV_FINAL.phased.vcf.gz, /n/1000g/align-card-2.24-hg38/FIRST_100/HG00151-ONT-hg38-R9-LSK110-guppy-sup-5mC/HG00151-ONT-hg38-R9-LSK110-guppy-sup-5mC.PMDV_FINAL.phased.vcf.gz, /n/1000g/align-card-2.24-hg38/FIRST_100/HG03774-ONT-hg38-R9-LSK110-guppy-sup-5mC/HG03774-ONT-hg38-R9-LSK110-guppy-sup-5mC.PMDV_FINAL.phased.vcf.gz
    jobid: 0
    reason: Input files updated by another job: /n/zanderson/SNP-plot-snake-testing/SNP-Plots/OPN1LW_OPN1MW_V3-SNP-PLOT.svg
    resources: tmpdir=/tmp

[Wed Sep 25 09:44:48 2024]
Finished job 0.
2 of 2 steps (100%) done
Complete log: .snakemake/log/2024-09-25T094439.613271.snakemake.log
