Building DAG of jobs...
Using shell: /usr/bin/bash
Provided cores: 2
Rules claiming more threads will be scaled down.
Job stats:
job                          count
-------------------------  -------
all                              1
delete_filtered_annot_vcf        1
get_plot_files_rule              1
make_SNP_plot                    1
vcf_filter                       1
total                            5

Select jobs to execute...
Execute 1 jobs...

[Wed Sep 25 13:39:38 2024]
localrule vcf_filter:
    input: /n/zanderson/SNP-plot-snake-testing/annotated-VCFs/M1009-NP-WGS-unsolved-SKD-ZTTK.annotated.vcf
    output: /n/zanderson/SNP-plot-snake-testing/filtered-annotated-VCFs/M1009-NP-WGS-unsolved-SKD-ZTTK.annotated.filtered.bed
    jobid: 3
    reason: Missing output files: /n/zanderson/SNP-plot-snake-testing/filtered-annotated-VCFs/M1009-NP-WGS-unsolved-SKD-ZTTK.annotated.filtered.bed
    wildcards: sample=M1009-NP-WGS-unsolved-SKD-ZTTK
    resources: tmpdir=/tmp

[Wed Sep 25 13:39:38 2024]
Finished job 3.
1 of 5 steps (20%) done
Select jobs to execute...
Execute 1 jobs...

[Wed Sep 25 13:39:38 2024]
localrule get_plot_files_rule:
    input: /n/zanderson/SNP-plot-snake-testing/filtered-annotated-VCFs/M1009-NP-WGS-unsolved-SKD-ZTTK.annotated.filtered.bed
    output: /n/zanderson/SNP-plot-snake-testing/filtered-annotated-VCFs/file_list.txt
    jobid: 2
    reason: Missing output files: /n/zanderson/SNP-plot-snake-testing/filtered-annotated-VCFs/file_list.txt; Input files updated by another job: /n/zanderson/SNP-plot-snake-testing/filtered-annotated-VCFs/M1009-NP-WGS-unsolved-SKD-ZTTK.annotated.filtered.bed
    resources: tmpdir=/tmp

Activating conda environment: iPython-8.15.0
[Wed Sep 25 13:39:39 2024]
Finished job 2.
2 of 5 steps (40%) done
Select jobs to execute...
Execute 1 jobs...

[Wed Sep 25 13:39:39 2024]
localrule make_SNP_plot:
    input: /n/zanderson/SNP-plot-snake-testing/filtered-annotated-VCFs/file_list.txt
    output: /n/zanderson/SNP-plot-snake-testing/SNP-Plots/OPN1LW_OPN1MW_M1009-SNP-PLOT.svg
    jobid: 1
    reason: Missing output files: /n/zanderson/SNP-plot-snake-testing/SNP-Plots/OPN1LW_OPN1MW_M1009-SNP-PLOT.svg; Input files updated by another job: /n/zanderson/SNP-plot-snake-testing/filtered-annotated-VCFs/file_list.txt
    resources: tmpdir=/tmp

Activating conda environment: Rtools-1.1
[Wed Sep 25 13:39:42 2024]
Finished job 1.
3 of 5 steps (60%) done
Select jobs to execute...
Execute 1 jobs...

[Wed Sep 25 13:39:42 2024]
localrule delete_filtered_annot_vcf:
    input: /n/zanderson/SNP-plot-snake-testing/SNP-Plots/OPN1LW_OPN1MW_M1009-SNP-PLOT.svg
    output: deletion_done.flag
    jobid: 6
    reason: Input files updated by another job: /n/zanderson/SNP-plot-snake-testing/SNP-Plots/OPN1LW_OPN1MW_M1009-SNP-PLOT.svg
    resources: tmpdir=/tmp

[Wed Sep 25 13:39:42 2024]
Finished job 6.
4 of 5 steps (80%) done
Select jobs to execute...
Execute 1 jobs...

[Wed Sep 25 13:39:42 2024]
localrule all:
    input: /n/zanderson/SNP-plot-snake-testing/SNP-Plots/OPN1LW_OPN1MW_M1009-SNP-PLOT.svg, /n/alignments/unsolved/M1009-NP-WGS-unsolved-SKD-ZTTK/M1009-NP-WGS-unsolved-SKD-ZTTK.guppy646.sup.withMeth.pass.hg38.clair3.phased.vcf.gz, deletion_done.flag
    jobid: 0
    reason: Input files updated by another job: /n/zanderson/SNP-plot-snake-testing/SNP-Plots/OPN1LW_OPN1MW_M1009-SNP-PLOT.svg, deletion_done.flag
    resources: tmpdir=/tmp

[Wed Sep 25 13:39:42 2024]
Finished job 0.
5 of 5 steps (100%) done
Complete log: .snakemake/log/2024-09-25T133929.813267.snakemake.log
