Building DAG of jobs...
Using shell: /usr/bin/bash
Provided cores: 128
Rules claiming more threads will be scaled down.
Job stats:
job              count
-------------  -------
all                  1
bcftools_view        2
make_SNP_plot        1
vcf_annotate         2
vcf_filter           2
total                8

Select jobs to execute...
Execute 2 jobs...

[Fri Aug 23 11:54:53 2024]
localrule bcftools_view:
    output: /n/zanderson/SNP-plot-snake/parsed-VCFs/HG02051-ONT-hg38-R9-LSK110-guppy-sup-5hmc_5mc_cg.PMDV_FINAL_parsed.vcf
    jobid: 7
    reason: Set of input files has changed since last execution
    wildcards: sample=HG02051-ONT-hg38-R9-LSK110-guppy-sup-5hmc_5mc_cg
    resources: tmpdir=/tmp


        bcftools view -R /n/zanderson/SNP-plot-snake/gene_coordinates.txt  | bgzip > /n/zanderson/SNP-plot-snake/parsed-VCFs/HG02051-ONT-hg38-R9-LSK110-guppy-sup-5hmc_5mc_cg.PMDV_FINAL_parsed.vcf
        bcftools index /n/zanderson/SNP-plot-snake/parsed-VCFs/HG02051-ONT-hg38-R9-LSK110-guppy-sup-5hmc_5mc_cg.PMDV_FINAL_parsed.vcf
        
Activating conda environment: bcftools-1.19

[Fri Aug 23 11:54:53 2024]
localrule bcftools_view:
    output: /n/zanderson/SNP-plot-snake/parsed-VCFs/HG00599-ONT-hg38-R9-LSK110-guppy-sup-5hmc_5mc_cg.PMDV_FINAL_parsed.vcf
    jobid: 4
    reason: Set of input files has changed since last execution
    wildcards: sample=HG00599-ONT-hg38-R9-LSK110-guppy-sup-5hmc_5mc_cg
    resources: tmpdir=/tmp


        bcftools view -R /n/zanderson/SNP-plot-snake/gene_coordinates.txt  | bgzip > /n/zanderson/SNP-plot-snake/parsed-VCFs/HG00599-ONT-hg38-R9-LSK110-guppy-sup-5hmc_5mc_cg.PMDV_FINAL_parsed.vcf
        bcftools index /n/zanderson/SNP-plot-snake/parsed-VCFs/HG00599-ONT-hg38-R9-LSK110-guppy-sup-5hmc_5mc_cg.PMDV_FINAL_parsed.vcf
        
Activating conda environment: bcftools-1.19
[Fri Aug 23 11:54:53 2024]
Error in rule bcftools_view:
    jobid: 7
    output: /n/zanderson/SNP-plot-snake/parsed-VCFs/HG02051-ONT-hg38-R9-LSK110-guppy-sup-5hmc_5mc_cg.PMDV_FINAL_parsed.vcf
    conda-env: bcftools-1.19
    shell:
        
        bcftools view -R /n/zanderson/SNP-plot-snake/gene_coordinates.txt  | bgzip > /n/zanderson/SNP-plot-snake/parsed-VCFs/HG02051-ONT-hg38-R9-LSK110-guppy-sup-5hmc_5mc_cg.PMDV_FINAL_parsed.vcf
        bcftools index /n/zanderson/SNP-plot-snake/parsed-VCFs/HG02051-ONT-hg38-R9-LSK110-guppy-sup-5hmc_5mc_cg.PMDV_FINAL_parsed.vcf
        
        (one of the commands exited with non-zero exit code; note that snakemake uses bash strict mode!)

[Fri Aug 23 11:54:53 2024]
Error in rule bcftools_view:
    jobid: 4
    output: /n/zanderson/SNP-plot-snake/parsed-VCFs/HG00599-ONT-hg38-R9-LSK110-guppy-sup-5hmc_5mc_cg.PMDV_FINAL_parsed.vcf
    conda-env: bcftools-1.19
    shell:
        
        bcftools view -R /n/zanderson/SNP-plot-snake/gene_coordinates.txt  | bgzip > /n/zanderson/SNP-plot-snake/parsed-VCFs/HG00599-ONT-hg38-R9-LSK110-guppy-sup-5hmc_5mc_cg.PMDV_FINAL_parsed.vcf
        bcftools index /n/zanderson/SNP-plot-snake/parsed-VCFs/HG00599-ONT-hg38-R9-LSK110-guppy-sup-5hmc_5mc_cg.PMDV_FINAL_parsed.vcf
        
        (one of the commands exited with non-zero exit code; note that snakemake uses bash strict mode!)

Removing output files of failed job bcftools_view since they might be corrupted:
/n/zanderson/SNP-plot-snake/parsed-VCFs/HG02051-ONT-hg38-R9-LSK110-guppy-sup-5hmc_5mc_cg.PMDV_FINAL_parsed.vcf
Removing output files of failed job bcftools_view since they might be corrupted:
/n/zanderson/SNP-plot-snake/parsed-VCFs/HG00599-ONT-hg38-R9-LSK110-guppy-sup-5hmc_5mc_cg.PMDV_FINAL_parsed.vcf
Shutting down, this might take some time.
Exiting because a job execution failed. Look above for error message
Complete log: .snakemake/log/2024-08-23T115452.577089.snakemake.log
WorkflowError:
At least one job did not complete successfully.
