Building DAG of jobs...
Using shell: /usr/bin/bash
Provided cores: 1 (use --cores to define parallelism)
Rules claiming more threads will be scaled down.
Job stats:
job                          count
-------------------------  -------
all                              1
bcftools_view                    1
delete_filtered_annot_vcf        1
get_plot_files_rule              1
make_SNP_plot                    1
vcf_annotate                     1
vcf_filter                       1
total                            7

Select jobs to execute...
Execute 1 jobs...

[Tue Oct 22 09:47:58 2024]
localrule bcftools_view:
    input: /n/alignments/ASPA_CHOP/RDN0272-00_PacBio_aspa_canavan_wgs/RDN0272-00_PacBio_aspa_canavan_wgs.vcf.gz
    output: /n/zanderson/SNP-plot-snake-testing/parsed-VCFs/RDN0272-00_PacBio_aspa_canavan_wgs.parsed.vcf.gz
    jobid: 5
    reason: Missing output files: /n/zanderson/SNP-plot-snake-testing/parsed-VCFs/RDN0272-00_PacBio_aspa_canavan_wgs.parsed.vcf.gz; Updated input files: /n/alignments/ASPA_CHOP/RDN0272-00_PacBio_aspa_canavan_wgs/RDN0272-00_PacBio_aspa_canavan_wgs.vcf.gz
    wildcards: sample=RDN0272-00_PacBio_aspa_canavan_wgs
    resources: tmpdir=/tmp


            bcftools view -R config/gene_coordinates.txt /n/alignments/ASPA_CHOP/RDN0272-00_PacBio_aspa_canavan_wgs/RDN0272-00_PacBio_aspa_canavan_wgs.vcf.gz > /n/zanderson/SNP-plot-snake-testing/parsed-VCFs/RDN0272-00_PacBio_aspa_canavan_wgs.parsed.vcf.gz.tmp
            bgzip /n/zanderson/SNP-plot-snake-testing/parsed-VCFs/RDN0272-00_PacBio_aspa_canavan_wgs.parsed.vcf.gz.tmp 
            mv /n/zanderson/SNP-plot-snake-testing/parsed-VCFs/RDN0272-00_PacBio_aspa_canavan_wgs.parsed.vcf.gz.tmp.gz /n/zanderson/SNP-plot-snake-testing/parsed-VCFs/RDN0272-00_PacBio_aspa_canavan_wgs.parsed.vcf.gz
            bcftools index /n/zanderson/SNP-plot-snake-testing/parsed-VCFs/RDN0272-00_PacBio_aspa_canavan_wgs.parsed.vcf.gz
        
Activating conda environment: bcftools-1.19
[Tue Oct 22 09:47:59 2024]
Error in rule bcftools_view:
    jobid: 5
    input: /n/alignments/ASPA_CHOP/RDN0272-00_PacBio_aspa_canavan_wgs/RDN0272-00_PacBio_aspa_canavan_wgs.vcf.gz
    output: /n/zanderson/SNP-plot-snake-testing/parsed-VCFs/RDN0272-00_PacBio_aspa_canavan_wgs.parsed.vcf.gz
    conda-env: bcftools-1.19
    shell:
        
            bcftools view -R config/gene_coordinates.txt /n/alignments/ASPA_CHOP/RDN0272-00_PacBio_aspa_canavan_wgs/RDN0272-00_PacBio_aspa_canavan_wgs.vcf.gz > /n/zanderson/SNP-plot-snake-testing/parsed-VCFs/RDN0272-00_PacBio_aspa_canavan_wgs.parsed.vcf.gz.tmp
            bgzip /n/zanderson/SNP-plot-snake-testing/parsed-VCFs/RDN0272-00_PacBio_aspa_canavan_wgs.parsed.vcf.gz.tmp 
            mv /n/zanderson/SNP-plot-snake-testing/parsed-VCFs/RDN0272-00_PacBio_aspa_canavan_wgs.parsed.vcf.gz.tmp.gz /n/zanderson/SNP-plot-snake-testing/parsed-VCFs/RDN0272-00_PacBio_aspa_canavan_wgs.parsed.vcf.gz
            bcftools index /n/zanderson/SNP-plot-snake-testing/parsed-VCFs/RDN0272-00_PacBio_aspa_canavan_wgs.parsed.vcf.gz
        
        (one of the commands exited with non-zero exit code; note that snakemake uses bash strict mode!)

Exiting because a job execution failed. Look above for error message
Complete log: .snakemake/log/2024-10-22T094758.749538.snakemake.log
WorkflowError:
At least one job did not complete successfully.
