Building DAG of jobs...
Using shell: /usr/bin/bash
Provided cores: 128
Rules claiming more threads will be scaled down.
Job stats:
job              count
-------------  -------
all                  1
make_SNP_plot        1
total                2

Select jobs to execute...
Execute 1 jobs...

[Fri Aug 23 11:32:00 2024]
localrule make_SNP_plot:
    input: /n/zanderson/SNP-plot-snake/filtered-annotated-VCFs/HG00599-ONT-hg38-R9-LSK110-guppy-sup-5hmc_5mc_cg.annotated.filtered.bed, /n/zanderson/SNP-plot-snake/filtered-annotated-VCFs/HG02051-ONT-hg38-R9-LSK110-guppy-sup-5hmc_5mc_cg.annotated.filtered.bed, /n/zanderson/SNP-plot-snake/1000G_Sample_Demographic_Info.txt
    output: /n/zanderson/SNP-plot-snake/SNP-Plots/SNP-plot-20240822.svg
    jobid: 1
    reason: Code has changed since last execution
    resources: tmpdir=/tmp

Activating conda environment: Rtools-1.1
RuleException:
CalledProcessError in file /n/zanderson/SNP-plot-snake/workflow/rules/make-SNP-plot.smk, line 10:
Command 'source /usr/bin/activate 'Rtools-1.1'; set -euo pipefail;  Rscript --vanilla /n/zanderson/SNP-plot-snake/.snakemake/scripts/tmpbbbxm8vj.SNP-plot.R' returned non-zero exit status 1.
[Fri Aug 23 11:32:01 2024]
Error in rule make_SNP_plot:
    jobid: 1
    input: /n/zanderson/SNP-plot-snake/filtered-annotated-VCFs/HG00599-ONT-hg38-R9-LSK110-guppy-sup-5hmc_5mc_cg.annotated.filtered.bed, /n/zanderson/SNP-plot-snake/filtered-annotated-VCFs/HG02051-ONT-hg38-R9-LSK110-guppy-sup-5hmc_5mc_cg.annotated.filtered.bed, /n/zanderson/SNP-plot-snake/1000G_Sample_Demographic_Info.txt
    output: /n/zanderson/SNP-plot-snake/SNP-Plots/SNP-plot-20240822.svg
    conda-env: Rtools-1.1

Shutting down, this might take some time.
Exiting because a job execution failed. Look above for error message
Complete log: .snakemake/log/2024-08-23T113154.345439.snakemake.log
WorkflowError:
At least one job did not complete successfully.
