Building DAG of jobs...
Using shell: /usr/bin/bash
Provided cores: 128
Rules claiming more threads will be scaled down.
Job stats:
job              count
-------------  -------
all                  1
bcftools_view        1
vcf_annotate         2
total                4

Select jobs to execute...
Execute 2 jobs...

[Wed Aug 21 15:41:34 2024]
localrule vcf_annotate:
    input: /n/zanderson/SNP-plot-snake/parsed-VCFs/HG00599-ONT-hg38-R9-LSK110-guppy-sup-5hmc_5mc_cg.PMDV_FINAL_parsed.vcf
    output: /n/zanderson/SNP-plot-snake/annotated-VCFs/HG00599-ONT-hg38-R9-LSK110-guppy-sup-5hmc_5mc_cg.annotated.vcf
    jobid: 1
    reason: Missing output files: /n/zanderson/SNP-plot-snake/annotated-VCFs/HG00599-ONT-hg38-R9-LSK110-guppy-sup-5hmc_5mc_cg.annotated.vcf
    wildcards: sample=HG00599-ONT-hg38-R9-LSK110-guppy-sup-5hmc_5mc_cg
    resources: tmpdir=/tmp


        bedtools intersect -a /n/zanderson/SNP-plot-snake/parsed-VCFs/HG00599-ONT-hg38-R9-LSK110-guppy-sup-5hmc_5mc_cg.PMDV_FINAL_parsed.vcf -b /n/zanderson/3_ENSEMBL_CANONICAL_EXON_in_PROTEIN_CODING_GENE_minus_UTR_gencode.v45.annotation.gtf -wa -wb | awk ' BEGIN {OFS="	"} {print $1, $2, $3, $4, $5, $6, $7, $8, $9, $10, $15, $16}' > /n/zanderson/SNP-plot-snake/annotated-VCFs/HG00599-ONT-hg38-R9-LSK110-guppy-sup-5hmc_5mc_cg.annotated.vcf 
        
Activating conda environment: bedtools-2.31.1

[Wed Aug 21 15:41:34 2024]
localrule bcftools_view:
    input: /n/1000g/align-card-2.24-hg38/FIRST_100/HG02051-ONT-hg38-R9-LSK110-guppy-sup-5hmc_5mc_cg/HG02051-ONT-hg38-R9-LSK110-guppy-sup-5hmc_5mc_cg.PMDV_FINAL.phased.vcf.gz
    output: /n/zanderson/SNP-plot-snake/parsed-VCFs/HG02051-ONT-hg38-R9-LSK110-guppy-sup-5hmc_5mc_cg.PMDV_FINAL_parsed.vcf
    jobid: 4
    reason: Missing output files: /n/zanderson/SNP-plot-snake/parsed-VCFs/HG02051-ONT-hg38-R9-LSK110-guppy-sup-5hmc_5mc_cg.PMDV_FINAL_parsed.vcf
    wildcards: sample=HG02051-ONT-hg38-R9-LSK110-guppy-sup-5hmc_5mc_cg
    resources: tmpdir=/tmp


        bcftools view -R /n/zanderson/SNP-plot-snake/gene_coordinates.txt /n/1000g/align-card-2.24-hg38/FIRST_100/HG02051-ONT-hg38-R9-LSK110-guppy-sup-5hmc_5mc_cg/HG02051-ONT-hg38-R9-LSK110-guppy-sup-5hmc_5mc_cg.PMDV_FINAL.phased.vcf.gz | bgzip > /n/zanderson/SNP-plot-snake/parsed-VCFs/HG02051-ONT-hg38-R9-LSK110-guppy-sup-5hmc_5mc_cg.PMDV_FINAL_parsed.vcf
        bcftools index /n/zanderson/SNP-plot-snake/parsed-VCFs/HG02051-ONT-hg38-R9-LSK110-guppy-sup-5hmc_5mc_cg.PMDV_FINAL_parsed.vcf
        
Activating conda environment: bcftools-1.19
[Wed Aug 21 15:41:34 2024]
Finished job 4.
1 of 4 steps (25%) done
Select jobs to execute...
Execute 1 jobs...

[Wed Aug 21 15:41:34 2024]
localrule vcf_annotate:
    input: /n/zanderson/SNP-plot-snake/parsed-VCFs/HG02051-ONT-hg38-R9-LSK110-guppy-sup-5hmc_5mc_cg.PMDV_FINAL_parsed.vcf
    output: /n/zanderson/SNP-plot-snake/annotated-VCFs/HG02051-ONT-hg38-R9-LSK110-guppy-sup-5hmc_5mc_cg.annotated.vcf
    jobid: 3
    reason: Missing output files: /n/zanderson/SNP-plot-snake/annotated-VCFs/HG02051-ONT-hg38-R9-LSK110-guppy-sup-5hmc_5mc_cg.annotated.vcf; Input files updated by another job: /n/zanderson/SNP-plot-snake/parsed-VCFs/HG02051-ONT-hg38-R9-LSK110-guppy-sup-5hmc_5mc_cg.PMDV_FINAL_parsed.vcf
    wildcards: sample=HG02051-ONT-hg38-R9-LSK110-guppy-sup-5hmc_5mc_cg
    resources: tmpdir=/tmp


        bedtools intersect -a /n/zanderson/SNP-plot-snake/parsed-VCFs/HG02051-ONT-hg38-R9-LSK110-guppy-sup-5hmc_5mc_cg.PMDV_FINAL_parsed.vcf -b /n/zanderson/3_ENSEMBL_CANONICAL_EXON_in_PROTEIN_CODING_GENE_minus_UTR_gencode.v45.annotation.gtf -wa -wb | awk ' BEGIN {OFS="	"} {print $1, $2, $3, $4, $5, $6, $7, $8, $9, $10, $15, $16}' > /n/zanderson/SNP-plot-snake/annotated-VCFs/HG02051-ONT-hg38-R9-LSK110-guppy-sup-5hmc_5mc_cg.annotated.vcf 
        
Activating conda environment: bedtools-2.31.1
[Wed Aug 21 15:41:35 2024]
Finished job 1.
2 of 4 steps (50%) done
[Wed Aug 21 15:41:35 2024]
Finished job 3.
3 of 4 steps (75%) done
Select jobs to execute...
Execute 1 jobs...

[Wed Aug 21 15:41:35 2024]
localrule all:
    input: /n/zanderson/SNP-plot-snake/annotated-VCFs/HG00599-ONT-hg38-R9-LSK110-guppy-sup-5hmc_5mc_cg.annotated.vcf, /n/zanderson/SNP-plot-snake/annotated-VCFs/HG02051-ONT-hg38-R9-LSK110-guppy-sup-5hmc_5mc_cg.annotated.vcf
    jobid: 0
    reason: Input files updated by another job: /n/zanderson/SNP-plot-snake/annotated-VCFs/HG02051-ONT-hg38-R9-LSK110-guppy-sup-5hmc_5mc_cg.annotated.vcf, /n/zanderson/SNP-plot-snake/annotated-VCFs/HG00599-ONT-hg38-R9-LSK110-guppy-sup-5hmc_5mc_cg.annotated.vcf
    resources: tmpdir=/tmp

[Wed Aug 21 15:41:35 2024]
Finished job 0.
4 of 4 steps (100%) done
Complete log: .snakemake/log/2024-08-21T154133.646308.snakemake.log
