Building DAG of jobs...
shared_storage_local_copies: True
remote_exec: False
Using shell: /usr/bin/bash
Provided cores: 128
Rules claiming more threads will be scaled down.
Job stats:
job              count
-------------  -------
all                  1
make_SNP_plot        1
total                2

Resources before job selection: {'_cores': 128, '_nodes': 9223372036854775807}
Ready jobs (1)
Select jobs to execute...
Using greedy selector because only single job has to be scheduled.
Selected jobs (1)
Resources after job selection: {'_cores': 127, '_nodes': 9223372036854775806}
Execute 1 jobs...

[Mon Aug 26 17:23:15 2024]
localrule make_SNP_plot:
    input: /n/zanderson/SNP-plot-snake/filtered-annotated-VCFs/file_list.txt, /n/zanderson/SNP-plot-snake/1000G_Sample_Demographic_Info.txt
    output: /n/zanderson/SNP-plot-snake/SNP-Plots/SNP-plot-20240826.svg
    jobid: 1
    reason: Missing output files: /n/zanderson/SNP-plot-snake/SNP-Plots/SNP-plot-20240826.svg
    resources: tmpdir=/tmp

Activating conda environment: Rtools-1.1
Completion of job ['make_SNP_plot'] reported to scheduler.
jobs registered as running before removal {make_SNP_plot}
[Mon Aug 26 17:23:30 2024]
Finished job 1.
1 of 2 steps (50%) done
Resources before job selection: {'_cores': 128, '_nodes': 9223372036854775807}
Ready jobs (1)
Select jobs to execute...
Using greedy selector because only single job has to be scheduled.
Selected jobs (1)
Resources after job selection: {'_cores': 127, '_nodes': 9223372036854775806}
Execute 1 jobs...

[Mon Aug 26 17:23:30 2024]
localrule all:
    input: /n/zanderson/SNP-plot-snake/SNP-Plots/SNP-plot-20240826.svg
    jobid: 0
    reason: Input files updated by another job: /n/zanderson/SNP-plot-snake/SNP-Plots/SNP-plot-20240826.svg
    resources: tmpdir=/tmp

Completion of job ['all'] reported to scheduler.
jobs registered as running before removal {all}
[Mon Aug 26 17:23:30 2024]
Finished job 0.
2 of 2 steps (100%) done
Complete log: .snakemake/log/2024-08-26T172312.167948.snakemake.log
unlocking
removing lock
removing lock
removed all locks
