Building DAG of jobs...
Using shell: /usr/bin/bash
Provided cores: 1 (use --cores to define parallelism)
Rules claiming more threads will be scaled down.
Job stats:
job                          count
-------------------------  -------
all                              1
delete_filtered_annot_vcf        1
get_plot_files_rule              1
make_SNP_plot                    1
vcf_filter                       1
total                            5

Select jobs to execute...
Execute 1 jobs...

[Tue Oct 22 11:15:02 2024]
localrule vcf_filter:
    input: /n/zanderson/SNP-plot-snake-testing/annotated-VCFs/RDN0272-00_PacBio_aspa_canavan_wgs.annotated.vcf
    output: /n/zanderson/SNP-plot-snake-testing/filtered-annotated-VCFs/RDN0272-00_PacBio_aspa_canavan_wgs.annotated.filtered.bed
    jobid: 3
    reason: Missing output files: /n/zanderson/SNP-plot-snake-testing/filtered-annotated-VCFs/RDN0272-00_PacBio_aspa_canavan_wgs.annotated.filtered.bed
    wildcards: sample=RDN0272-00_PacBio_aspa_canavan_wgs
    resources: tmpdir=/tmp


        filtered_vcf_temp="/n/zanderson/SNP-plot-snake-testing/filtered-annotated-VCFs/RDN0272-00_PacBio_aspa_canavan_wgs.annotated.filtered.bed.temp"
        awk 'BEGIN {OFS="	"} ($6 >= 5 && $7 == "PASS") || ($7 == "refCall")' /n/zanderson/SNP-plot-snake-testing/annotated-VCFs/RDN0272-00_PacBio_aspa_canavan_wgs.annotated.vcf > $filtered_vcf_temp
        (echo -e "CHROM	POS	ID	REF	ALT	QUAL	FILTER	INFO	FORMAT	SAMPLE	GENE"; cat $filtered_vcf_temp) > /n/zanderson/SNP-plot-snake-testing/filtered-annotated-VCFs/RDN0272-00_PacBio_aspa_canavan_wgs.annotated.filtered.bed

        rm $filtered_vcf_temp
        
[Tue Oct 22 11:15:02 2024]
Finished job 3.
1 of 5 steps (20%) done
Select jobs to execute...
Execute 1 jobs...

[Tue Oct 22 11:15:02 2024]
localrule get_plot_files_rule:
    input: /n/zanderson/SNP-plot-snake-testing/filtered-annotated-VCFs/RDN0272-00_PacBio_aspa_canavan_wgs.annotated.filtered.bed
    output: /n/zanderson/SNP-plot-snake-testing/filtered-annotated-VCFs/file_list.txt
    jobid: 2
    reason: Missing output files: /n/zanderson/SNP-plot-snake-testing/filtered-annotated-VCFs/file_list.txt; Input files updated by another job: /n/zanderson/SNP-plot-snake-testing/filtered-annotated-VCFs/RDN0272-00_PacBio_aspa_canavan_wgs.annotated.filtered.bed
    resources: tmpdir=/tmp

Activating conda environment: iPython-8.15.0
[Tue Oct 22 11:15:03 2024]
Finished job 2.
2 of 5 steps (40%) done
Select jobs to execute...
Execute 1 jobs...

[Tue Oct 22 11:15:03 2024]
localrule make_SNP_plot:
    input: /n/zanderson/SNP-plot-snake-testing/filtered-annotated-VCFs/file_list.txt
    output: /n/zanderson/SNP-plot-snake-testing/SNP-Plots/Canavan-SNP-PLOT.svg
    jobid: 1
    reason: Missing output files: /n/zanderson/SNP-plot-snake-testing/SNP-Plots/Canavan-SNP-PLOT.svg; Input files updated by another job: /n/zanderson/SNP-plot-snake-testing/filtered-annotated-VCFs/file_list.txt
    resources: tmpdir=/tmp

Activating conda environment: Rtools-1.1
RuleException:
CalledProcessError in file /n/zanderson/SNP-plot-snake-testing/workflow/rules/make-SNP-plot.smk, line 11:
Command 'source /usr/bin/activate 'Rtools-1.1'; set -euo pipefail;  Rscript --vanilla /n/zanderson/SNP-plot-snake-testing/.snakemake/scripts/tmpa_zphnwt.SNP-plot-1.R' returned non-zero exit status 1.
[Tue Oct 22 11:15:17 2024]
Error in rule make_SNP_plot:
    jobid: 1
    input: /n/zanderson/SNP-plot-snake-testing/filtered-annotated-VCFs/file_list.txt
    output: /n/zanderson/SNP-plot-snake-testing/SNP-Plots/Canavan-SNP-PLOT.svg
    conda-env: Rtools-1.1

Exiting because a job execution failed. Look above for error message
Complete log: .snakemake/log/2024-10-22T111502.367974.snakemake.log
WorkflowError:
At least one job did not complete successfully.
