Building DAG of jobs...
Using shell: /usr/bin/bash
Provided cores: 1 (use --cores to define parallelism)
Rules claiming more threads will be scaled down.
Job stats:
job                          count
-------------------------  -------
all                              1
delete_filtered_annot_vcf        1
get_plot_files_rule              1
make_SNP_plot                    1
vcf_filter                       1
total                            5

Select jobs to execute...
Execute 1 jobs...

[Tue Oct 22 11:13:48 2024]
localrule vcf_filter:
    input: /n/zanderson/SNP-plot-snake-testing/annotated-VCFs/RDN0272-00_PacBio_aspa_canavan_wgs.annotated.vcf
    output: /n/zanderson/SNP-plot-snake-testing/filtered-annotated-VCFs/RDN0272-00_PacBio_aspa_canavan_wgs.annotated.filtered.bed
    jobid: 3
    reason: Missing output files: /n/zanderson/SNP-plot-snake-testing/filtered-annotated-VCFs/RDN0272-00_PacBio_aspa_canavan_wgs.annotated.filtered.bed
    wildcards: sample=RDN0272-00_PacBio_aspa_canavan_wgs
    resources: tmpdir=/tmp


        filtered_vcf_temp="/n/zanderson/SNP-plot-snake-testing/filtered-annotated-VCFs/RDN0272-00_PacBio_aspa_canavan_wgs.annotated.filtered.bed.temp"
        awk 'BEGIN {OFS="	"} ($6 >= 5 && $7 == "PASS") || ($7 == "refCall")' /n/zanderson/SNP-plot-snake-testing/annotated-VCFs/RDN0272-00_PacBio_aspa_canavan_wgs.annotated.vcf > $filtered_vcf_temp
        (echo -e "CHROM	POS	ID	REF	ALT	QUAL	FILTER	INFO	FORMAT	SAMPLE	GENE"; cat $filtered_vcf_temp) > /n/zanderson/SNP-plot-snake-testing/filtered-annotated-VCFs/RDN0272-00_PacBio_aspa_canavan_wgs.annotated.filtered.bed

        rm $filtered_vcf_temp
        
[Tue Oct 22 11:13:48 2024]
Finished job 3.
1 of 5 steps (20%) done
Select jobs to execute...
Execute 1 jobs...

[Tue Oct 22 11:13:48 2024]
localrule get_plot_files_rule:
    input: /n/zanderson/SNP-plot-snake-testing/filtered-annotated-VCFs/RDN0272-00_PacBio_aspa_canavan_wgs.annotated.filtered.bed
    output: /n/zanderson/SNP-plot-snake-testing/filtered-annotated-VCFs/file_list.txt
    jobid: 2
    reason: Missing output files: /n/zanderson/SNP-plot-snake-testing/filtered-annotated-VCFs/file_list.txt; Input files updated by another job: /n/zanderson/SNP-plot-snake-testing/filtered-annotated-VCFs/RDN0272-00_PacBio_aspa_canavan_wgs.annotated.filtered.bed
    resources: tmpdir=/tmp

Activating conda environment: iPython-8.15.0
[Tue Oct 22 11:13:49 2024]
Finished job 2.
2 of 5 steps (40%) done
Select jobs to execute...
Execute 1 jobs...

[Tue Oct 22 11:13:49 2024]
localrule make_SNP_plot:
    input: /n/zanderson/SNP-plot-snake-testing/filtered-annotated-VCFs/file_list.txt
    output: /n/zanderson/SNP-plot-snake-testing/SNP-Plots/Canavan-SNP-PLOT.svg
    jobid: 1
    reason: Missing output files: /n/zanderson/SNP-plot-snake-testing/SNP-Plots/Canavan-SNP-PLOT.svg; Input files updated by another job: /n/zanderson/SNP-plot-snake-testing/filtered-annotated-VCFs/file_list.txt
    resources: tmpdir=/tmp

Activating conda environment: Rtools-1.1
[Tue Oct 22 11:14:10 2024]
Finished job 1.
3 of 5 steps (60%) done
Select jobs to execute...
Execute 1 jobs...

[Tue Oct 22 11:14:10 2024]
localrule delete_filtered_annot_vcf:
    input: /n/zanderson/SNP-plot-snake-testing/SNP-Plots/Canavan-SNP-PLOT.svg
    output: deletion_done.flag
    jobid: 6
    reason: Input files updated by another job: /n/zanderson/SNP-plot-snake-testing/SNP-Plots/Canavan-SNP-PLOT.svg
    resources: tmpdir=/tmp


        rm -f annotated-VCFs/HG*
        rm -f filtered-annotated-VCFs/*.annotated.filtered.bed
        rm -f filtered-annotated-VCFs/file_list.txt
        rm -f parsed-VCFs/HG*
        touch deletion_done.flag
        
[Tue Oct 22 11:14:10 2024]
Finished job 6.
4 of 5 steps (80%) done
Select jobs to execute...
Execute 1 jobs...

[Tue Oct 22 11:14:10 2024]
localrule all:
    input: /n/zanderson/SNP-plot-snake-testing/SNP-Plots/Canavan-SNP-PLOT.svg, /n/alignments/ASPA_CHOP/RDN0272-00_PacBio_aspa_canavan_wgs/RDN0272-00_PacBio_aspa_canavan_wgs.vcf.gz, deletion_done.flag
    jobid: 0
    reason: Input files updated by another job: /n/zanderson/SNP-plot-snake-testing/SNP-Plots/Canavan-SNP-PLOT.svg, deletion_done.flag
    resources: tmpdir=/tmp

[Tue Oct 22 11:14:10 2024]
Finished job 0.
5 of 5 steps (100%) done
Complete log: .snakemake/log/2024-10-22T111348.104606.snakemake.log
